<?xml version="1.0" encoding="UTF-8"?>
<testng-results skipped="1" failed="5" total="96" passed="90">
  <reporter-output>
  </reporter-output>
  <suite name="NRCS.WebPresence.Arizona by packages" duration-ms="1996917" started-at="2018-05-11T12:30:25Z" finished-at="2018-05-11T13:03:42Z">
    <groups>
    </groups>
    <test name="testcase_demo" duration-ms="1996917" started-at="2018-05-11T12:30:25Z" finished-at="2018-05-11T13:03:42Z">
      <class name="testcase_demo.Verify_HealthyForestsReserveProgram1">
        <test-method status="PASS" signature="SetUp()[pri:0, instance:testcase_demo.Verify_HealthyForestsReserveProgram1@731a74c]" name="SetUp" is-config="true" duration-ms="5742" started-at="2018-05-11T08:45:25Z" finished-at="2018-05-11T08:45:31Z">
          <reporter-output>
          </reporter-output>
        </test-method> <!-- SetUp -->
        <test-method status="PASS" signature="testHomePage()[pri:0, instance:testcase_demo.Verify_HealthyForestsReserveProgram1@731a74c]" name="testHomePage" duration-ms="13303" started-at="2018-05-11T08:45:31Z" finished-at="2018-05-11T08:45:44Z">
          <reporter-output>
          </reporter-output>
        </test-method> <!-- testHomePage -->
        <test-method status="PASS" signature="teardown()[pri:0, instance:testcase_demo.Verify_HealthyForestsReserveProgram1@731a74c]" name="teardown" is-config="true" duration-ms="6" started-at="2018-05-11T08:45:44Z" finished-at="2018-05-11T08:45:44Z">
          <reporter-output>
          </reporter-output>
        </test-method> <!-- teardown -->
      </class> <!-- testcase_demo.Verify_HealthyForestsReserveProgram1 -->
      <class name="testcase_demo.Verify_Water1">
        <test-method status="PASS" signature="SetUp()[pri:0, instance:testcase_demo.Verify_Water1@5b87ed94]" name="SetUp" is-config="true" duration-ms="5975" started-at="2018-05-11T09:01:21Z" finished-at="2018-05-11T09:01:27Z">
          <reporter-output>
          </reporter-output>
        </test-method> <!-- SetUp -->
        <test-method status="PASS" signature="testHomePage()[pri:0, instance:testcase_demo.Verify_Water1@5b87ed94]" name="testHomePage" duration-ms="4635" started-at="2018-05-11T09:01:27Z" finished-at="2018-05-11T09:01:31Z">
          <reporter-output>
          </reporter-output>
        </test-method> <!-- testHomePage -->
        <test-method status="PASS" signature="teardown()[pri:0, instance:testcase_demo.Verify_Water1@5b87ed94]" name="teardown" is-config="true" duration-ms="5" started-at="2018-05-11T09:01:31Z" finished-at="2018-05-11T09:01:31Z">
          <reporter-output>
          </reporter-output>
        </test-method> <!-- teardown -->
      </class> <!-- testcase_demo.Verify_Water1 -->
      <class name="testcase_demo.Verify_NationalResourcesInventory1">
        <test-method status="PASS" signature="SetUp()[pri:0, instance:testcase_demo.Verify_NationalResourcesInventory1@65e2dbf3]" name="SetUp" is-config="true" duration-ms="5613" started-at="2018-05-11T08:48:35Z" finished-at="2018-05-11T08:48:41Z">
          <reporter-output>
          </reporter-output>
        </test-method> <!-- SetUp -->
        <test-method status="PASS" signature="testHomePage()[pri:0, instance:testcase_demo.Verify_NationalResourcesInventory1@65e2dbf3]" name="testHomePage" duration-ms="19917" started-at="2018-05-11T08:48:41Z" finished-at="2018-05-11T08:49:01Z">
          <reporter-output>
          </reporter-output>
        </test-method> <!-- testHomePage -->
        <test-method status="PASS" signature="teardown()[pri:0, instance:testcase_demo.Verify_NationalResourcesInventory1@65e2dbf3]" name="teardown" is-config="true" duration-ms="9" started-at="2018-05-11T08:49:01Z" finished-at="2018-05-11T08:49:01Z">
          <reporter-output>
          </reporter-output>
        </test-method> <!-- teardown -->
      </class> <!-- testcase_demo.Verify_NationalResourcesInventory1 -->
      <class name="testcase_demo.Verify_WatershedOperations1">
        <test-method status="PASS" signature="SetUp()[pri:0, instance:testcase_demo.Verify_WatershedOperations1@185d8b6]" name="SetUp" is-config="true" duration-ms="6021" started-at="2018-05-11T09:01:51Z" finished-at="2018-05-11T09:01:57Z">
          <reporter-output>
          </reporter-output>
        </test-method> <!-- SetUp -->
        <test-method status="PASS" signature="testHomePage()[pri:0, instance:testcase_demo.Verify_WatershedOperations1@185d8b6]" name="testHomePage" duration-ms="4051" started-at="2018-05-11T09:01:57Z" finished-at="2018-05-11T09:02:01Z">
          <reporter-output>
          </reporter-output>
        </test-method> <!-- testHomePage -->
        <test-method status="PASS" signature="teardown()[pri:0, instance:testcase_demo.Verify_WatershedOperations1@185d8b6]" name="teardown" is-config="true" duration-ms="9" started-at="2018-05-11T09:02:01Z" finished-at="2018-05-11T09:02:01Z">
          <reporter-output>
          </reporter-output>
        </test-method> <!-- teardown -->
      </class> <!-- testcase_demo.Verify_WatershedOperations1 -->
      <class name="testcase_demo.Verify_WaterSheds1">
        <test-method status="PASS" signature="SetUp()[pri:0, instance:testcase_demo.Verify_WaterSheds1@6e6c3152]" name="SetUp" is-config="true" duration-ms="6147" started-at="2018-05-11T09:02:26Z" finished-at="2018-05-11T09:02:33Z">
          <reporter-output>
          </reporter-output>
        </test-method> <!-- SetUp -->
        <test-method status="PASS" signature="testHomePage()[pri:0, instance:testcase_demo.Verify_WaterSheds1@6e6c3152]" name="testHomePage" duration-ms="3721" started-at="2018-05-11T09:02:33Z" finished-at="2018-05-11T09:02:36Z">
          <reporter-output>
          </reporter-output>
        </test-method> <!-- testHomePage -->
        <test-method status="PASS" signature="teardown()[pri:0, instance:testcase_demo.Verify_WaterSheds1@6e6c3152]" name="teardown" is-config="true" duration-ms="6" started-at="2018-05-11T09:02:36Z" finished-at="2018-05-11T09:02:36Z">
          <reporter-output>
          </reporter-output>
        </test-method> <!-- teardown -->
      </class> <!-- testcase_demo.Verify_WaterSheds1 -->
      <class name="testcase_demo.Verify_HomePage1">
        <test-method status="PASS" signature="SetUp()[pri:0, instance:testcase_demo.Verify_HomePage1@6321e813]" name="SetUp" is-config="true" duration-ms="5268" started-at="2018-05-11T08:46:00Z" finished-at="2018-05-11T08:46:05Z">
          <reporter-output>
          </reporter-output>
        </test-method> <!-- SetUp -->
        <test-method status="PASS" signature="testHomePage()[pri:0, instance:testcase_demo.Verify_HomePage1@6321e813]" name="testHomePage" duration-ms="17688" started-at="2018-05-11T08:46:05Z" finished-at="2018-05-11T08:46:23Z">
          <reporter-output>
          </reporter-output>
        </test-method> <!-- testHomePage -->
        <test-method status="PASS" signature="tearDown()[pri:0, instance:testcase_demo.Verify_HomePage1@6321e813]" name="tearDown" is-config="true" duration-ms="16" started-at="2018-05-11T08:46:23Z" finished-at="2018-05-11T08:46:23Z">
          <reporter-output>
          </reporter-output>
        </test-method> <!-- tearDown -->
      </class> <!-- testcase_demo.Verify_HomePage1 -->
      <class name="testcase_demo.Verify_EcologicalScience1">
        <test-method status="PASS" signature="SetUp()[pri:0, instance:testcase_demo.Verify_EcologicalScience1@78c03f1f]" name="SetUp" is-config="true" duration-ms="5952" started-at="2018-05-11T08:39:40Z" finished-at="2018-05-11T08:39:46Z">
          <reporter-output>
          </reporter-output>
        </test-method> <!-- SetUp -->
        <test-method status="PASS" signature="testHomePage()[pri:0, instance:testcase_demo.Verify_EcologicalScience1@78c03f1f]" name="testHomePage" duration-ms="14722" started-at="2018-05-11T08:39:46Z" finished-at="2018-05-11T08:40:00Z">
          <reporter-output>
          </reporter-output>
        </test-method> <!-- testHomePage -->
        <test-method status="PASS" signature="teardown()[pri:0, instance:testcase_demo.Verify_EcologicalScience1@78c03f1f]" name="teardown" is-config="true" duration-ms="8" started-at="2018-05-11T08:40:00Z" finished-at="2018-05-11T08:40:00Z">
          <reporter-output>
          </reporter-output>
        </test-method> <!-- teardown -->
      </class> <!-- testcase_demo.Verify_EcologicalScience1 -->
      <class name="testcase_demo.Verify_OutreachAdvocacy1">
        <test-method status="PASS" signature="SetUp()[pri:0, instance:testcase_demo.Verify_OutreachAdvocacy1@3a5ed7a6]" name="SetUp" is-config="true" duration-ms="5832" started-at="2018-05-11T08:50:16Z" finished-at="2018-05-11T08:50:22Z">
          <reporter-output>
          </reporter-output>
        </test-method> <!-- SetUp -->
        <test-method status="PASS" signature="testHomePage()[pri:0, instance:testcase_demo.Verify_OutreachAdvocacy1@3a5ed7a6]" name="testHomePage" duration-ms="6451" started-at="2018-05-11T08:50:22Z" finished-at="2018-05-11T08:50:28Z">
          <reporter-output>
          </reporter-output>
        </test-method> <!-- testHomePage -->
        <test-method status="PASS" signature="teardown()[pri:0, instance:testcase_demo.Verify_OutreachAdvocacy1@3a5ed7a6]" name="teardown" is-config="true" duration-ms="22" started-at="2018-05-11T08:50:28Z" finished-at="2018-05-11T08:50:28Z">
          <reporter-output>
          </reporter-output>
        </test-method> <!-- teardown -->
      </class> <!-- testcase_demo.Verify_OutreachAdvocacy1 -->
      <class name="testcase_demo.Verfiy_NationalsCenters">
        <test-method status="PASS" signature="SetUp()[pri:0, instance:testcase_demo.Verfiy_NationalsCenters@4fe3c938]" name="SetUp" is-config="true" duration-ms="9915" started-at="2018-05-11T08:30:25Z" finished-at="2018-05-11T08:30:35Z">
          <reporter-output>
          </reporter-output>
        </test-method> <!-- SetUp -->
        <test-method status="FAIL" signature="testHomePage()[pri:0, instance:testcase_demo.Verfiy_NationalsCenters@4fe3c938]" name="testHomePage" duration-ms="12349" started-at="2018-05-11T08:30:35Z" finished-at="2018-05-11T08:30:48Z">
          <exception class="org.openqa.selenium.NoSuchElementException">
            <message>
              <![CDATA[Unable to locate element: {"method":"xpath","selector":".//*[@id='overview']"}
Command duration or timeout: 10.12 seconds
For documentation on this error, please visit: http://seleniumhq.org/exceptions/no_such_element.html
Build info: version: '2.53.1', revision: 'a36b8b1cd5757287168e54b817830adce9b0158d', time: '2016-06-30 19:26:09'
System info: host: 'TSPREA01LAPA35', ip: '199.130.135.239', os.name: 'Windows 10', os.arch: 'amd64', os.version: '10.0', java.version: '1.8.0_131'
Driver info: org.openqa.selenium.firefox.FirefoxDriver
Capabilities [{applicationCacheEnabled=true, rotatable=false, handlesAlerts=true, databaseEnabled=true, version=39.0, platform=WINDOWS, nativeEvents=false, acceptSslCerts=true, webStorageEnabled=true, locationContextEnabled=true, browserName=firefox, takesScreenshot=true, javascriptEnabled=true, cssSelectorsEnabled=true}]
Session ID: 73ce7cad-26af-4059-ae2a-b20159072bc2
*** Element info: {Using=xpath, value=.//*[@id='overview']}]]>
            </message>
            <full-stacktrace>
              <![CDATA[org.openqa.selenium.NoSuchElementException: Unable to locate element: {"method":"xpath","selector":".//*[@id='overview']"}
Command duration or timeout: 10.12 seconds
For documentation on this error, please visit: http://seleniumhq.org/exceptions/no_such_element.html
Build info: version: '2.53.1', revision: 'a36b8b1cd5757287168e54b817830adce9b0158d', time: '2016-06-30 19:26:09'
System info: host: 'TSPREA01LAPA35', ip: '199.130.135.239', os.name: 'Windows 10', os.arch: 'amd64', os.version: '10.0', java.version: '1.8.0_131'
Driver info: org.openqa.selenium.firefox.FirefoxDriver
Capabilities [{applicationCacheEnabled=true, rotatable=false, handlesAlerts=true, databaseEnabled=true, version=39.0, platform=WINDOWS, nativeEvents=false, acceptSslCerts=true, webStorageEnabled=true, locationContextEnabled=true, browserName=firefox, takesScreenshot=true, javascriptEnabled=true, cssSelectorsEnabled=true}]
Session ID: 73ce7cad-26af-4059-ae2a-b20159072bc2
*** Element info: {Using=xpath, value=.//*[@id='overview']}
	at sun.reflect.NativeConstructorAccessorImpl.newInstance0(Native Method)
	at sun.reflect.NativeConstructorAccessorImpl.newInstance(NativeConstructorAccessorImpl.java:62)
	at sun.reflect.DelegatingConstructorAccessorImpl.newInstance(DelegatingConstructorAccessorImpl.java:45)
	at java.lang.reflect.Constructor.newInstance(Constructor.java:423)
	at org.openqa.selenium.remote.ErrorHandler.createThrowable(ErrorHandler.java:206)
	at org.openqa.selenium.remote.ErrorHandler.throwIfResponseFailed(ErrorHandler.java:158)
	at org.openqa.selenium.remote.RemoteWebDriver.execute(RemoteWebDriver.java:678)
	at org.openqa.selenium.remote.RemoteWebDriver.findElement(RemoteWebDriver.java:363)
	at org.openqa.selenium.remote.RemoteWebDriver.findElementByXPath(RemoteWebDriver.java:500)
	at org.openqa.selenium.By$ByXPath.findElement(By.java:361)
	at org.openqa.selenium.remote.RemoteWebDriver.findElement(RemoteWebDriver.java:355)
	at org.openqa.selenium.support.pagefactory.DefaultElementLocator.findElement(DefaultElementLocator.java:69)
	at org.openqa.selenium.support.pagefactory.internal.LocatingElementHandler.invoke(LocatingElementHandler.java:38)
	at com.sun.proxy.$Proxy7.findElements(Unknown Source)
	at page_demo.NationalCenters.validateURL(NationalCenters.java:83)
	at testcase_demo.Verfiy_NationalsCenters.testHomePage(Verfiy_NationalsCenters.java:41)
	at sun.reflect.NativeMethodAccessorImpl.invoke0(Native Method)
	at sun.reflect.NativeMethodAccessorImpl.invoke(NativeMethodAccessorImpl.java:62)
	at sun.reflect.DelegatingMethodAccessorImpl.invoke(DelegatingMethodAccessorImpl.java:43)
	at java.lang.reflect.Method.invoke(Method.java:498)
	at org.testng.internal.MethodInvocationHelper.invokeMethod(MethodInvocationHelper.java:80)
	at org.testng.internal.Invoker.invokeMethod(Invoker.java:714)
	at org.testng.internal.Invoker.invokeTestMethod(Invoker.java:901)
	at org.testng.internal.Invoker.invokeTestMethods(Invoker.java:1231)
	at org.testng.internal.TestMethodWorker.invokeTestMethods(TestMethodWorker.java:127)
	at org.testng.internal.TestMethodWorker.run(TestMethodWorker.java:111)
	at org.testng.TestRunner.privateRun(TestRunner.java:767)
	at org.testng.TestRunner.run(TestRunner.java:617)
	at org.testng.SuiteRunner.runTest(SuiteRunner.java:334)
	at org.testng.SuiteRunner.runSequentially(SuiteRunner.java:329)
	at org.testng.SuiteRunner.privateRun(SuiteRunner.java:291)
	at org.testng.SuiteRunner.run(SuiteRunner.java:240)
	at org.testng.SuiteRunnerWorker.runSuite(SuiteRunnerWorker.java:52)
	at org.testng.SuiteRunnerWorker.run(SuiteRunnerWorker.java:86)
	at org.testng.TestNG.runSuitesSequentially(TestNG.java:1198)
	at org.testng.TestNG.runSuitesLocally(TestNG.java:1123)
	at org.testng.TestNG.run(TestNG.java:1031)
	at org.testng.remote.AbstractRemoteTestNG.run(AbstractRemoteTestNG.java:132)
	at org.testng.remote.RemoteTestNG.initAndRun(RemoteTestNG.java:230)
	at org.testng.remote.RemoteTestNG.main(RemoteTestNG.java:76)
Caused by: org.openqa.selenium.NoSuchElementException: Unable to locate element: {"method":"xpath","selector":".//*[@id='overview']"}
For documentation on this error, please visit: http://seleniumhq.org/exceptions/no_such_element.html
Build info: version: '2.53.1', revision: 'a36b8b1cd5757287168e54b817830adce9b0158d', time: '2016-06-30 19:26:09'
System info: host: 'TSPREA01LAPA35', ip: '199.130.135.239', os.name: 'Windows 10', os.arch: 'amd64', os.version: '10.0', java.version: '1.8.0_131'
Driver info: driver.version: unknown
	at <anonymous class>.FirefoxDriver.prototype.findElementInternal_(file:///C:/Users/SIVAPR~2/AppData/Local/Temp/anonymous9112221404584141996webdriver-profile/extensions/fxdriver@googlecode.com/components/driver-component.js:10770)
	at <anonymous class>.fxdriver.Timer.prototype.setTimeout/<.notify(file:///C:/Users/SIVAPR~2/AppData/Local/Temp/anonymous9112221404584141996webdriver-profile/extensions/fxdriver@googlecode.com/components/driver-component.js:625)
]]>
            </full-stacktrace>
          </exception> <!-- org.openqa.selenium.NoSuchElementException -->
          <reporter-output>
          </reporter-output>
        </test-method> <!-- testHomePage -->
        <test-method status="PASS" signature="teardown()[pri:0, instance:testcase_demo.Verfiy_NationalsCenters@4fe3c938]" name="teardown" is-config="true" duration-ms="15" started-at="2018-05-11T08:30:48Z" finished-at="2018-05-11T08:30:48Z">
          <reporter-output>
          </reporter-output>
        </test-method> <!-- teardown -->
      </class> <!-- testcase_demo.Verfiy_NationalsCenters -->
      <class name="testcase_demo.Verify_Features1">
        <test-method status="PASS" signature="SetUp()[pri:0, instance:testcase_demo.Verify_Features1@2286778]" name="SetUp" is-config="true" duration-ms="8637" started-at="2018-05-11T08:42:40Z" finished-at="2018-05-11T08:42:49Z">
          <reporter-output>
          </reporter-output>
        </test-method> <!-- SetUp -->
        <test-method status="PASS" signature="testHomePage()[pri:0, instance:testcase_demo.Verify_Features1@2286778]" name="testHomePage" duration-ms="7597" started-at="2018-05-11T08:42:49Z" finished-at="2018-05-11T08:42:56Z">
          <reporter-output>
          </reporter-output>
        </test-method> <!-- testHomePage -->
        <test-method status="PASS" signature="teardown()[pri:0, instance:testcase_demo.Verify_Features1@2286778]" name="teardown" is-config="true" duration-ms="16" started-at="2018-05-11T08:42:56Z" finished-at="2018-05-11T08:42:56Z">
          <reporter-output>
          </reporter-output>
        </test-method> <!-- teardown -->
      </class> <!-- testcase_demo.Verify_Features1 -->
      <class name="testcase_demo.Verify_RegionalConservationPartnershipProgram1">
        <test-method status="PASS" signature="SetUp()[pri:0, instance:testcase_demo.Verify_RegionalConservationPartnershipProgram1@3327bd23]" name="SetUp" is-config="true" duration-ms="6587" started-at="2018-05-11T08:53:51Z" finished-at="2018-05-11T08:53:57Z">
          <reporter-output>
          </reporter-output>
        </test-method> <!-- SetUp -->
        <test-method status="PASS" signature="testHomePage()[pri:0, instance:testcase_demo.Verify_RegionalConservationPartnershipProgram1@3327bd23]" name="testHomePage" duration-ms="18793" started-at="2018-05-11T08:53:57Z" finished-at="2018-05-11T08:54:16Z">
          <reporter-output>
          </reporter-output>
        </test-method> <!-- testHomePage -->
        <test-method status="PASS" signature="teardown()[pri:0, instance:testcase_demo.Verify_RegionalConservationPartnershipProgram1@3327bd23]" name="teardown" is-config="true" duration-ms="15" started-at="2018-05-11T08:54:16Z" finished-at="2018-05-11T08:54:16Z">
          <reporter-output>
          </reporter-output>
        </test-method> <!-- teardown -->
      </class> <!-- testcase_demo.Verify_RegionalConservationPartnershipProgram1 -->
      <class name="testcase_demo.Verify_SuccessStories1">
        <test-method status="PASS" signature="SetUp()[pri:0, instance:testcase_demo.Verify_SuccessStories1@7fac631b]" name="SetUp" is-config="true" duration-ms="5850" started-at="2018-05-11T08:59:03Z" finished-at="2018-05-11T08:59:09Z">
          <reporter-output>
          </reporter-output>
        </test-method> <!-- SetUp -->
        <test-method status="PASS" signature="testHomePage()[pri:0, instance:testcase_demo.Verify_SuccessStories1@7fac631b]" name="testHomePage" duration-ms="7713" started-at="2018-05-11T08:59:09Z" finished-at="2018-05-11T08:59:16Z">
          <reporter-output>
          </reporter-output>
        </test-method> <!-- testHomePage -->
        <test-method status="PASS" signature="teardown()[pri:0, instance:testcase_demo.Verify_SuccessStories1@7fac631b]" name="teardown" is-config="true" duration-ms="6" started-at="2018-05-11T08:59:16Z" finished-at="2018-05-11T08:59:16Z">
          <reporter-output>
          </reporter-output>
        </test-method> <!-- teardown -->
      </class> <!-- testcase_demo.Verify_SuccessStories1 -->
      <class name="testcase_demo.Verify_TeachersandStudents1">
        <test-method status="PASS" signature="SetUp()[pri:0, instance:testcase_demo.Verify_TeachersandStudents1@52a86356]" name="SetUp" is-config="true" duration-ms="6016" started-at="2018-05-11T08:59:27Z" finished-at="2018-05-11T08:59:33Z">
          <reporter-output>
          </reporter-output>
        </test-method> <!-- SetUp -->
        <test-method status="PASS" signature="testHomePage()[pri:0, instance:testcase_demo.Verify_TeachersandStudents1@52a86356]" name="testHomePage" duration-ms="7153" started-at="2018-05-11T08:59:33Z" finished-at="2018-05-11T08:59:40Z">
          <reporter-output>
          </reporter-output>
        </test-method> <!-- testHomePage -->
        <test-method status="PASS" signature="teardown()[pri:0, instance:testcase_demo.Verify_TeachersandStudents1@52a86356]" name="teardown" is-config="true" duration-ms="9" started-at="2018-05-11T08:59:40Z" finished-at="2018-05-11T08:59:40Z">
          <reporter-output>
          </reporter-output>
        </test-method> <!-- teardown -->
      </class> <!-- testcase_demo.Verify_TeachersandStudents1 -->
      <class name="testcase_demo.Verify_Air1">
        <test-method status="PASS" signature="SetUp()[pri:0, instance:testcase_demo.Verify_Air1@210366b4]" name="SetUp" is-config="true" duration-ms="6886" started-at="2018-05-11T08:31:51Z" finished-at="2018-05-11T08:31:58Z">
          <reporter-output>
          </reporter-output>
        </test-method> <!-- SetUp -->
        <test-method status="PASS" signature="testHomePage()[pri:0, instance:testcase_demo.Verify_Air1@210366b4]" name="testHomePage" duration-ms="7170" started-at="2018-05-11T08:31:58Z" finished-at="2018-05-11T08:32:05Z">
          <reporter-output>
          </reporter-output>
        </test-method> <!-- testHomePage -->
        <test-method status="PASS" signature="teardown()[pri:0, instance:testcase_demo.Verify_Air1@210366b4]" name="teardown" is-config="true" duration-ms="15" started-at="2018-05-11T08:32:05Z" finished-at="2018-05-11T08:32:05Z">
          <reporter-output>
          </reporter-output>
        </test-method> <!-- teardown -->
      </class> <!-- testcase_demo.Verify_Air1 -->
      <class name="testcase_demo.Verify_PublicationsFactSheets1">
        <test-method status="PASS" signature="SetUp()[pri:0, instance:testcase_demo.Verify_PublicationsFactSheets1@4b4523f8]" name="SetUp" is-config="true" duration-ms="6160" started-at="2018-05-11T08:52:32Z" finished-at="2018-05-11T08:52:38Z">
          <reporter-output>
          </reporter-output>
        </test-method> <!-- SetUp -->
        <test-method status="PASS" signature="testHomePage()[pri:0, instance:testcase_demo.Verify_PublicationsFactSheets1@4b4523f8]" name="testHomePage" duration-ms="25812" started-at="2018-05-11T08:52:38Z" finished-at="2018-05-11T08:53:04Z">
          <reporter-output>
          </reporter-output>
        </test-method> <!-- testHomePage -->
        <test-method status="PASS" signature="teardown()[pri:0, instance:testcase_demo.Verify_PublicationsFactSheets1@4b4523f8]" name="teardown" is-config="true" duration-ms="10" started-at="2018-05-11T08:53:04Z" finished-at="2018-05-11T08:53:04Z">
          <reporter-output>
          </reporter-output>
        </test-method> <!-- teardown -->
      </class> <!-- testcase_demo.Verify_PublicationsFactSheets1 -->
      <class name="testcase_demo.Verify_Partners1">
        <test-method status="PASS" signature="SetUp()[pri:0, instance:testcase_demo.Verify_Partners1@23e028a9]" name="SetUp" is-config="true" duration-ms="7474" started-at="2018-05-11T08:50:28Z" finished-at="2018-05-11T08:50:36Z">
          <reporter-output>
          </reporter-output>
        </test-method> <!-- SetUp -->
        <test-method status="PASS" signature="testHomePage()[pri:0, instance:testcase_demo.Verify_Partners1@23e028a9]" name="testHomePage" duration-ms="22995" started-at="2018-05-11T08:50:36Z" finished-at="2018-05-11T08:50:59Z">
          <reporter-output>
          </reporter-output>
        </test-method> <!-- testHomePage -->
        <test-method status="PASS" signature="teardown()[pri:0, instance:testcase_demo.Verify_Partners1@23e028a9]" name="teardown" is-config="true" duration-ms="5" started-at="2018-05-11T08:50:59Z" finished-at="2018-05-11T08:50:59Z">
          <reporter-output>
          </reporter-output>
        </test-method> <!-- teardown -->
      </class> <!-- testcase_demo.Verify_Partners1 -->
      <class name="testcase_demo.Verify_FinancialAssistance1">
        <test-method status="PASS" signature="SetUp()[pri:0, instance:testcase_demo.Verify_FinancialAssistance1@21213b92]" name="SetUp" is-config="true" duration-ms="6842" started-at="2018-05-11T08:43:21Z" finished-at="2018-05-11T08:43:28Z">
          <reporter-output>
          </reporter-output>
        </test-method> <!-- SetUp -->
        <test-method status="PASS" signature="testHomePage()[pri:0, instance:testcase_demo.Verify_FinancialAssistance1@21213b92]" name="testHomePage" duration-ms="16249" started-at="2018-05-11T08:43:28Z" finished-at="2018-05-11T08:43:44Z">
          <reporter-output>
          </reporter-output>
        </test-method> <!-- testHomePage -->
        <test-method status="PASS" signature="teardown()[pri:0, instance:testcase_demo.Verify_FinancialAssistance1@21213b92]" name="teardown" is-config="true" duration-ms="15" started-at="2018-05-11T08:43:44Z" finished-at="2018-05-11T08:43:45Z">
          <reporter-output>
          </reporter-output>
        </test-method> <!-- teardown -->
      </class> <!-- testcase_demo.Verify_FinancialAssistance1 -->
      <class name="testcase_demo.Verify_SpecialEmphasisPrograms1">
        <test-method status="PASS" signature="SetUp()[pri:0, instance:testcase_demo.Verify_SpecialEmphasisPrograms1@2ac273d3]" name="SetUp" is-config="true" duration-ms="5621" started-at="2018-05-11T08:57:07Z" finished-at="2018-05-11T08:57:13Z">
          <reporter-output>
          </reporter-output>
        </test-method> <!-- SetUp -->
        <test-method status="PASS" signature="testHomePage()[pri:0, instance:testcase_demo.Verify_SpecialEmphasisPrograms1@2ac273d3]" name="testHomePage" duration-ms="7984" started-at="2018-05-11T08:57:13Z" finished-at="2018-05-11T08:57:21Z">
          <reporter-output>
          </reporter-output>
        </test-method> <!-- testHomePage -->
        <test-method status="PASS" signature="teardown()[pri:0, instance:testcase_demo.Verify_SpecialEmphasisPrograms1@2ac273d3]" name="teardown" is-config="true" duration-ms="0" started-at="2018-05-11T08:57:21Z" finished-at="2018-05-11T08:57:21Z">
          <reporter-output>
          </reporter-output>
        </test-method> <!-- teardown -->
      </class> <!-- testcase_demo.Verify_SpecialEmphasisPrograms1 -->
      <class name="testcase_demo.Verify_Agronomy1">
        <test-method status="PASS" signature="SetUp()[pri:0, instance:testcase_demo.Verify_Agronomy1@63753b6d]" name="SetUp" is-config="true" duration-ms="7171" started-at="2018-05-11T08:31:17Z" finished-at="2018-05-11T08:31:24Z">
          <reporter-output>
          </reporter-output>
        </test-method> <!-- SetUp -->
        <test-method status="PASS" signature="testHomePage()[pri:0, instance:testcase_demo.Verify_Agronomy1@63753b6d]" name="testHomePage" duration-ms="27532" started-at="2018-05-11T08:31:24Z" finished-at="2018-05-11T08:31:51Z">
          <reporter-output>
          </reporter-output>
        </test-method> <!-- testHomePage -->
        <test-method status="PASS" signature="teardown()[pri:0, instance:testcase_demo.Verify_Agronomy1@63753b6d]" name="teardown" is-config="true" duration-ms="10" started-at="2018-05-11T08:31:51Z" finished-at="2018-05-11T08:31:51Z">
          <reporter-output>
          </reporter-output>
        </test-method> <!-- teardown -->
      </class> <!-- testcase_demo.Verify_Agronomy1 -->
      <class name="testcase_demo.Verify_TechnicalResources1">
        <test-method status="PASS" signature="SetUp()[pri:0, instance:testcase_demo.Verify_TechnicalResources1@6d7b4f4c]" name="SetUp" is-config="true" duration-ms="6174" started-at="2018-05-11T08:59:40Z" finished-at="2018-05-11T08:59:46Z">
          <reporter-output>
          </reporter-output>
        </test-method> <!-- SetUp -->
        <test-method status="PASS" signature="testHomePage()[pri:0, instance:testcase_demo.Verify_TechnicalResources1@6d7b4f4c]" name="testHomePage" duration-ms="24190" started-at="2018-05-11T08:59:46Z" finished-at="2018-05-11T09:00:11Z">
          <reporter-output>
          </reporter-output>
        </test-method> <!-- testHomePage -->
        <test-method status="PASS" signature="teardown()[pri:0, instance:testcase_demo.Verify_TechnicalResources1@6d7b4f4c]" name="teardown" is-config="true" duration-ms="8" started-at="2018-05-11T09:00:11Z" finished-at="2018-05-11T09:00:11Z">
          <reporter-output>
          </reporter-output>
        </test-method> <!-- teardown -->
      </class> <!-- testcase_demo.Verify_TechnicalResources1 -->
      <class name="testcase_demo.Verify_STCMinutes1">
        <test-method status="PASS" signature="SetUp()[pri:0, instance:testcase_demo.Verify_STCMinutes1@5ae63ade]" name="SetUp" is-config="true" duration-ms="6066" started-at="2018-05-11T08:58:41Z" finished-at="2018-05-11T08:58:47Z">
          <reporter-output>
          </reporter-output>
        </test-method> <!-- SetUp -->
        <test-method status="PASS" signature="testHomePage()[pri:0, instance:testcase_demo.Verify_STCMinutes1@5ae63ade]" name="testHomePage" duration-ms="15636" started-at="2018-05-11T08:58:47Z" finished-at="2018-05-11T08:59:03Z">
          <reporter-output>
          </reporter-output>
        </test-method> <!-- testHomePage -->
        <test-method status="PASS" signature="teardown()[pri:0, instance:testcase_demo.Verify_STCMinutes1@5ae63ade]" name="teardown" is-config="true" duration-ms="9" started-at="2018-05-11T08:59:03Z" finished-at="2018-05-11T08:59:03Z">
          <reporter-output>
          </reporter-output>
        </test-method> <!-- teardown -->
      </class> <!-- testcase_demo.Verify_STCMinutes1 -->
      <class name="testcase_demo.Verify_WaterSupplyProducts1">
        <test-method status="PASS" signature="SetUp()[pri:0, instance:testcase_demo.Verify_WaterSupplyProducts1@6ddf90b0]" name="SetUp" is-config="true" duration-ms="5381" started-at="2018-05-11T09:03:06Z" finished-at="2018-05-11T09:03:12Z">
          <reporter-output>
          </reporter-output>
        </test-method> <!-- SetUp -->
        <test-method status="PASS" signature="testHomePage()[pri:0, instance:testcase_demo.Verify_WaterSupplyProducts1@6ddf90b0]" name="testHomePage" duration-ms="30572" started-at="2018-05-11T09:03:12Z" finished-at="2018-05-11T09:03:42Z">
          <reporter-output>
          </reporter-output>
        </test-method> <!-- testHomePage -->
        <test-method status="PASS" signature="teardown()[pri:0, instance:testcase_demo.Verify_WaterSupplyProducts1@6ddf90b0]" name="teardown" is-config="true" duration-ms="17" started-at="2018-05-11T09:03:42Z" finished-at="2018-05-11T09:03:42Z">
          <reporter-output>
          </reporter-output>
        </test-method> <!-- teardown -->
      </class> <!-- testcase_demo.Verify_WaterSupplyProducts1 -->
      <class name="testcase_demo.Verify_WatershedRehabilitation1">
        <test-method status="PASS" signature="SetUp()[pri:0, instance:testcase_demo.Verify_WatershedRehabilitation1@370736d9]" name="SetUp" is-config="true" duration-ms="9895" started-at="2018-05-11T09:02:11Z" finished-at="2018-05-11T09:02:21Z">
          <reporter-output>
          </reporter-output>
        </test-method> <!-- SetUp -->
        <test-method status="PASS" signature="testHomePage()[pri:0, instance:testcase_demo.Verify_WatershedRehabilitation1@370736d9]" name="testHomePage" duration-ms="5096" started-at="2018-05-11T09:02:21Z" finished-at="2018-05-11T09:02:26Z">
          <reporter-output>
          </reporter-output>
        </test-method> <!-- testHomePage -->
        <test-method status="PASS" signature="teardown()[pri:0, instance:testcase_demo.Verify_WatershedRehabilitation1@370736d9]" name="teardown" is-config="true" duration-ms="9" started-at="2018-05-11T09:02:26Z" finished-at="2018-05-11T09:02:26Z">
          <reporter-output>
          </reporter-output>
        </test-method> <!-- teardown -->
      </class> <!-- testcase_demo.Verify_WatershedRehabilitation1 -->
      <class name="testcase_demo.Verify_ConservationStewardshipProgram1">
        <test-method status="PASS" signature="SetUp()[pri:0, instance:testcase_demo.Verify_ConservationStewardshipProgram1@32709393]" name="SetUp" is-config="true" duration-ms="7381" started-at="2018-05-11T08:36:26Z" finished-at="2018-05-11T08:36:34Z">
          <reporter-output>
          </reporter-output>
        </test-method> <!-- SetUp -->
        <test-method status="PASS" signature="testHomePage()[pri:0, instance:testcase_demo.Verify_ConservationStewardshipProgram1@32709393]" name="testHomePage" duration-ms="25689" started-at="2018-05-11T08:36:34Z" finished-at="2018-05-11T08:37:00Z">
          <reporter-output>
          </reporter-output>
        </test-method> <!-- testHomePage -->
        <test-method status="PASS" signature="teardown()[pri:0, instance:testcase_demo.Verify_ConservationStewardshipProgram1@32709393]" name="teardown" is-config="true" duration-ms="0" started-at="2018-05-11T08:37:00Z" finished-at="2018-05-11T08:37:00Z">
          <reporter-output>
          </reporter-output>
        </test-method> <!-- teardown -->
      </class> <!-- testcase_demo.Verify_ConservationStewardshipProgram1 -->
      <class name="testcase_demo.Verify_Forestry1">
        <test-method status="PASS" signature="SetUp()[pri:0, instance:testcase_demo.Verify_Forestry1@3701eaf6]" name="SetUp" is-config="true" duration-ms="7459" started-at="2018-05-11T08:44:29Z" finished-at="2018-05-11T08:44:36Z">
          <reporter-output>
          </reporter-output>
        </test-method> <!-- SetUp -->
        <test-method status="PASS" signature="testHomePage()[pri:0, instance:testcase_demo.Verify_Forestry1@3701eaf6]" name="testHomePage" duration-ms="25253" started-at="2018-05-11T08:44:36Z" finished-at="2018-05-11T08:45:01Z">
          <reporter-output>
          </reporter-output>
        </test-method> <!-- testHomePage -->
        <test-method status="PASS" signature="teardown()[pri:0, instance:testcase_demo.Verify_Forestry1@3701eaf6]" name="teardown" is-config="true" duration-ms="20" started-at="2018-05-11T08:45:01Z" finished-at="2018-05-11T08:45:01Z">
          <reporter-output>
          </reporter-output>
        </test-method> <!-- teardown -->
      </class> <!-- testcase_demo.Verify_Forestry1 -->
      <class name="testcase_demo.Verify_DataMapsAnalysis1">
        <test-method status="PASS" signature="SetUp()[pri:0, instance:testcase_demo.Verify_DataMapsAnalysis1@4f970963]" name="SetUp" is-config="true" duration-ms="8996" started-at="2018-05-11T08:38:49Z" finished-at="2018-05-11T08:38:58Z">
          <reporter-output>
          </reporter-output>
        </test-method> <!-- SetUp -->
        <test-method status="PASS" signature="testHomePage()[pri:0, instance:testcase_demo.Verify_DataMapsAnalysis1@4f970963]" name="testHomePage" duration-ms="20724" started-at="2018-05-11T08:38:58Z" finished-at="2018-05-11T08:39:19Z">
          <reporter-output>
          </reporter-output>
        </test-method> <!-- testHomePage -->
        <test-method status="PASS" signature="teardown()[pri:0, instance:testcase_demo.Verify_DataMapsAnalysis1@4f970963]" name="teardown" is-config="true" duration-ms="7" started-at="2018-05-11T08:39:19Z" finished-at="2018-05-11T08:39:19Z">
          <reporter-output>
          </reporter-output>
        </test-method> <!-- teardown -->
      </class> <!-- testcase_demo.Verify_DataMapsAnalysis1 -->
      <class name="testcase_demo.Verify_CIGProjectSearch1">
        <test-method status="PASS" signature="SetUp()[pri:0, instance:testcase_demo.Verify_CIGProjectSearch1@6536e911]" name="SetUp" is-config="true" duration-ms="7933" started-at="2018-05-11T08:34:25Z" finished-at="2018-05-11T08:34:33Z">
          <reporter-output>
          </reporter-output>
        </test-method> <!-- SetUp -->
        <test-method status="FAIL" signature="testHomePage()[pri:0, instance:testcase_demo.Verify_CIGProjectSearch1@6536e911]" name="testHomePage" duration-ms="10095" started-at="2018-05-11T08:34:33Z" finished-at="2018-05-11T08:34:43Z">
          <exception class="org.openqa.selenium.NoSuchElementException">
            <message>
              <![CDATA[Unable to locate element: {"method":"xpath","selector":".//*[@id='cigSearch']/h2"}
Command duration or timeout: 10.08 seconds
For documentation on this error, please visit: http://seleniumhq.org/exceptions/no_such_element.html
Build info: version: '2.53.1', revision: 'a36b8b1cd5757287168e54b817830adce9b0158d', time: '2016-06-30 19:26:09'
System info: host: 'TSPREA01LAPA35', ip: '199.130.135.239', os.name: 'Windows 10', os.arch: 'amd64', os.version: '10.0', java.version: '1.8.0_131'
Driver info: org.openqa.selenium.firefox.FirefoxDriver
Capabilities [{applicationCacheEnabled=true, rotatable=false, handlesAlerts=true, databaseEnabled=true, version=39.0, platform=WINDOWS, nativeEvents=false, acceptSslCerts=true, webStorageEnabled=true, locationContextEnabled=true, browserName=firefox, takesScreenshot=true, javascriptEnabled=true, cssSelectorsEnabled=true}]
Session ID: e48c05de-cc93-42fd-b355-5e39bce99e31
*** Element info: {Using=xpath, value=.//*[@id='cigSearch']/h2}]]>
            </message>
            <full-stacktrace>
              <![CDATA[org.openqa.selenium.NoSuchElementException: Unable to locate element: {"method":"xpath","selector":".//*[@id='cigSearch']/h2"}
Command duration or timeout: 10.08 seconds
For documentation on this error, please visit: http://seleniumhq.org/exceptions/no_such_element.html
Build info: version: '2.53.1', revision: 'a36b8b1cd5757287168e54b817830adce9b0158d', time: '2016-06-30 19:26:09'
System info: host: 'TSPREA01LAPA35', ip: '199.130.135.239', os.name: 'Windows 10', os.arch: 'amd64', os.version: '10.0', java.version: '1.8.0_131'
Driver info: org.openqa.selenium.firefox.FirefoxDriver
Capabilities [{applicationCacheEnabled=true, rotatable=false, handlesAlerts=true, databaseEnabled=true, version=39.0, platform=WINDOWS, nativeEvents=false, acceptSslCerts=true, webStorageEnabled=true, locationContextEnabled=true, browserName=firefox, takesScreenshot=true, javascriptEnabled=true, cssSelectorsEnabled=true}]
Session ID: e48c05de-cc93-42fd-b355-5e39bce99e31
*** Element info: {Using=xpath, value=.//*[@id='cigSearch']/h2}
	at sun.reflect.NativeConstructorAccessorImpl.newInstance0(Native Method)
	at sun.reflect.NativeConstructorAccessorImpl.newInstance(NativeConstructorAccessorImpl.java:62)
	at sun.reflect.DelegatingConstructorAccessorImpl.newInstance(DelegatingConstructorAccessorImpl.java:45)
	at java.lang.reflect.Constructor.newInstance(Constructor.java:423)
	at org.openqa.selenium.remote.ErrorHandler.createThrowable(ErrorHandler.java:206)
	at org.openqa.selenium.remote.ErrorHandler.throwIfResponseFailed(ErrorHandler.java:158)
	at org.openqa.selenium.remote.RemoteWebDriver.execute(RemoteWebDriver.java:678)
	at org.openqa.selenium.remote.RemoteWebDriver.findElement(RemoteWebDriver.java:363)
	at org.openqa.selenium.remote.RemoteWebDriver.findElementByXPath(RemoteWebDriver.java:500)
	at org.openqa.selenium.By$ByXPath.findElement(By.java:361)
	at org.openqa.selenium.remote.RemoteWebDriver.findElement(RemoteWebDriver.java:355)
	at org.openqa.selenium.support.pagefactory.DefaultElementLocator.findElement(DefaultElementLocator.java:69)
	at org.openqa.selenium.support.pagefactory.internal.LocatingElementHandler.invoke(LocatingElementHandler.java:38)
	at com.sun.proxy.$Proxy7.getText(Unknown Source)
	at page_demo.CIGProjectSearch1.validateProd(CIGProjectSearch1.java:145)
	at testcase_demo.Verify_CIGProjectSearch1.testHomePage(Verify_CIGProjectSearch1.java:45)
	at sun.reflect.NativeMethodAccessorImpl.invoke0(Native Method)
	at sun.reflect.NativeMethodAccessorImpl.invoke(NativeMethodAccessorImpl.java:62)
	at sun.reflect.DelegatingMethodAccessorImpl.invoke(DelegatingMethodAccessorImpl.java:43)
	at java.lang.reflect.Method.invoke(Method.java:498)
	at org.testng.internal.MethodInvocationHelper.invokeMethod(MethodInvocationHelper.java:80)
	at org.testng.internal.Invoker.invokeMethod(Invoker.java:714)
	at org.testng.internal.Invoker.invokeTestMethod(Invoker.java:901)
	at org.testng.internal.Invoker.invokeTestMethods(Invoker.java:1231)
	at org.testng.internal.TestMethodWorker.invokeTestMethods(TestMethodWorker.java:127)
	at org.testng.internal.TestMethodWorker.run(TestMethodWorker.java:111)
	at org.testng.TestRunner.privateRun(TestRunner.java:767)
	at org.testng.TestRunner.run(TestRunner.java:617)
	at org.testng.SuiteRunner.runTest(SuiteRunner.java:334)
	at org.testng.SuiteRunner.runSequentially(SuiteRunner.java:329)
	at org.testng.SuiteRunner.privateRun(SuiteRunner.java:291)
	at org.testng.SuiteRunner.run(SuiteRunner.java:240)
	at org.testng.SuiteRunnerWorker.runSuite(SuiteRunnerWorker.java:52)
	at org.testng.SuiteRunnerWorker.run(SuiteRunnerWorker.java:86)
	at org.testng.TestNG.runSuitesSequentially(TestNG.java:1198)
	at org.testng.TestNG.runSuitesLocally(TestNG.java:1123)
	at org.testng.TestNG.run(TestNG.java:1031)
	at org.testng.remote.AbstractRemoteTestNG.run(AbstractRemoteTestNG.java:132)
	at org.testng.remote.RemoteTestNG.initAndRun(RemoteTestNG.java:230)
	at org.testng.remote.RemoteTestNG.main(RemoteTestNG.java:76)
Caused by: org.openqa.selenium.NoSuchElementException: Unable to locate element: {"method":"xpath","selector":".//*[@id='cigSearch']/h2"}
For documentation on this error, please visit: http://seleniumhq.org/exceptions/no_such_element.html
Build info: version: '2.53.1', revision: 'a36b8b1cd5757287168e54b817830adce9b0158d', time: '2016-06-30 19:26:09'
System info: host: 'TSPREA01LAPA35', ip: '199.130.135.239', os.name: 'Windows 10', os.arch: 'amd64', os.version: '10.0', java.version: '1.8.0_131'
Driver info: driver.version: unknown
	at <anonymous class>.FirefoxDriver.prototype.findElementInternal_(file:///C:/Users/SIVAPR~2/AppData/Local/Temp/anonymous8889167051420820407webdriver-profile/extensions/fxdriver@googlecode.com/components/driver-component.js:10770)
	at <anonymous class>.fxdriver.Timer.prototype.setTimeout/<.notify(file:///C:/Users/SIVAPR~2/AppData/Local/Temp/anonymous8889167051420820407webdriver-profile/extensions/fxdriver@googlecode.com/components/driver-component.js:625)
]]>
            </full-stacktrace>
          </exception> <!-- org.openqa.selenium.NoSuchElementException -->
          <reporter-output>
          </reporter-output>
        </test-method> <!-- testHomePage -->
        <test-method status="PASS" signature="teardown()[pri:0, instance:testcase_demo.Verify_CIGProjectSearch1@6536e911]" name="teardown" is-config="true" duration-ms="0" started-at="2018-05-11T08:34:43Z" finished-at="2018-05-11T08:34:43Z">
          <reporter-output>
          </reporter-output>
        </test-method> <!-- teardown -->
      </class> <!-- testcase_demo.Verify_CIGProjectSearch1 -->
      <class name="testcase_demo.Verify_AgriculturalConservationEasementProgram1">
        <test-method status="PASS" signature="SetUp()[pri:0, instance:testcase_demo.Verify_AgriculturalConservationEasementProgram1@627551fb]" name="SetUp" is-config="true" duration-ms="6438" started-at="2018-05-11T08:30:51Z" finished-at="2018-05-11T08:30:57Z">
          <reporter-output>
          </reporter-output>
        </test-method> <!-- SetUp -->
        <test-method status="PASS" signature="testHomePage()[pri:0, instance:testcase_demo.Verify_AgriculturalConservationEasementProgram1@627551fb]" name="testHomePage" duration-ms="19273" started-at="2018-05-11T08:30:57Z" finished-at="2018-05-11T08:31:16Z">
          <reporter-output>
          </reporter-output>
        </test-method> <!-- testHomePage -->
        <test-method status="PASS" signature="teardown()[pri:0, instance:testcase_demo.Verify_AgriculturalConservationEasementProgram1@627551fb]" name="teardown" is-config="true" duration-ms="15" started-at="2018-05-11T08:31:16Z" finished-at="2018-05-11T08:31:17Z">
          <reporter-output>
          </reporter-output>
        </test-method> <!-- teardown -->
      </class> <!-- testcase_demo.Verify_AgriculturalConservationEasementProgram1 -->
      <class name="testcase_demo.Verify_DataAnalysis1">
        <test-method status="PASS" signature="SetUp()[pri:0, instance:testcase_demo.Verify_DataAnalysis1@3b0143d3]" name="SetUp" is-config="true" duration-ms="6894" started-at="2018-05-11T08:38:32Z" finished-at="2018-05-11T08:38:39Z">
          <reporter-output>
          </reporter-output>
        </test-method> <!-- SetUp -->
        <test-method status="PASS" signature="testHomePage()[pri:0, instance:testcase_demo.Verify_DataAnalysis1@3b0143d3]" name="testHomePage" duration-ms="10566" started-at="2018-05-11T08:38:39Z" finished-at="2018-05-11T08:38:49Z">
          <reporter-output>
          </reporter-output>
        </test-method> <!-- testHomePage -->
        <test-method status="PASS" signature="teardown()[pri:0, instance:testcase_demo.Verify_DataAnalysis1@3b0143d3]" name="teardown" is-config="true" duration-ms="7" started-at="2018-05-11T08:38:49Z" finished-at="2018-05-11T08:38:49Z">
          <reporter-output>
          </reporter-output>
        </test-method> <!-- teardown -->
      </class> <!-- testcase_demo.Verify_DataAnalysis1 -->
      <class name="testcase_demo.Verify_NewsReleases1">
        <test-method status="PASS" signature="SetUp()[pri:0, instance:testcase_demo.Verify_NewsReleases1@13a5fe33]" name="SetUp" is-config="true" duration-ms="6088" started-at="2018-05-11T08:49:01Z" finished-at="2018-05-11T08:49:07Z">
          <reporter-output>
          </reporter-output>
        </test-method> <!-- SetUp -->
        <test-method status="PASS" signature="testHomePage()[pri:0, instance:testcase_demo.Verify_NewsReleases1@13a5fe33]" name="testHomePage" duration-ms="10256" started-at="2018-05-11T08:49:07Z" finished-at="2018-05-11T08:49:17Z">
          <reporter-output>
          </reporter-output>
        </test-method> <!-- testHomePage -->
        <test-method status="PASS" signature="teardown()[pri:0, instance:testcase_demo.Verify_NewsReleases1@13a5fe33]" name="teardown" is-config="true" duration-ms="7" started-at="2018-05-11T08:49:17Z" finished-at="2018-05-11T08:49:17Z">
          <reporter-output>
          </reporter-output>
        </test-method> <!-- teardown -->
      </class> <!-- testcase_demo.Verify_NewsReleases1 -->
      <class name="testcase_demo.Verify_FarmBill1">
        <test-method status="PASS" signature="SetUp()[pri:0, instance:testcase_demo.Verify_FarmBill1@2b9627bc]" name="SetUp" is-config="true" duration-ms="8729" started-at="2018-05-11T08:42:10Z" finished-at="2018-05-11T08:42:18Z">
          <reporter-output>
          </reporter-output>
        </test-method> <!-- SetUp -->
        <test-method status="PASS" signature="testHomePage()[pri:0, instance:testcase_demo.Verify_FarmBill1@2b9627bc]" name="testHomePage" duration-ms="21607" started-at="2018-05-11T08:42:18Z" finished-at="2018-05-11T08:42:40Z">
          <reporter-output>
          </reporter-output>
        </test-method> <!-- testHomePage -->
        <test-method status="PASS" signature="teardown()[pri:0, instance:testcase_demo.Verify_FarmBill1@2b9627bc]" name="teardown" is-config="true" duration-ms="15" started-at="2018-05-11T08:42:40Z" finished-at="2018-05-11T08:42:40Z">
          <reporter-output>
          </reporter-output>
        </test-method> <!-- teardown -->
      </class> <!-- testcase_demo.Verify_FarmBill1 -->
      <class name="testcase_demo.Verify_WatershedSurveysandPlanning1">
        <test-method status="PASS" signature="SetUp()[pri:0, instance:testcase_demo.Verify_WatershedSurveysandPlanning1@47ef968d]" name="SetUp" is-config="true" duration-ms="13427" started-at="2018-05-11T09:02:36Z" finished-at="2018-05-11T09:02:50Z">
          <reporter-output>
          </reporter-output>
        </test-method> <!-- SetUp -->
        <test-method status="PASS" signature="testHomePage()[pri:0, instance:testcase_demo.Verify_WatershedSurveysandPlanning1@47ef968d]" name="testHomePage" duration-ms="4294" started-at="2018-05-11T09:02:50Z" finished-at="2018-05-11T09:02:54Z">
          <reporter-output>
          </reporter-output>
        </test-method> <!-- testHomePage -->
        <test-method status="PASS" signature="teardown()[pri:0, instance:testcase_demo.Verify_WatershedSurveysandPlanning1@47ef968d]" name="teardown" is-config="true" duration-ms="8" started-at="2018-05-11T09:02:54Z" finished-at="2018-05-11T09:02:54Z">
          <reporter-output>
          </reporter-output>
        </test-method> <!-- teardown -->
      </class> <!-- testcase_demo.Verify_WatershedSurveysandPlanning1 -->
      <class name="testcase_demo.Verify_SiteMetadataInformation1">
        <test-method status="PASS" signature="SetUp()[pri:0, instance:testcase_demo.Verify_SiteMetadataInformation1@3e9b1010]" name="SetUp" is-config="true" duration-ms="6310" started-at="2018-05-11T08:54:26Z" finished-at="2018-05-11T08:54:32Z">
          <reporter-output>
          </reporter-output>
        </test-method> <!-- SetUp -->
        <test-method status="PASS" signature="testHomePage()[pri:0, instance:testcase_demo.Verify_SiteMetadataInformation1@3e9b1010]" name="testHomePage" duration-ms="16228" started-at="2018-05-11T08:54:32Z" finished-at="2018-05-11T08:54:48Z">
          <reporter-output>
          </reporter-output>
        </test-method> <!-- testHomePage -->
        <test-method status="PASS" signature="teardown()[pri:0, instance:testcase_demo.Verify_SiteMetadataInformation1@3e9b1010]" name="teardown" is-config="true" duration-ms="0" started-at="2018-05-11T08:54:48Z" finished-at="2018-05-11T08:54:48Z">
          <reporter-output>
          </reporter-output>
        </test-method> <!-- teardown -->
      </class> <!-- testcase_demo.Verify_SiteMetadataInformation1 -->
      <class name="testcase_demo.Verify_StateOffice1">
        <test-method status="PASS" signature="SetUp()[pri:0, instance:testcase_demo.Verify_StateOffice1@5ec0a365]" name="SetUp" is-config="true" duration-ms="5820" started-at="2018-05-11T08:57:21Z" finished-at="2018-05-11T08:57:26Z">
          <reporter-output>
          </reporter-output>
        </test-method> <!-- SetUp -->
        <test-method status="PASS" signature="testHomePage()[pri:0, instance:testcase_demo.Verify_StateOffice1@5ec0a365]" name="testHomePage" duration-ms="4558" started-at="2018-05-11T08:57:26Z" finished-at="2018-05-11T08:57:31Z">
          <reporter-output>
          </reporter-output>
        </test-method> <!-- testHomePage -->
        <test-method status="PASS" signature="teardown()[pri:0, instance:testcase_demo.Verify_StateOffice1@5ec0a365]" name="teardown" is-config="true" duration-ms="0" started-at="2018-05-11T08:57:31Z" finished-at="2018-05-11T08:57:31Z">
          <reporter-output>
          </reporter-output>
        </test-method> <!-- teardown -->
      </class> <!-- testcase_demo.Verify_StateOffice1 -->
      <class name="testcase_demo.Verify_Programs1">
        <test-method status="PASS" signature="SetUp()[pri:0, instance:testcase_demo.Verify_Programs1@50b494a6]" name="SetUp" is-config="true" duration-ms="7221" started-at="2018-05-11T08:52:05Z" finished-at="2018-05-11T08:52:12Z">
          <reporter-output>
          </reporter-output>
        </test-method> <!-- SetUp -->
        <test-method status="PASS" signature="testHomePage()[pri:0, instance:testcase_demo.Verify_Programs1@50b494a6]" name="testHomePage" duration-ms="19921" started-at="2018-05-11T08:52:12Z" finished-at="2018-05-11T08:52:32Z">
          <reporter-output>
          </reporter-output>
        </test-method> <!-- testHomePage -->
        <test-method status="PASS" signature="teardown()[pri:0, instance:testcase_demo.Verify_Programs1@50b494a6]" name="teardown" is-config="true" duration-ms="6" started-at="2018-05-11T08:52:32Z" finished-at="2018-05-11T08:52:32Z">
          <reporter-output>
          </reporter-output>
        </test-method> <!-- teardown -->
      </class> <!-- testcase_demo.Verify_Programs1 -->
      <class name="testcase_demo.Verify_People1">
        <test-method status="PASS" signature="SetUp()[pri:0, instance:testcase_demo.Verify_People1@43814d18]" name="SetUp" is-config="true" duration-ms="6433" started-at="2018-05-11T08:50:59Z" finished-at="2018-05-11T08:51:05Z">
          <reporter-output>
          </reporter-output>
        </test-method> <!-- SetUp -->
        <test-method status="PASS" signature="testHomePage()[pri:0, instance:testcase_demo.Verify_People1@43814d18]" name="testHomePage" duration-ms="10470" started-at="2018-05-11T08:51:05Z" finished-at="2018-05-11T08:51:16Z">
          <reporter-output>
          </reporter-output>
        </test-method> <!-- testHomePage -->
        <test-method status="PASS" signature="teardown()[pri:0, instance:testcase_demo.Verify_People1@43814d18]" name="teardown" is-config="true" duration-ms="16" started-at="2018-05-11T08:51:16Z" finished-at="2018-05-11T08:51:16Z">
          <reporter-output>
          </reporter-output>
        </test-method> <!-- teardown -->
      </class> <!-- testcase_demo.Verify_People1 -->
      <class name="testcase_demo.Verify_GIS1">
        <test-method status="PASS" signature="SetUp()[pri:0, instance:testcase_demo.Verify_GIS1@6fc6f14e]" name="SetUp" is-config="true" duration-ms="5898" started-at="2018-05-11T08:45:01Z" finished-at="2018-05-11T08:45:07Z">
          <reporter-output>
          </reporter-output>
        </test-method> <!-- SetUp -->
        <test-method status="PASS" signature="testHomePage()[pri:0, instance:testcase_demo.Verify_GIS1@6fc6f14e]" name="testHomePage" duration-ms="17461" started-at="2018-05-11T08:45:07Z" finished-at="2018-05-11T08:45:25Z">
          <reporter-output>
          </reporter-output>
        </test-method> <!-- testHomePage -->
        <test-method status="PASS" signature="teardown()[pri:0, instance:testcase_demo.Verify_GIS1@6fc6f14e]" name="teardown" is-config="true" duration-ms="0" started-at="2018-05-11T08:45:25Z" finished-at="2018-05-11T08:45:25Z">
          <reporter-output>
          </reporter-output>
        </test-method> <!-- teardown -->
      </class> <!-- testcase_demo.Verify_GIS1 -->
      <class name="testcase_demo.Verify_Cropland1">
        <test-method status="PASS" signature="SetUp()[pri:0, instance:testcase_demo.Verify_Cropland1@3d99d22e]" name="SetUp" is-config="true" duration-ms="6595" started-at="2018-05-11T08:37:49Z" finished-at="2018-05-11T08:37:55Z">
          <reporter-output>
          </reporter-output>
        </test-method> <!-- SetUp -->
        <test-method status="PASS" signature="testHomePage()[pri:0, instance:testcase_demo.Verify_Cropland1@3d99d22e]" name="testHomePage" duration-ms="6137" started-at="2018-05-11T08:37:55Z" finished-at="2018-05-11T08:38:01Z">
          <reporter-output>
          </reporter-output>
        </test-method> <!-- testHomePage -->
        <test-method status="PASS" signature="teardown()[pri:0, instance:testcase_demo.Verify_Cropland1@3d99d22e]" name="teardown" is-config="true" duration-ms="8" started-at="2018-05-11T08:38:01Z" finished-at="2018-05-11T08:38:01Z">
          <reporter-output>
          </reporter-output>
        </test-method> <!-- teardown -->
      </class> <!-- testcase_demo.Verify_Cropland1 -->
      <class name="testcase_demo.Verify_StateWebsites">
        <test-method status="PASS" signature="SetUp()[pri:0, instance:testcase_demo.Verify_StateWebsites@67b92f0a]" name="SetUp" is-config="true" duration-ms="6288" started-at="2018-05-11T08:58:02Z" finished-at="2018-05-11T08:58:08Z">
          <reporter-output>
          </reporter-output>
        </test-method> <!-- SetUp -->
        <test-method status="FAIL" signature="testHomePage()[pri:0, instance:testcase_demo.Verify_StateWebsites@67b92f0a]" name="testHomePage" duration-ms="12189" started-at="2018-05-11T08:58:08Z" finished-at="2018-05-11T08:58:20Z">
          <exception class="org.openqa.selenium.NoSuchElementException">
            <message>
              <![CDATA[Unable to locate element: {"method":"xpath","selector":".//*[@id='overview']"}
Command duration or timeout: 10.09 seconds
For documentation on this error, please visit: http://seleniumhq.org/exceptions/no_such_element.html
Build info: version: '2.53.1', revision: 'a36b8b1cd5757287168e54b817830adce9b0158d', time: '2016-06-30 19:26:09'
System info: host: 'TSPREA01LAPA35', ip: '199.130.135.239', os.name: 'Windows 10', os.arch: 'amd64', os.version: '10.0', java.version: '1.8.0_131'
Driver info: org.openqa.selenium.firefox.FirefoxDriver
Capabilities [{applicationCacheEnabled=true, rotatable=false, handlesAlerts=true, databaseEnabled=true, version=39.0, platform=WINDOWS, nativeEvents=false, acceptSslCerts=true, webStorageEnabled=true, locationContextEnabled=true, browserName=firefox, takesScreenshot=true, javascriptEnabled=true, cssSelectorsEnabled=true}]
Session ID: 6f4f2564-ed9b-428b-a18c-416c737fd487
*** Element info: {Using=xpath, value=.//*[@id='overview']}]]>
            </message>
            <full-stacktrace>
              <![CDATA[org.openqa.selenium.NoSuchElementException: Unable to locate element: {"method":"xpath","selector":".//*[@id='overview']"}
Command duration or timeout: 10.09 seconds
For documentation on this error, please visit: http://seleniumhq.org/exceptions/no_such_element.html
Build info: version: '2.53.1', revision: 'a36b8b1cd5757287168e54b817830adce9b0158d', time: '2016-06-30 19:26:09'
System info: host: 'TSPREA01LAPA35', ip: '199.130.135.239', os.name: 'Windows 10', os.arch: 'amd64', os.version: '10.0', java.version: '1.8.0_131'
Driver info: org.openqa.selenium.firefox.FirefoxDriver
Capabilities [{applicationCacheEnabled=true, rotatable=false, handlesAlerts=true, databaseEnabled=true, version=39.0, platform=WINDOWS, nativeEvents=false, acceptSslCerts=true, webStorageEnabled=true, locationContextEnabled=true, browserName=firefox, takesScreenshot=true, javascriptEnabled=true, cssSelectorsEnabled=true}]
Session ID: 6f4f2564-ed9b-428b-a18c-416c737fd487
*** Element info: {Using=xpath, value=.//*[@id='overview']}
	at sun.reflect.NativeConstructorAccessorImpl.newInstance0(Native Method)
	at sun.reflect.NativeConstructorAccessorImpl.newInstance(NativeConstructorAccessorImpl.java:62)
	at sun.reflect.DelegatingConstructorAccessorImpl.newInstance(DelegatingConstructorAccessorImpl.java:45)
	at java.lang.reflect.Constructor.newInstance(Constructor.java:423)
	at org.openqa.selenium.remote.ErrorHandler.createThrowable(ErrorHandler.java:206)
	at org.openqa.selenium.remote.ErrorHandler.throwIfResponseFailed(ErrorHandler.java:158)
	at org.openqa.selenium.remote.RemoteWebDriver.execute(RemoteWebDriver.java:678)
	at org.openqa.selenium.remote.RemoteWebDriver.findElement(RemoteWebDriver.java:363)
	at org.openqa.selenium.remote.RemoteWebDriver.findElementByXPath(RemoteWebDriver.java:500)
	at org.openqa.selenium.By$ByXPath.findElement(By.java:361)
	at org.openqa.selenium.remote.RemoteWebDriver.findElement(RemoteWebDriver.java:355)
	at org.openqa.selenium.support.pagefactory.DefaultElementLocator.findElement(DefaultElementLocator.java:69)
	at org.openqa.selenium.support.pagefactory.internal.LocatingElementHandler.invoke(LocatingElementHandler.java:38)
	at com.sun.proxy.$Proxy7.findElements(Unknown Source)
	at page_demo.StateWebsites.validateURL(StateWebsites.java:83)
	at testcase_demo.Verify_StateWebsites.testHomePage(Verify_StateWebsites.java:41)
	at sun.reflect.NativeMethodAccessorImpl.invoke0(Native Method)
	at sun.reflect.NativeMethodAccessorImpl.invoke(NativeMethodAccessorImpl.java:62)
	at sun.reflect.DelegatingMethodAccessorImpl.invoke(DelegatingMethodAccessorImpl.java:43)
	at java.lang.reflect.Method.invoke(Method.java:498)
	at org.testng.internal.MethodInvocationHelper.invokeMethod(MethodInvocationHelper.java:80)
	at org.testng.internal.Invoker.invokeMethod(Invoker.java:714)
	at org.testng.internal.Invoker.invokeTestMethod(Invoker.java:901)
	at org.testng.internal.Invoker.invokeTestMethods(Invoker.java:1231)
	at org.testng.internal.TestMethodWorker.invokeTestMethods(TestMethodWorker.java:127)
	at org.testng.internal.TestMethodWorker.run(TestMethodWorker.java:111)
	at org.testng.TestRunner.privateRun(TestRunner.java:767)
	at org.testng.TestRunner.run(TestRunner.java:617)
	at org.testng.SuiteRunner.runTest(SuiteRunner.java:334)
	at org.testng.SuiteRunner.runSequentially(SuiteRunner.java:329)
	at org.testng.SuiteRunner.privateRun(SuiteRunner.java:291)
	at org.testng.SuiteRunner.run(SuiteRunner.java:240)
	at org.testng.SuiteRunnerWorker.runSuite(SuiteRunnerWorker.java:52)
	at org.testng.SuiteRunnerWorker.run(SuiteRunnerWorker.java:86)
	at org.testng.TestNG.runSuitesSequentially(TestNG.java:1198)
	at org.testng.TestNG.runSuitesLocally(TestNG.java:1123)
	at org.testng.TestNG.run(TestNG.java:1031)
	at org.testng.remote.AbstractRemoteTestNG.run(AbstractRemoteTestNG.java:132)
	at org.testng.remote.RemoteTestNG.initAndRun(RemoteTestNG.java:230)
	at org.testng.remote.RemoteTestNG.main(RemoteTestNG.java:76)
Caused by: org.openqa.selenium.NoSuchElementException: Unable to locate element: {"method":"xpath","selector":".//*[@id='overview']"}
For documentation on this error, please visit: http://seleniumhq.org/exceptions/no_such_element.html
Build info: version: '2.53.1', revision: 'a36b8b1cd5757287168e54b817830adce9b0158d', time: '2016-06-30 19:26:09'
System info: host: 'TSPREA01LAPA35', ip: '199.130.135.239', os.name: 'Windows 10', os.arch: 'amd64', os.version: '10.0', java.version: '1.8.0_131'
Driver info: driver.version: unknown
	at <anonymous class>.FirefoxDriver.prototype.findElementInternal_(file:///C:/Users/SIVAPR~2/AppData/Local/Temp/anonymous6453072193725384974webdriver-profile/extensions/fxdriver@googlecode.com/components/driver-component.js:10770)
	at <anonymous class>.fxdriver.Timer.prototype.setTimeout/<.notify(file:///C:/Users/SIVAPR~2/AppData/Local/Temp/anonymous6453072193725384974webdriver-profile/extensions/fxdriver@googlecode.com/components/driver-component.js:625)
]]>
            </full-stacktrace>
          </exception> <!-- org.openqa.selenium.NoSuchElementException -->
          <reporter-output>
          </reporter-output>
        </test-method> <!-- testHomePage -->
        <test-method status="PASS" signature="teardown()[pri:0, instance:testcase_demo.Verify_StateWebsites@67b92f0a]" name="teardown" is-config="true" duration-ms="15" started-at="2018-05-11T08:58:20Z" finished-at="2018-05-11T08:58:20Z">
          <reporter-output>
          </reporter-output>
        </test-method> <!-- teardown -->
      </class> <!-- testcase_demo.Verify_StateWebsites -->
      <class name="testcase_demo.Verify_ManureManagement1">
        <test-method status="PASS" signature="SetUp()[pri:0, instance:testcase_demo.Verify_ManureManagement1@5383967b]" name="SetUp" is-config="true" duration-ms="6016" started-at="2018-05-11T08:48:10Z" finished-at="2018-05-11T08:48:16Z">
          <reporter-output>
          </reporter-output>
        </test-method> <!-- SetUp -->
        <test-method status="PASS" signature="testHomePage()[pri:0, instance:testcase_demo.Verify_ManureManagement1@5383967b]" name="testHomePage" duration-ms="19182" started-at="2018-05-11T08:48:16Z" finished-at="2018-05-11T08:48:35Z">
          <reporter-output>
          </reporter-output>
        </test-method> <!-- testHomePage -->
        <test-method status="PASS" signature="teardown()[pri:0, instance:testcase_demo.Verify_ManureManagement1@5383967b]" name="teardown" is-config="true" duration-ms="28" started-at="2018-05-11T08:48:35Z" finished-at="2018-05-11T08:48:35Z">
          <reporter-output>
          </reporter-output>
        </test-method> <!-- teardown -->
      </class> <!-- testcase_demo.Verify_ManureManagement1 -->
      <class name="testcase_demo.Verify_ConservationCompliance1">
        <test-method status="PASS" signature="SetUp()[pri:0, instance:testcase_demo.Verify_ConservationCompliance1@335eadca]" name="SetUp" is-config="true" duration-ms="6857" started-at="2018-05-11T08:35:01Z" finished-at="2018-05-11T08:35:07Z">
          <reporter-output>
          </reporter-output>
        </test-method> <!-- SetUp -->
        <test-method status="PASS" signature="testHomePage()[pri:0, instance:testcase_demo.Verify_ConservationCompliance1@335eadca]" name="testHomePage" duration-ms="15539" started-at="2018-05-11T08:35:07Z" finished-at="2018-05-11T08:35:23Z">
          <reporter-output>
          </reporter-output>
        </test-method> <!-- testHomePage -->
        <test-method status="PASS" signature="teardown()[pri:0, instance:testcase_demo.Verify_ConservationCompliance1@335eadca]" name="teardown" is-config="true" duration-ms="8" started-at="2018-05-11T08:35:23Z" finished-at="2018-05-11T08:35:23Z">
          <reporter-output>
          </reporter-output>
        </test-method> <!-- teardown -->
      </class> <!-- testcase_demo.Verify_ConservationCompliance1 -->
      <class name="testcase_demo.Verify_ConservationInnovationGrants1">
        <test-method status="PASS" signature="SetUp()[pri:0, instance:testcase_demo.Verify_ConservationInnovationGrants1@5c5a1b69]" name="SetUp" is-config="true" duration-ms="6842" started-at="2018-05-11T08:35:23Z" finished-at="2018-05-11T08:35:30Z">
          <reporter-output>
          </reporter-output>
        </test-method> <!-- SetUp -->
        <test-method status="PASS" signature="testHomePage()[pri:0, instance:testcase_demo.Verify_ConservationInnovationGrants1@5c5a1b69]" name="testHomePage" duration-ms="30526" started-at="2018-05-11T08:35:30Z" finished-at="2018-05-11T08:36:00Z">
          <reporter-output>
          </reporter-output>
        </test-method> <!-- testHomePage -->
        <test-method status="PASS" signature="teardown()[pri:0, instance:testcase_demo.Verify_ConservationInnovationGrants1@5c5a1b69]" name="teardown" is-config="true" duration-ms="0" started-at="2018-05-11T08:36:00Z" finished-at="2018-05-11T08:36:00Z">
          <reporter-output>
          </reporter-output>
        </test-method> <!-- teardown -->
      </class> <!-- testcase_demo.Verify_ConservationInnovationGrants1 -->
      <class name="testcase_demo.Verify_Easements1">
        <test-method status="PASS" signature="SetUp()[pri:0, instance:testcase_demo.Verify_Easements1@57536d79]" name="SetUp" is-config="true" duration-ms="6319" started-at="2018-05-11T08:39:19Z" finished-at="2018-05-11T08:39:25Z">
          <reporter-output>
          </reporter-output>
        </test-method> <!-- SetUp -->
        <test-method status="PASS" signature="testHomePage()[pri:0, instance:testcase_demo.Verify_Easements1@57536d79]" name="testHomePage" duration-ms="14523" started-at="2018-05-11T08:39:25Z" finished-at="2018-05-11T08:39:40Z">
          <reporter-output>
          </reporter-output>
        </test-method> <!-- testHomePage -->
        <test-method status="PASS" signature="teardown()[pri:0, instance:testcase_demo.Verify_Easements1@57536d79]" name="teardown" is-config="true" duration-ms="6" started-at="2018-05-11T08:39:40Z" finished-at="2018-05-11T08:39:40Z">
          <reporter-output>
          </reporter-output>
        </test-method> <!-- teardown -->
      </class> <!-- testcase_demo.Verify_Easements1 -->
      <class name="testcase_demo.Verify_NutrientManagement1">
        <test-method status="PASS" signature="SetUp()[pri:0, instance:testcase_demo.Verify_NutrientManagement1@5a8e6209]" name="SetUp" is-config="true" duration-ms="6010" started-at="2018-05-11T08:49:47Z" finished-at="2018-05-11T08:49:53Z">
          <reporter-output>
          </reporter-output>
        </test-method> <!-- SetUp -->
        <test-method status="PASS" signature="testHomePage()[pri:0, instance:testcase_demo.Verify_NutrientManagement1@5a8e6209]" name="testHomePage" duration-ms="22566" started-at="2018-05-11T08:49:53Z" finished-at="2018-05-11T08:50:16Z">
          <reporter-output>
          </reporter-output>
        </test-method> <!-- testHomePage -->
        <test-method status="PASS" signature="teardown()[pri:0, instance:testcase_demo.Verify_NutrientManagement1@5a8e6209]" name="teardown" is-config="true" duration-ms="15" started-at="2018-05-11T08:50:16Z" finished-at="2018-05-11T08:50:16Z">
          <reporter-output>
          </reporter-output>
        </test-method> <!-- teardown -->
      </class> <!-- testcase_demo.Verify_NutrientManagement1 -->
      <class name="testcase_demo.Verify_SoilHealth1">
        <test-method status="PASS" signature="SetUp()[pri:0, instance:testcase_demo.Verify_SoilHealth1@66480dd7]" name="SetUp" is-config="true" duration-ms="9583" started-at="2018-05-11T08:56:02Z" finished-at="2018-05-11T08:56:12Z">
          <reporter-output>
          </reporter-output>
        </test-method> <!-- SetUp -->
        <test-method status="PASS" signature="testHomePage()[pri:0, instance:testcase_demo.Verify_SoilHealth1@66480dd7]" name="testHomePage" duration-ms="12449" started-at="2018-05-11T08:56:12Z" finished-at="2018-05-11T08:56:24Z">
          <reporter-output>
          </reporter-output>
        </test-method> <!-- testHomePage -->
        <test-method status="PASS" signature="teardown()[pri:0, instance:testcase_demo.Verify_SoilHealth1@66480dd7]" name="teardown" is-config="true" duration-ms="10" started-at="2018-05-11T08:56:24Z" finished-at="2018-05-11T08:56:24Z">
          <reporter-output>
          </reporter-output>
        </test-method> <!-- teardown -->
      </class> <!-- testcase_demo.Verify_SoilHealth1 -->
      <class name="testcase_demo.Verify_LandUse1">
        <test-method status="PASS" signature="SetUp()[pri:0, instance:testcase_demo.Verify_LandUse1@61f8bee4]" name="SetUp" is-config="true" duration-ms="5668" started-at="2018-05-11T08:47:32Z" finished-at="2018-05-11T08:47:37Z">
          <reporter-output>
          </reporter-output>
        </test-method> <!-- SetUp -->
        <test-method status="PASS" signature="testHomePage()[pri:0, instance:testcase_demo.Verify_LandUse1@61f8bee4]" name="testHomePage" duration-ms="17062" started-at="2018-05-11T08:47:37Z" finished-at="2018-05-11T08:47:54Z">
          <reporter-output>
          </reporter-output>
        </test-method> <!-- testHomePage -->
        <test-method status="PASS" signature="teardown()[pri:0, instance:testcase_demo.Verify_LandUse1@61f8bee4]" name="teardown" is-config="true" duration-ms="15" started-at="2018-05-11T08:47:54Z" finished-at="2018-05-11T08:47:54Z">
          <reporter-output>
          </reporter-output>
        </test-method> <!-- teardown -->
      </class> <!-- testcase_demo.Verify_LandUse1 -->
      <class name="testcase_demo.Verify_LocalServiceCenters1">
        <test-method status="PASS" signature="SetUp()[pri:0, instance:testcase_demo.Verify_LocalServiceCenters1@71318ec4]" name="SetUp" is-config="true" duration-ms="5831" started-at="2018-05-11T08:47:54Z" finished-at="2018-05-11T08:48:00Z">
          <reporter-output>
          </reporter-output>
        </test-method> <!-- SetUp -->
        <test-method status="PASS" signature="testHomePage()[pri:0, instance:testcase_demo.Verify_LocalServiceCenters1@71318ec4]" name="testHomePage" duration-ms="9669" started-at="2018-05-11T08:48:00Z" finished-at="2018-05-11T08:48:10Z">
          <reporter-output>
          </reporter-output>
        </test-method> <!-- testHomePage -->
        <test-method status="PASS" signature="teardown()[pri:0, instance:testcase_demo.Verify_LocalServiceCenters1@71318ec4]" name="teardown" is-config="true" duration-ms="16" started-at="2018-05-11T08:48:10Z" finished-at="2018-05-11T08:48:10Z">
          <reporter-output>
          </reporter-output>
        </test-method> <!-- teardown -->
      </class> <!-- testcase_demo.Verify_LocalServiceCenters1 -->
      <class name="testcase_demo.Verify_EventsDeadlines1">
        <test-method status="PASS" signature="SetUp()[pri:0, instance:testcase_demo.Verify_EventsDeadlines1@6f1fba17]" name="SetUp" is-config="true" duration-ms="6154" started-at="2018-05-11T08:41:53Z" finished-at="2018-05-11T08:42:00Z">
          <reporter-output>
          </reporter-output>
        </test-method> <!-- SetUp -->
        <test-method status="FAIL" signature="testHomePage()[pri:0, instance:testcase_demo.Verify_EventsDeadlines1@6f1fba17]" name="testHomePage" duration-ms="10038" started-at="2018-05-11T08:42:00Z" finished-at="2018-05-11T08:42:10Z">
          <exception class="org.openqa.selenium.NoSuchElementException">
            <message>
              <![CDATA[Unable to locate element: {"method":"xpath","selector":".//*[@id='mainContent']/table/tbody/tr/td/table/tbody/tr[3]/td/table/tbody/tr/td[3]/table/tbody/tr/td/table/tbody/tr/td"}
Command duration or timeout: 10.04 seconds
For documentation on this error, please visit: http://seleniumhq.org/exceptions/no_such_element.html
Build info: version: '2.53.1', revision: 'a36b8b1cd5757287168e54b817830adce9b0158d', time: '2016-06-30 19:26:09'
System info: host: 'TSPREA01LAPA35', ip: '199.130.135.239', os.name: 'Windows 10', os.arch: 'amd64', os.version: '10.0', java.version: '1.8.0_131'
Driver info: org.openqa.selenium.firefox.FirefoxDriver
Capabilities [{applicationCacheEnabled=true, rotatable=false, handlesAlerts=true, databaseEnabled=true, version=39.0, platform=WINDOWS, nativeEvents=false, acceptSslCerts=true, webStorageEnabled=true, locationContextEnabled=true, browserName=firefox, takesScreenshot=true, javascriptEnabled=true, cssSelectorsEnabled=true}]
Session ID: 424e5a4e-2583-4275-a6b2-6e4210ca62f1
*** Element info: {Using=xpath, value=.//*[@id='mainContent']/table/tbody/tr/td/table/tbody/tr[3]/td/table/tbody/tr/td[3]/table/tbody/tr/td/table/tbody/tr/td}]]>
            </message>
            <full-stacktrace>
              <![CDATA[org.openqa.selenium.NoSuchElementException: Unable to locate element: {"method":"xpath","selector":".//*[@id='mainContent']/table/tbody/tr/td/table/tbody/tr[3]/td/table/tbody/tr/td[3]/table/tbody/tr/td/table/tbody/tr/td"}
Command duration or timeout: 10.04 seconds
For documentation on this error, please visit: http://seleniumhq.org/exceptions/no_such_element.html
Build info: version: '2.53.1', revision: 'a36b8b1cd5757287168e54b817830adce9b0158d', time: '2016-06-30 19:26:09'
System info: host: 'TSPREA01LAPA35', ip: '199.130.135.239', os.name: 'Windows 10', os.arch: 'amd64', os.version: '10.0', java.version: '1.8.0_131'
Driver info: org.openqa.selenium.firefox.FirefoxDriver
Capabilities [{applicationCacheEnabled=true, rotatable=false, handlesAlerts=true, databaseEnabled=true, version=39.0, platform=WINDOWS, nativeEvents=false, acceptSslCerts=true, webStorageEnabled=true, locationContextEnabled=true, browserName=firefox, takesScreenshot=true, javascriptEnabled=true, cssSelectorsEnabled=true}]
Session ID: 424e5a4e-2583-4275-a6b2-6e4210ca62f1
*** Element info: {Using=xpath, value=.//*[@id='mainContent']/table/tbody/tr/td/table/tbody/tr[3]/td/table/tbody/tr/td[3]/table/tbody/tr/td/table/tbody/tr/td}
	at sun.reflect.NativeConstructorAccessorImpl.newInstance0(Native Method)
	at sun.reflect.NativeConstructorAccessorImpl.newInstance(NativeConstructorAccessorImpl.java:62)
	at sun.reflect.DelegatingConstructorAccessorImpl.newInstance(DelegatingConstructorAccessorImpl.java:45)
	at java.lang.reflect.Constructor.newInstance(Constructor.java:423)
	at org.openqa.selenium.remote.ErrorHandler.createThrowable(ErrorHandler.java:206)
	at org.openqa.selenium.remote.ErrorHandler.throwIfResponseFailed(ErrorHandler.java:158)
	at org.openqa.selenium.remote.RemoteWebDriver.execute(RemoteWebDriver.java:678)
	at org.openqa.selenium.remote.RemoteWebDriver.findElement(RemoteWebDriver.java:363)
	at org.openqa.selenium.remote.RemoteWebDriver.findElementByXPath(RemoteWebDriver.java:500)
	at org.openqa.selenium.By$ByXPath.findElement(By.java:361)
	at org.openqa.selenium.remote.RemoteWebDriver.findElement(RemoteWebDriver.java:355)
	at org.openqa.selenium.support.pagefactory.DefaultElementLocator.findElement(DefaultElementLocator.java:69)
	at org.openqa.selenium.support.pagefactory.internal.LocatingElementHandler.invoke(LocatingElementHandler.java:38)
	at com.sun.proxy.$Proxy7.findElements(Unknown Source)
	at page_demo.EventsDeadlines1.validateURL(EventsDeadlines1.java:89)
	at testcase_demo.Verify_EventsDeadlines1.testHomePage(Verify_EventsDeadlines1.java:43)
	at sun.reflect.NativeMethodAccessorImpl.invoke0(Native Method)
	at sun.reflect.NativeMethodAccessorImpl.invoke(NativeMethodAccessorImpl.java:62)
	at sun.reflect.DelegatingMethodAccessorImpl.invoke(DelegatingMethodAccessorImpl.java:43)
	at java.lang.reflect.Method.invoke(Method.java:498)
	at org.testng.internal.MethodInvocationHelper.invokeMethod(MethodInvocationHelper.java:80)
	at org.testng.internal.Invoker.invokeMethod(Invoker.java:714)
	at org.testng.internal.Invoker.invokeTestMethod(Invoker.java:901)
	at org.testng.internal.Invoker.invokeTestMethods(Invoker.java:1231)
	at org.testng.internal.TestMethodWorker.invokeTestMethods(TestMethodWorker.java:127)
	at org.testng.internal.TestMethodWorker.run(TestMethodWorker.java:111)
	at org.testng.TestRunner.privateRun(TestRunner.java:767)
	at org.testng.TestRunner.run(TestRunner.java:617)
	at org.testng.SuiteRunner.runTest(SuiteRunner.java:334)
	at org.testng.SuiteRunner.runSequentially(SuiteRunner.java:329)
	at org.testng.SuiteRunner.privateRun(SuiteRunner.java:291)
	at org.testng.SuiteRunner.run(SuiteRunner.java:240)
	at org.testng.SuiteRunnerWorker.runSuite(SuiteRunnerWorker.java:52)
	at org.testng.SuiteRunnerWorker.run(SuiteRunnerWorker.java:86)
	at org.testng.TestNG.runSuitesSequentially(TestNG.java:1198)
	at org.testng.TestNG.runSuitesLocally(TestNG.java:1123)
	at org.testng.TestNG.run(TestNG.java:1031)
	at org.testng.remote.AbstractRemoteTestNG.run(AbstractRemoteTestNG.java:132)
	at org.testng.remote.RemoteTestNG.initAndRun(RemoteTestNG.java:230)
	at org.testng.remote.RemoteTestNG.main(RemoteTestNG.java:76)
Caused by: org.openqa.selenium.NoSuchElementException: Unable to locate element: {"method":"xpath","selector":".//*[@id='mainContent']/table/tbody/tr/td/table/tbody/tr[3]/td/table/tbody/tr/td[3]/table/tbody/tr/td/table/tbody/tr/td"}
For documentation on this error, please visit: http://seleniumhq.org/exceptions/no_such_element.html
Build info: version: '2.53.1', revision: 'a36b8b1cd5757287168e54b817830adce9b0158d', time: '2016-06-30 19:26:09'
System info: host: 'TSPREA01LAPA35', ip: '199.130.135.239', os.name: 'Windows 10', os.arch: 'amd64', os.version: '10.0', java.version: '1.8.0_131'
Driver info: driver.version: unknown
	at <anonymous class>.FirefoxDriver.prototype.findElementInternal_(file:///C:/Users/SIVAPR~2/AppData/Local/Temp/anonymous9134458860891091264webdriver-profile/extensions/fxdriver@googlecode.com/components/driver-component.js:10770)
	at <anonymous class>.fxdriver.Timer.prototype.setTimeout/<.notify(file:///C:/Users/SIVAPR~2/AppData/Local/Temp/anonymous9134458860891091264webdriver-profile/extensions/fxdriver@googlecode.com/components/driver-component.js:625)
]]>
            </full-stacktrace>
          </exception> <!-- org.openqa.selenium.NoSuchElementException -->
          <reporter-output>
          </reporter-output>
        </test-method> <!-- testHomePage -->
        <test-method status="PASS" signature="teardown()[pri:0, instance:testcase_demo.Verify_EventsDeadlines1@6f1fba17]" name="teardown" is-config="true" duration-ms="16" started-at="2018-05-11T08:42:10Z" finished-at="2018-05-11T08:42:10Z">
          <reporter-output>
          </reporter-output>
        </test-method> <!-- teardown -->
      </class> <!-- testcase_demo.Verify_EventsDeadlines1 -->
      <class name="testcase_demo.Verify_WaterResources1">
        <test-method status="PASS" signature="SetUp()[pri:0, instance:testcase_demo.Verify_WaterResources1@5f9d02cb]" name="SetUp" is-config="true" duration-ms="14812" started-at="2018-05-11T09:01:31Z" finished-at="2018-05-11T09:01:46Z">
          <reporter-output>
          </reporter-output>
        </test-method> <!-- SetUp -->
        <test-method status="PASS" signature="testHomePage()[pri:0, instance:testcase_demo.Verify_WaterResources1@5f9d02cb]" name="testHomePage" duration-ms="5324" started-at="2018-05-11T09:01:46Z" finished-at="2018-05-11T09:01:51Z">
          <reporter-output>
          </reporter-output>
        </test-method> <!-- testHomePage -->
        <test-method status="PASS" signature="teardown()[pri:0, instance:testcase_demo.Verify_WaterResources1@5f9d02cb]" name="teardown" is-config="true" duration-ms="16" started-at="2018-05-11T09:01:51Z" finished-at="2018-05-11T09:01:51Z">
          <reporter-output>
          </reporter-output>
        </test-method> <!-- teardown -->
      </class> <!-- testcase_demo.Verify_WaterResources1 -->
      <class name="testcase_demo.Verify_EnvironmentalQualityIncentivesProgram1">
        <test-method status="PASS" signature="SetUp()[pri:0, instance:testcase_demo.Verify_EnvironmentalQualityIncentivesProgram1@6ebc05a6]" name="SetUp" is-config="true" duration-ms="10990" started-at="2018-05-11T08:41:20Z" finished-at="2018-05-11T08:41:31Z">
          <reporter-output>
          </reporter-output>
        </test-method> <!-- SetUp -->
        <test-method status="PASS" signature="testHomePage()[pri:0, instance:testcase_demo.Verify_EnvironmentalQualityIncentivesProgram1@6ebc05a6]" name="testHomePage" duration-ms="22931" started-at="2018-05-11T08:41:31Z" finished-at="2018-05-11T08:41:53Z">
          <reporter-output>
          </reporter-output>
        </test-method> <!-- testHomePage -->
        <test-method status="PASS" signature="teardown()[pri:0, instance:testcase_demo.Verify_EnvironmentalQualityIncentivesProgram1@6ebc05a6]" name="teardown" is-config="true" duration-ms="0" started-at="2018-05-11T08:41:53Z" finished-at="2018-05-11T08:41:53Z">
          <reporter-output>
          </reporter-output>
        </test-method> <!-- teardown -->
      </class> <!-- testcase_demo.Verify_EnvironmentalQualityIncentivesProgram1 -->
      <class name="testcase_demo.Verify_NRCSEmployees1">
        <test-method status="PASS" signature="SetUp()[pri:0, instance:testcase_demo.Verify_NRCSEmployees1@192b07fd]" name="SetUp" is-config="true" duration-ms="5857" started-at="2018-05-11T08:49:33Z" finished-at="2018-05-11T08:49:39Z">
          <reporter-output>
          </reporter-output>
        </test-method> <!-- SetUp -->
        <test-method status="PASS" signature="testHomePage()[pri:0, instance:testcase_demo.Verify_NRCSEmployees1@192b07fd]" name="testHomePage" duration-ms="8227" started-at="2018-05-11T08:49:39Z" finished-at="2018-05-11T08:49:47Z">
          <reporter-output>
          </reporter-output>
        </test-method> <!-- testHomePage -->
        <test-method status="PASS" signature="teardown()[pri:0, instance:testcase_demo.Verify_NRCSEmployees1@192b07fd]" name="teardown" is-config="true" duration-ms="0" started-at="2018-05-11T08:49:47Z" finished-at="2018-05-11T08:49:47Z">
          <reporter-output>
          </reporter-output>
        </test-method> <!-- teardown -->
      </class> <!-- testcase_demo.Verify_NRCSEmployees1 -->
      <class name="testcase_demo.Verify_LandscapeInitiatives1">
        <test-method status="PASS" signature="SetUp()[pri:0, instance:testcase_demo.Verify_LandscapeInitiatives1@18eed359]" name="SetUp" is-config="true" duration-ms="5674" started-at="2018-05-11T08:46:50Z" finished-at="2018-05-11T08:46:55Z">
          <reporter-output>
          </reporter-output>
        </test-method> <!-- SetUp -->
        <test-method status="PASS" signature="testHomePage()[pri:0, instance:testcase_demo.Verify_LandscapeInitiatives1@18eed359]" name="testHomePage" duration-ms="12478" started-at="2018-05-11T08:46:55Z" finished-at="2018-05-11T08:47:08Z">
          <reporter-output>
          </reporter-output>
        </test-method> <!-- testHomePage -->
        <test-method status="PASS" signature="teardown()[pri:0, instance:testcase_demo.Verify_LandscapeInitiatives1@18eed359]" name="teardown" is-config="true" duration-ms="0" started-at="2018-05-11T08:47:08Z" finished-at="2018-05-11T08:47:08Z">
          <reporter-output>
          </reporter-output>
        </test-method> <!-- teardown -->
      </class> <!-- testcase_demo.Verify_LandscapeInitiatives1 -->
      <class name="testcase_demo.Verify_PlantsAnimals1">
        <test-method status="PASS" signature="SetUp()[pri:0, instance:testcase_demo.Verify_PlantsAnimals1@56235b8e]" name="SetUp" is-config="true" duration-ms="5792" started-at="2018-05-11T08:51:55Z" finished-at="2018-05-11T08:52:01Z">
          <reporter-output>
          </reporter-output>
        </test-method> <!-- SetUp -->
        <test-method status="PASS" signature="testHomePage()[pri:0, instance:testcase_demo.Verify_PlantsAnimals1@56235b8e]" name="testHomePage" duration-ms="3760" started-at="2018-05-11T08:52:01Z" finished-at="2018-05-11T08:52:05Z">
          <reporter-output>
          </reporter-output>
        </test-method> <!-- testHomePage -->
        <test-method status="PASS" signature="teardown()[pri:0, instance:testcase_demo.Verify_PlantsAnimals1@56235b8e]" name="teardown" is-config="true" duration-ms="15" started-at="2018-05-11T08:52:05Z" finished-at="2018-05-11T08:52:05Z">
          <reporter-output>
          </reporter-output>
        </test-method> <!-- teardown -->
      </class> <!-- testcase_demo.Verify_PlantsAnimals1 -->
      <class name="testcase_demo.Verify_Volunteers1">
        <test-method status="PASS" signature="SetUp()[pri:0, instance:testcase_demo.Verify_Volunteers1@49fc609f]" name="SetUp" is-config="true" duration-ms="5410" started-at="2018-05-11T09:01:09Z" finished-at="2018-05-11T09:01:14Z">
          <reporter-output>
          </reporter-output>
        </test-method> <!-- SetUp -->
        <test-method status="PASS" signature="testHomePage()[pri:0, instance:testcase_demo.Verify_Volunteers1@49fc609f]" name="testHomePage" duration-ms="6160" started-at="2018-05-11T09:01:14Z" finished-at="2018-05-11T09:01:21Z">
          <reporter-output>
          </reporter-output>
        </test-method> <!-- testHomePage -->
        <test-method status="PASS" signature="teardown()[pri:0, instance:testcase_demo.Verify_Volunteers1@49fc609f]" name="teardown" is-config="true" duration-ms="7" started-at="2018-05-11T09:01:21Z" finished-at="2018-05-11T09:01:21Z">
          <reporter-output>
          </reporter-output>
        </test-method> <!-- teardown -->
      </class> <!-- testcase_demo.Verify_Volunteers1 -->
      <class name="testcase_demo.Verify_Engineering1">
        <test-method status="PASS" signature="SetUp()[pri:0, instance:testcase_demo.Verify_Engineering1@7791a895]" name="SetUp" is-config="true" duration-ms="6066" started-at="2018-05-11T08:40:57Z" finished-at="2018-05-11T08:41:03Z">
          <reporter-output>
          </reporter-output>
        </test-method> <!-- SetUp -->
        <test-method status="PASS" signature="testHomePage()[pri:0, instance:testcase_demo.Verify_Engineering1@7791a895]" name="testHomePage" duration-ms="16921" started-at="2018-05-11T08:41:03Z" finished-at="2018-05-11T08:41:20Z">
          <reporter-output>
          </reporter-output>
        </test-method> <!-- testHomePage -->
        <test-method status="PASS" signature="teardown()[pri:0, instance:testcase_demo.Verify_Engineering1@7791a895]" name="teardown" is-config="true" duration-ms="6" started-at="2018-05-11T08:41:20Z" finished-at="2018-05-11T08:41:20Z">
          <reporter-output>
          </reporter-output>
        </test-method> <!-- teardown -->
      </class> <!-- testcase_demo.Verify_Engineering1 -->
      <class name="testcase_demo.Verify_WaterSupply1">
        <test-method status="PASS" signature="SetUp()[pri:0, instance:testcase_demo.Verify_WaterSupply1@369f73a2]" name="SetUp" is-config="true" duration-ms="6305" started-at="2018-05-11T09:02:54Z" finished-at="2018-05-11T09:03:00Z">
          <reporter-output>
          </reporter-output>
        </test-method> <!-- SetUp -->
        <test-method status="PASS" signature="testHomePage()[pri:0, instance:testcase_demo.Verify_WaterSupply1@369f73a2]" name="testHomePage" duration-ms="6047" started-at="2018-05-11T09:03:00Z" finished-at="2018-05-11T09:03:06Z">
          <reporter-output>
          </reporter-output>
        </test-method> <!-- testHomePage -->
        <test-method status="PASS" signature="teardown()[pri:0, instance:testcase_demo.Verify_WaterSupply1@369f73a2]" name="teardown" is-config="true" duration-ms="8" started-at="2018-05-11T09:03:06Z" finished-at="2018-05-11T09:03:06Z">
          <reporter-output>
          </reporter-output>
        </test-method> <!-- teardown -->
      </class> <!-- testcase_demo.Verify_WaterSupply1 -->
      <class name="testcase_demo.Verify_SmallLimitedandBeginningFarmersRanchers1">
        <test-method status="PASS" signature="SetUp()[pri:0, instance:testcase_demo.Verify_SmallLimitedandBeginningFarmersRanchers1@2758fe70]" name="SetUp" is-config="true" duration-ms="5912" started-at="2018-05-11T08:54:48Z" finished-at="2018-05-11T08:54:54Z">
          <reporter-output>
          </reporter-output>
        </test-method> <!-- SetUp -->
        <test-method status="PASS" signature="testHomePage()[pri:0, instance:testcase_demo.Verify_SmallLimitedandBeginningFarmersRanchers1@2758fe70]" name="testHomePage" duration-ms="7761" started-at="2018-05-11T08:54:54Z" finished-at="2018-05-11T08:55:02Z">
          <reporter-output>
          </reporter-output>
        </test-method> <!-- testHomePage -->
        <test-method status="PASS" signature="teardown()[pri:0, instance:testcase_demo.Verify_SmallLimitedandBeginningFarmersRanchers1@2758fe70]" name="teardown" is-config="true" duration-ms="7" started-at="2018-05-11T08:55:02Z" finished-at="2018-05-11T08:55:02Z">
          <reporter-output>
          </reporter-output>
        </test-method> <!-- teardown -->
      </class> <!-- testcase_demo.Verify_SmallLimitedandBeginningFarmersRanchers1 -->
      <class name="testcase_demo.Verify_STCAgenda1">
        <test-method status="PASS" signature="SetUp()[pri:0, instance:testcase_demo.Verify_STCAgenda1@6c3708b3]" name="SetUp" is-config="true" duration-ms="5493" started-at="2018-05-11T08:58:20Z" finished-at="2018-05-11T08:58:26Z">
          <reporter-output>
          </reporter-output>
        </test-method> <!-- SetUp -->
        <test-method status="PASS" signature="testHomePage()[pri:0, instance:testcase_demo.Verify_STCAgenda1@6c3708b3]" name="testHomePage" duration-ms="15280" started-at="2018-05-11T08:58:26Z" finished-at="2018-05-11T08:58:41Z">
          <reporter-output>
          </reporter-output>
        </test-method> <!-- testHomePage -->
        <test-method status="PASS" signature="teardown()[pri:0, instance:testcase_demo.Verify_STCAgenda1@6c3708b3]" name="teardown" is-config="true" duration-ms="1" started-at="2018-05-11T08:58:41Z" finished-at="2018-05-11T08:58:41Z">
          <reporter-output>
          </reporter-output>
        </test-method> <!-- teardown -->
      </class> <!-- testcase_demo.Verify_STCAgenda1 -->
      <class name="testcase_demo.Verify_SoilSurveys1">
        <test-method status="PASS" signature="SetUp()[pri:0, instance:testcase_demo.Verify_SoilSurveys1@520a3426]" name="SetUp" is-config="true" duration-ms="11018" started-at="2018-05-11T08:56:35Z" finished-at="2018-05-11T08:56:46Z">
          <reporter-output>
          </reporter-output>
        </test-method> <!-- SetUp -->
        <test-method status="PASS" signature="testHomePage()[pri:0, instance:testcase_demo.Verify_SoilSurveys1@520a3426]" name="testHomePage" duration-ms="21022" started-at="2018-05-11T08:56:46Z" finished-at="2018-05-11T08:57:07Z">
          <reporter-output>
          </reporter-output>
        </test-method> <!-- testHomePage -->
        <test-method status="PASS" signature="teardown()[pri:0, instance:testcase_demo.Verify_SoilSurveys1@520a3426]" name="teardown" is-config="true" duration-ms="9" started-at="2018-05-11T08:57:07Z" finished-at="2018-05-11T08:57:07Z">
          <reporter-output>
          </reporter-output>
        </test-method> <!-- teardown -->
      </class> <!-- testcase_demo.Verify_SoilSurveys1 -->
      <class name="testcase_demo.Verify_A_Z_index">
        <test-method status="PASS" signature="SetUp()[pri:0, instance:testcase_demo.Verify_A_Z_index@1f36e637]" name="SetUp" is-config="true" duration-ms="6109" started-at="2018-05-11T08:32:16Z" finished-at="2018-05-11T08:32:22Z">
          <reporter-output>
          </reporter-output>
        </test-method> <!-- SetUp -->
        <test-method status="PASS" signature="testHomePage()[pri:0, instance:testcase_demo.Verify_A_Z_index@1f36e637]" name="testHomePage" duration-ms="41883" started-at="2018-05-11T08:32:22Z" finished-at="2018-05-11T08:33:04Z">
          <reporter-output>
          </reporter-output>
        </test-method> <!-- testHomePage -->
        <test-method status="PASS" signature="teardown()[pri:0, instance:testcase_demo.Verify_A_Z_index@1f36e637]" name="teardown" is-config="true" duration-ms="0" started-at="2018-05-11T08:33:04Z" finished-at="2018-05-11T08:33:04Z">
          <reporter-output>
          </reporter-output>
        </test-method> <!-- teardown -->
      </class> <!-- testcase_demo.Verify_A_Z_index -->
      <class name="testcase_demo.Verify_AboutUs1">
        <test-method status="FAIL" signature="SetUp()[pri:0, instance:testcase_demo.Verify_AboutUs1@1dfe2924]" name="SetUp" is-config="true" duration-ms="0" started-at="2018-05-11T08:30:48Z" finished-at="2018-05-11T08:30:48Z">
          <exception class="org.openqa.selenium.WebDriverException">
            <message>
              <![CDATA[c is null
Command duration or timeout: 64 milliseconds
Build info: version: '2.53.1', revision: 'a36b8b1cd5757287168e54b817830adce9b0158d', time: '2016-06-30 19:26:09'
System info: host: 'TSPREA01LAPA35', ip: '199.130.135.239', os.name: 'Windows 10', os.arch: 'amd64', os.version: '10.0', java.version: '1.8.0_131'
Driver info: org.openqa.selenium.firefox.FirefoxDriver]]>
            </message>
            <full-stacktrace>
              <![CDATA[org.openqa.selenium.WebDriverException: c is null
Command duration or timeout: 64 milliseconds
Build info: version: '2.53.1', revision: 'a36b8b1cd5757287168e54b817830adce9b0158d', time: '2016-06-30 19:26:09'
System info: host: 'TSPREA01LAPA35', ip: '199.130.135.239', os.name: 'Windows 10', os.arch: 'amd64', os.version: '10.0', java.version: '1.8.0_131'
Driver info: org.openqa.selenium.firefox.FirefoxDriver
	at sun.reflect.NativeConstructorAccessorImpl.newInstance0(Native Method)
	at sun.reflect.NativeConstructorAccessorImpl.newInstance(NativeConstructorAccessorImpl.java:62)
	at sun.reflect.DelegatingConstructorAccessorImpl.newInstance(DelegatingConstructorAccessorImpl.java:45)
	at java.lang.reflect.Constructor.newInstance(Constructor.java:423)
	at org.openqa.selenium.remote.ErrorHandler.createThrowable(ErrorHandler.java:206)
	at org.openqa.selenium.remote.ErrorHandler.throwIfResponseFailed(ErrorHandler.java:158)
	at org.openqa.selenium.remote.RemoteWebDriver.execute(RemoteWebDriver.java:678)
	at org.openqa.selenium.remote.RemoteWebDriver.startSession(RemoteWebDriver.java:249)
	at org.openqa.selenium.remote.RemoteWebDriver.<init>(RemoteWebDriver.java:131)
	at org.openqa.selenium.firefox.FirefoxDriver.<init>(FirefoxDriver.java:216)
	at org.openqa.selenium.firefox.FirefoxDriver.<init>(FirefoxDriver.java:211)
	at org.openqa.selenium.firefox.FirefoxDriver.<init>(FirefoxDriver.java:207)
	at org.openqa.selenium.firefox.FirefoxDriver.<init>(FirefoxDriver.java:124)
	at factory.BrowserFactory.getBrowser(BrowserFactory.java:40)
	at testcase_demo.Verify_AboutUs1.SetUp(Verify_AboutUs1.java:26)
	at sun.reflect.NativeMethodAccessorImpl.invoke0(Native Method)
	at sun.reflect.NativeMethodAccessorImpl.invoke(NativeMethodAccessorImpl.java:62)
	at sun.reflect.DelegatingMethodAccessorImpl.invoke(DelegatingMethodAccessorImpl.java:43)
	at java.lang.reflect.Method.invoke(Method.java:498)
	at org.testng.internal.MethodInvocationHelper.invokeMethod(MethodInvocationHelper.java:80)
	at org.testng.internal.Invoker.invokeConfigurationMethod(Invoker.java:564)
	at org.testng.internal.Invoker.invokeConfigurations(Invoker.java:213)
	at org.testng.internal.Invoker.invokeConfigurations(Invoker.java:138)
	at org.testng.internal.TestMethodWorker.invokeBeforeClassMethods(TestMethodWorker.java:175)
	at org.testng.internal.TestMethodWorker.run(TestMethodWorker.java:107)
	at org.testng.TestRunner.privateRun(TestRunner.java:767)
	at org.testng.TestRunner.run(TestRunner.java:617)
	at org.testng.SuiteRunner.runTest(SuiteRunner.java:334)
	at org.testng.SuiteRunner.runSequentially(SuiteRunner.java:329)
	at org.testng.SuiteRunner.privateRun(SuiteRunner.java:291)
	at org.testng.SuiteRunner.run(SuiteRunner.java:240)
	at org.testng.SuiteRunnerWorker.runSuite(SuiteRunnerWorker.java:52)
	at org.testng.SuiteRunnerWorker.run(SuiteRunnerWorker.java:86)
	at org.testng.TestNG.runSuitesSequentially(TestNG.java:1198)
	at org.testng.TestNG.runSuitesLocally(TestNG.java:1123)
	at org.testng.TestNG.run(TestNG.java:1031)
	at org.testng.remote.AbstractRemoteTestNG.run(AbstractRemoteTestNG.java:132)
	at org.testng.remote.RemoteTestNG.initAndRun(RemoteTestNG.java:230)
	at org.testng.remote.RemoteTestNG.main(RemoteTestNG.java:76)
Caused by: org.openqa.selenium.WebDriverException: c is null
Build info: version: '2.53.1', revision: 'a36b8b1cd5757287168e54b817830adce9b0158d', time: '2016-06-30 19:26:09'
System info: host: 'TSPREA01LAPA35', ip: '199.130.135.239', os.name: 'Windows 10', os.arch: 'amd64', os.version: '10.0', java.version: '1.8.0_131'
Driver info: driver.version: unknown
	at <anonymous class>.nsCommandProcessor.prototype.newSession(file:///C:/Users/SIVAPR~2/AppData/Local/Temp/anonymous7444010213422973162webdriver-profile/extensions/fxdriver@googlecode.com/components/command-processor.js:12802)
	at <anonymous class>.nsCommandProcessor.prototype.execute(file:///C:/Users/SIVAPR~2/AppData/Local/Temp/anonymous7444010213422973162webdriver-profile/extensions/fxdriver@googlecode.com/components/command-processor.js:12694)
	at <anonymous class>.Dispatcher.executeAs/<(file:///C:/Users/SIVAPR~2/AppData/Local/Temp/anonymous7444010213422973162webdriver-profile/extensions/fxdriver@googlecode.com/components/driver-component.js:9558)
	at <anonymous class>.Resource.prototype.handle(file:///C:/Users/SIVAPR~2/AppData/Local/Temp/anonymous7444010213422973162webdriver-profile/extensions/fxdriver@googlecode.com/components/driver-component.js:9705)
	at <anonymous class>.Dispatcher.prototype.dispatch(file:///C:/Users/SIVAPR~2/AppData/Local/Temp/anonymous7444010213422973162webdriver-profile/extensions/fxdriver@googlecode.com/components/driver-component.js:9652)
	at <anonymous class>.WebDriverServer/<.handle(file:///C:/Users/SIVAPR~2/AppData/Local/Temp/anonymous7444010213422973162webdriver-profile/extensions/fxdriver@googlecode.com/components/driver-component.js:12517)
	at <anonymous class>.createHandlerFunc/<(file:///C:/Users/SIVAPR~2/AppData/Local/Temp/anonymous7444010213422973162webdriver-profile/extensions/fxdriver@googlecode.com/components/httpd.js:2054)
	at <anonymous class>.ServerHandler.prototype.handleResponse(file:///C:/Users/SIVAPR~2/AppData/Local/Temp/anonymous7444010213422973162webdriver-profile/extensions/fxdriver@googlecode.com/components/httpd.js:2387)
	at <anonymous class>.Connection.prototype.process(file:///C:/Users/SIVAPR~2/AppData/Local/Temp/anonymous7444010213422973162webdriver-profile/extensions/fxdriver@googlecode.com/components/httpd.js:1223)
	at <anonymous class>.RequestReader.prototype._handleResponse(file:///C:/Users/SIVAPR~2/AppData/Local/Temp/anonymous7444010213422973162webdriver-profile/extensions/fxdriver@googlecode.com/components/httpd.js:1677)
	at <anonymous class>.RequestReader.prototype._processBody(file:///C:/Users/SIVAPR~2/AppData/Local/Temp/anonymous7444010213422973162webdriver-profile/extensions/fxdriver@googlecode.com/components/httpd.js:1525)
	at <anonymous class>.RequestReader.prototype.onInputStreamReady(file:///C:/Users/SIVAPR~2/AppData/Local/Temp/anonymous7444010213422973162webdriver-profile/extensions/fxdriver@googlecode.com/components/httpd.js:1393)
]]>
            </full-stacktrace>
          </exception> <!-- org.openqa.selenium.WebDriverException -->
          <reporter-output>
          </reporter-output>
        </test-method> <!-- SetUp -->
        <test-method status="SKIP" signature="testHomePage()[pri:0, instance:testcase_demo.Verify_AboutUs1@1dfe2924]" name="testHomePage" duration-ms="0" started-at="2018-05-11T08:30:51Z" finished-at="2018-05-11T08:30:51Z">
          <reporter-output>
          </reporter-output>
        </test-method> <!-- testHomePage -->
        <test-method status="SKIP" signature="teardown()[pri:0, instance:testcase_demo.Verify_AboutUs1@1dfe2924]" name="teardown" is-config="true" duration-ms="0" started-at="2018-05-11T08:30:51Z" finished-at="2018-05-11T08:30:51Z">
          <reporter-output>
          </reporter-output>
        </test-method> <!-- teardown -->
      </class> <!-- testcase_demo.Verify_AboutUs1 -->
      <class name="testcase_demo.Verify_ConservationTechnicalAssistance1">
        <test-method status="PASS" signature="SetUp()[pri:0, instance:testcase_demo.Verify_ConservationTechnicalAssistance1@1f28c152]" name="SetUp" is-config="true" duration-ms="7198" started-at="2018-05-11T08:37:00Z" finished-at="2018-05-11T08:37:07Z">
          <reporter-output>
          </reporter-output>
        </test-method> <!-- SetUp -->
        <test-method status="PASS" signature="testHomePage()[pri:0, instance:testcase_demo.Verify_ConservationTechnicalAssistance1@1f28c152]" name="testHomePage" duration-ms="17864" started-at="2018-05-11T08:37:07Z" finished-at="2018-05-11T08:37:25Z">
          <reporter-output>
          </reporter-output>
        </test-method> <!-- testHomePage -->
        <test-method status="PASS" signature="teardown()[pri:0, instance:testcase_demo.Verify_ConservationTechnicalAssistance1@1f28c152]" name="teardown" is-config="true" duration-ms="12" started-at="2018-05-11T08:37:25Z" finished-at="2018-05-11T08:37:25Z">
          <reporter-output>
          </reporter-output>
        </test-method> <!-- teardown -->
      </class> <!-- testcase_demo.Verify_ConservationTechnicalAssistance1 -->
      <class name="testcase_demo.Verify_Energy1">
        <test-method status="PASS" signature="SetUp()[pri:0, instance:testcase_demo.Verify_Energy1@3a883ce7]" name="SetUp" is-config="true" duration-ms="6037" started-at="2018-05-11T08:40:45Z" finished-at="2018-05-11T08:40:51Z">
          <reporter-output>
          </reporter-output>
        </test-method> <!-- SetUp -->
        <test-method status="PASS" signature="testHomePage()[pri:0, instance:testcase_demo.Verify_Energy1@3a883ce7]" name="testHomePage" duration-ms="5041" started-at="2018-05-11T08:40:51Z" finished-at="2018-05-11T08:40:57Z">
          <reporter-output>
          </reporter-output>
        </test-method> <!-- testHomePage -->
        <test-method status="PASS" signature="teardown()[pri:0, instance:testcase_demo.Verify_Energy1@3a883ce7]" name="teardown" is-config="true" duration-ms="8" started-at="2018-05-11T08:40:57Z" finished-at="2018-05-11T08:40:57Z">
          <reporter-output>
          </reporter-output>
        </test-method> <!-- teardown -->
      </class> <!-- testcase_demo.Verify_Energy1 -->
      <class name="testcase_demo.Verify_Forecasts1">
        <test-method status="PASS" signature="SetUp()[pri:0, instance:testcase_demo.Verify_Forecasts1@a67c67e]" name="SetUp" is-config="true" duration-ms="5888" started-at="2018-05-11T08:44:18Z" finished-at="2018-05-11T08:44:24Z">
          <reporter-output>
          </reporter-output>
        </test-method> <!-- SetUp -->
        <test-method status="PASS" signature="testHomePage()[pri:0, instance:testcase_demo.Verify_Forecasts1@a67c67e]" name="testHomePage" duration-ms="4274" started-at="2018-05-11T08:44:24Z" finished-at="2018-05-11T08:44:29Z">
          <reporter-output>
          </reporter-output>
        </test-method> <!-- testHomePage -->
        <test-method status="PASS" signature="teardown()[pri:0, instance:testcase_demo.Verify_Forecasts1@a67c67e]" name="teardown" is-config="true" duration-ms="24" started-at="2018-05-11T08:44:29Z" finished-at="2018-05-11T08:44:29Z">
          <reporter-output>
          </reporter-output>
        </test-method> <!-- teardown -->
      </class> <!-- testcase_demo.Verify_Forecasts1 -->
      <class name="testcase_demo.Verify_SurfaceWaterSupplyIndex1">
        <test-method status="PASS" signature="SetUp()[pri:0, instance:testcase_demo.Verify_SurfaceWaterSupplyIndex1@cd2dae5]" name="SetUp" is-config="true" duration-ms="5800" started-at="2018-05-11T08:59:16Z" finished-at="2018-05-11T08:59:22Z">
          <reporter-output>
          </reporter-output>
        </test-method> <!-- SetUp -->
        <test-method status="PASS" signature="testHomePage()[pri:0, instance:testcase_demo.Verify_SurfaceWaterSupplyIndex1@cd2dae5]" name="testHomePage" duration-ms="4952" started-at="2018-05-11T08:59:22Z" finished-at="2018-05-11T08:59:27Z">
          <reporter-output>
          </reporter-output>
        </test-method> <!-- testHomePage -->
        <test-method status="PASS" signature="teardown()[pri:0, instance:testcase_demo.Verify_SurfaceWaterSupplyIndex1@cd2dae5]" name="teardown" is-config="true" duration-ms="17" started-at="2018-05-11T08:59:27Z" finished-at="2018-05-11T08:59:27Z">
          <reporter-output>
          </reporter-output>
        </test-method> <!-- teardown -->
      </class> <!-- testcase_demo.Verify_SurfaceWaterSupplyIndex1 -->
      <class name="testcase_demo.Verify_ConservationPlanning1">
        <test-method status="PASS" signature="SetUp()[pri:0, instance:testcase_demo.Verify_ConservationPlanning1@5abca1e0]" name="SetUp" is-config="true" duration-ms="6501" started-at="2018-05-11T08:36:00Z" finished-at="2018-05-11T08:36:07Z">
          <reporter-output>
          </reporter-output>
        </test-method> <!-- SetUp -->
        <test-method status="PASS" signature="testHomePage()[pri:0, instance:testcase_demo.Verify_ConservationPlanning1@5abca1e0]" name="testHomePage" duration-ms="19517" started-at="2018-05-11T08:36:07Z" finished-at="2018-05-11T08:36:26Z">
          <reporter-output>
          </reporter-output>
        </test-method> <!-- testHomePage -->
        <test-method status="PASS" signature="teardown()[pri:0, instance:testcase_demo.Verify_ConservationPlanning1@5abca1e0]" name="teardown" is-config="true" duration-ms="22" started-at="2018-05-11T08:36:26Z" finished-at="2018-05-11T08:36:26Z">
          <reporter-output>
          </reporter-output>
        </test-method> <!-- teardown -->
      </class> <!-- testcase_demo.Verify_ConservationPlanning1 -->
      <class name="testcase_demo.Verify_BrowseByAudience">
        <test-method status="PASS" signature="SetUp()[pri:0, instance:testcase_demo.Verify_BrowseByAudience@3cef309d]" name="SetUp" is-config="true" duration-ms="5345" started-at="2018-05-11T08:33:45Z" finished-at="2018-05-11T08:33:51Z">
          <reporter-output>
          </reporter-output>
        </test-method> <!-- SetUp -->
        <test-method status="PASS" signature="testHomePage()[pri:0, instance:testcase_demo.Verify_BrowseByAudience@3cef309d]" name="testHomePage" duration-ms="20512" started-at="2018-05-11T08:33:51Z" finished-at="2018-05-11T08:34:11Z">
          <reporter-output>
          </reporter-output>
        </test-method> <!-- testHomePage -->
        <test-method status="PASS" signature="teardown()[pri:0, instance:testcase_demo.Verify_BrowseByAudience@3cef309d]" name="teardown" is-config="true" duration-ms="0" started-at="2018-05-11T08:34:11Z" finished-at="2018-05-11T08:34:11Z">
          <reporter-output>
          </reporter-output>
        </test-method> <!-- teardown -->
      </class> <!-- testcase_demo.Verify_BrowseByAudience -->
      <class name="testcase_demo.Verify_Careers1">
        <test-method status="PASS" signature="SetUp()[pri:0, instance:testcase_demo.Verify_Careers1@4e1d422d]" name="SetUp" is-config="true" duration-ms="6021" started-at="2018-05-11T08:34:11Z" finished-at="2018-05-11T08:34:17Z">
          <reporter-output>
          </reporter-output>
        </test-method> <!-- SetUp -->
        <test-method status="PASS" signature="testHomePage()[pri:0, instance:testcase_demo.Verify_Careers1@4e1d422d]" name="testHomePage" duration-ms="7536" started-at="2018-05-11T08:34:17Z" finished-at="2018-05-11T08:34:25Z">
          <reporter-output>
          </reporter-output>
        </test-method> <!-- testHomePage -->
        <test-method status="PASS" signature="teardown()[pri:0, instance:testcase_demo.Verify_Careers1@4e1d422d]" name="teardown" is-config="true" duration-ms="16" started-at="2018-05-11T08:34:25Z" finished-at="2018-05-11T08:34:25Z">
          <reporter-output>
          </reporter-output>
        </test-method> <!-- teardown -->
      </class> <!-- testcase_demo.Verify_Careers1 -->
      <class name="testcase_demo.Verify_RangePasture1">
        <test-method status="PASS" signature="SetUp()[pri:0, instance:testcase_demo.Verify_RangePasture1@3dd4520b]" name="SetUp" is-config="true" duration-ms="5504" started-at="2018-05-11T08:53:19Z" finished-at="2018-05-11T08:53:25Z">
          <reporter-output>
          </reporter-output>
        </test-method> <!-- SetUp -->
        <test-method status="PASS" signature="testHomePage()[pri:0, instance:testcase_demo.Verify_RangePasture1@3dd4520b]" name="testHomePage" duration-ms="4177" started-at="2018-05-11T08:53:25Z" finished-at="2018-05-11T08:53:29Z">
          <reporter-output>
          </reporter-output>
        </test-method> <!-- testHomePage -->
        <test-method status="PASS" signature="teardown()[pri:0, instance:testcase_demo.Verify_RangePasture1@3dd4520b]" name="teardown" is-config="true" duration-ms="15" started-at="2018-05-11T08:53:29Z" finished-at="2018-05-11T08:53:29Z">
          <reporter-output>
          </reporter-output>
        </test-method> <!-- teardown -->
      </class> <!-- testcase_demo.Verify_RangePasture1 -->
      <class name="testcase_demo.Verify_Biology1">
        <test-method status="PASS" signature="SetUp()[pri:0, instance:testcase_demo.Verify_Biology1@887af79]" name="SetUp" is-config="true" duration-ms="5892" started-at="2018-05-11T08:33:15Z" finished-at="2018-05-11T08:33:21Z">
          <reporter-output>
          </reporter-output>
        </test-method> <!-- SetUp -->
        <test-method status="PASS" signature="testHomePage()[pri:0, instance:testcase_demo.Verify_Biology1@887af79]" name="testHomePage" duration-ms="24528" started-at="2018-05-11T08:33:21Z" finished-at="2018-05-11T08:33:45Z">
          <reporter-output>
          </reporter-output>
        </test-method> <!-- testHomePage -->
        <test-method status="PASS" signature="teardown()[pri:0, instance:testcase_demo.Verify_Biology1@887af79]" name="teardown" is-config="true" duration-ms="18" started-at="2018-05-11T08:33:45Z" finished-at="2018-05-11T08:33:45Z">
          <reporter-output>
          </reporter-output>
        </test-method> <!-- teardown -->
      </class> <!-- testcase_demo.Verify_Biology1 -->
      <class name="testcase_demo.Verify_ThreatenedEndangeredSpecies1">
        <test-method status="PASS" signature="SetUp()[pri:0, instance:testcase_demo.Verify_ThreatenedEndangeredSpecies1@578486a3]" name="SetUp" is-config="true" duration-ms="6215" started-at="2018-05-11T09:00:33Z" finished-at="2018-05-11T09:00:39Z">
          <reporter-output>
          </reporter-output>
        </test-method> <!-- SetUp -->
        <test-method status="PASS" signature="testHomePage()[pri:0, instance:testcase_demo.Verify_ThreatenedEndangeredSpecies1@578486a3]" name="testHomePage" duration-ms="16902" started-at="2018-05-11T09:00:39Z" finished-at="2018-05-11T09:00:56Z">
          <reporter-output>
          </reporter-output>
        </test-method> <!-- testHomePage -->
        <test-method status="PASS" signature="teardown()[pri:0, instance:testcase_demo.Verify_ThreatenedEndangeredSpecies1@578486a3]" name="teardown" is-config="true" duration-ms="18" started-at="2018-05-11T09:00:56Z" finished-at="2018-05-11T09:00:56Z">
          <reporter-output>
          </reporter-output>
        </test-method> <!-- teardown -->
      </class> <!-- testcase_demo.Verify_ThreatenedEndangeredSpecies1 -->
      <class name="testcase_demo.Verify_Newsroom1">
        <test-method status="PASS" signature="SetUp()[pri:0, instance:testcase_demo.Verify_Newsroom1@6325a3ee]" name="SetUp" is-config="true" duration-ms="5852" started-at="2018-05-11T08:49:17Z" finished-at="2018-05-11T08:49:23Z">
          <reporter-output>
          </reporter-output>
        </test-method> <!-- SetUp -->
        <test-method status="PASS" signature="testHomePage()[pri:0, instance:testcase_demo.Verify_Newsroom1@6325a3ee]" name="testHomePage" duration-ms="10479" started-at="2018-05-11T08:49:23Z" finished-at="2018-05-11T08:49:33Z">
          <reporter-output>
          </reporter-output>
        </test-method> <!-- testHomePage -->
        <test-method status="PASS" signature="teardown()[pri:0, instance:testcase_demo.Verify_Newsroom1@6325a3ee]" name="teardown" is-config="true" duration-ms="0" started-at="2018-05-11T08:49:33Z" finished-at="2018-05-11T08:49:33Z">
          <reporter-output>
          </reporter-output>
        </test-method> <!-- teardown -->
      </class> <!-- testcase_demo.Verify_Newsroom1 -->
      <class name="testcase_demo.Verify_ContactUs1">
        <test-method status="PASS" signature="SetUp()[pri:0, instance:testcase_demo.Verify_ContactUs1@527740a2]" name="SetUp" is-config="true" duration-ms="7034" started-at="2018-05-11T08:37:25Z" finished-at="2018-05-11T08:37:32Z">
          <reporter-output>
          </reporter-output>
        </test-method> <!-- SetUp -->
        <test-method status="PASS" signature="testHomePage()[pri:0, instance:testcase_demo.Verify_ContactUs1@527740a2]" name="testHomePage" duration-ms="17050" started-at="2018-05-11T08:37:32Z" finished-at="2018-05-11T08:37:49Z">
          <reporter-output>
          </reporter-output>
        </test-method> <!-- testHomePage -->
        <test-method status="PASS" signature="teardown()[pri:0, instance:testcase_demo.Verify_ContactUs1@527740a2]" name="teardown" is-config="true" duration-ms="9" started-at="2018-05-11T08:37:49Z" finished-at="2018-05-11T08:37:49Z">
          <reporter-output>
          </reporter-output>
        </test-method> <!-- teardown -->
      </class> <!-- testcase_demo.Verify_ContactUs1 -->
      <class name="testcase_demo.Verify_BasinOutlookReports1">
        <test-method status="PASS" signature="SetUp()[pri:0, instance:testcase_demo.Verify_BasinOutlookReports1@57855c9a]" name="SetUp" is-config="true" duration-ms="5484" started-at="2018-05-11T08:33:04Z" finished-at="2018-05-11T08:33:09Z">
          <reporter-output>
          </reporter-output>
        </test-method> <!-- SetUp -->
        <test-method status="PASS" signature="testHomePage()[pri:0, instance:testcase_demo.Verify_BasinOutlookReports1@57855c9a]" name="testHomePage" duration-ms="5884" started-at="2018-05-11T08:33:09Z" finished-at="2018-05-11T08:33:15Z">
          <reporter-output>
          </reporter-output>
        </test-method> <!-- testHomePage -->
        <test-method status="PASS" signature="teardown()[pri:0, instance:testcase_demo.Verify_BasinOutlookReports1@57855c9a]" name="teardown" is-config="true" duration-ms="10" started-at="2018-05-11T08:33:15Z" finished-at="2018-05-11T08:33:15Z">
          <reporter-output>
          </reporter-output>
        </test-method> <!-- teardown -->
      </class> <!-- testcase_demo.Verify_BasinOutlookReports1 -->
      <class name="testcase_demo.Verify_Economics1">
        <test-method status="PASS" signature="SetUp()[pri:0, instance:testcase_demo.Verify_Economics1@2b552920]" name="SetUp" is-config="true" duration-ms="6137" started-at="2018-05-11T08:40:00Z" finished-at="2018-05-11T08:40:07Z">
          <reporter-output>
          </reporter-output>
        </test-method> <!-- SetUp -->
        <test-method status="PASS" signature="testHomePage()[pri:0, instance:testcase_demo.Verify_Economics1@2b552920]" name="testHomePage" duration-ms="16059" started-at="2018-05-11T08:40:07Z" finished-at="2018-05-11T08:40:23Z">
          <reporter-output>
          </reporter-output>
        </test-method> <!-- testHomePage -->
        <test-method status="PASS" signature="teardown()[pri:0, instance:testcase_demo.Verify_Economics1@2b552920]" name="teardown" is-config="true" duration-ms="15" started-at="2018-05-11T08:40:23Z" finished-at="2018-05-11T08:40:23Z">
          <reporter-output>
          </reporter-output>
        </test-method> <!-- teardown -->
      </class> <!-- testcase_demo.Verify_Economics1 -->
      <class name="testcase_demo.Verify_RapidWatershedAssessment1">
        <test-method status="PASS" signature="SetUp()[pri:0, instance:testcase_demo.Verify_RapidWatershedAssessment1@6b09bb57]" name="SetUp" is-config="true" duration-ms="5816" started-at="2018-05-11T08:53:29Z" finished-at="2018-05-11T08:53:35Z">
          <reporter-output>
          </reporter-output>
        </test-method> <!-- SetUp -->
        <test-method status="PASS" signature="testHomePage()[pri:0, instance:testcase_demo.Verify_RapidWatershedAssessment1@6b09bb57]" name="testHomePage" duration-ms="15843" started-at="2018-05-11T08:53:35Z" finished-at="2018-05-11T08:53:51Z">
          <reporter-output>
          </reporter-output>
        </test-method> <!-- testHomePage -->
        <test-method status="PASS" signature="teardown()[pri:0, instance:testcase_demo.Verify_RapidWatershedAssessment1@6b09bb57]" name="teardown" is-config="true" duration-ms="41" started-at="2018-05-11T08:53:51Z" finished-at="2018-05-11T08:53:51Z">
          <reporter-output>
          </reporter-output>
        </test-method> <!-- teardown -->
      </class> <!-- testcase_demo.Verify_RapidWatershedAssessment1 -->
      <class name="testcase_demo.Verify_SnowSurvey1">
        <test-method status="PASS" signature="SetUp()[pri:0, instance:testcase_demo.Verify_SnowSurvey1@5bc79255]" name="SetUp" is-config="true" duration-ms="7694" started-at="2018-05-11T08:55:02Z" finished-at="2018-05-11T08:55:10Z">
          <reporter-output>
          </reporter-output>
        </test-method> <!-- SetUp -->
        <test-method status="PASS" signature="testHomePage()[pri:0, instance:testcase_demo.Verify_SnowSurvey1@5bc79255]" name="testHomePage" duration-ms="36126" started-at="2018-05-11T08:55:10Z" finished-at="2018-05-11T08:55:46Z">
          <reporter-output>
          </reporter-output>
        </test-method> <!-- testHomePage -->
        <test-method status="PASS" signature="teardown()[pri:0, instance:testcase_demo.Verify_SnowSurvey1@5bc79255]" name="teardown" is-config="true" duration-ms="10" started-at="2018-05-11T08:55:46Z" finished-at="2018-05-11T08:55:46Z">
          <reporter-output>
          </reporter-output>
        </test-method> <!-- teardown -->
      </class> <!-- testcase_demo.Verify_SnowSurvey1 -->
      <class name="testcase_demo.Verify_StateTechnicalCommittee1">
        <test-method status="PASS" signature="SetUp()[pri:0, instance:testcase_demo.Verify_StateTechnicalCommittee1@4973813a]" name="SetUp" is-config="true" duration-ms="7408" started-at="2018-05-11T08:57:31Z" finished-at="2018-05-11T08:57:38Z">
          <reporter-output>
          </reporter-output>
        </test-method> <!-- SetUp -->
        <test-method status="PASS" signature="testHomePage()[pri:0, instance:testcase_demo.Verify_StateTechnicalCommittee1@4973813a]" name="testHomePage" duration-ms="23404" started-at="2018-05-11T08:57:38Z" finished-at="2018-05-11T08:58:02Z">
          <reporter-output>
          </reporter-output>
        </test-method> <!-- testHomePage -->
        <test-method status="PASS" signature="teardown()[pri:0, instance:testcase_demo.Verify_StateTechnicalCommittee1@4973813a]" name="teardown" is-config="true" duration-ms="7" started-at="2018-05-11T08:58:02Z" finished-at="2018-05-11T08:58:02Z">
          <reporter-output>
          </reporter-output>
        </test-method> <!-- teardown -->
      </class> <!-- testcase_demo.Verify_StateTechnicalCommittee1 -->
      <class name="testcase_demo.Verify_CulturalResources1">
        <test-method status="PASS" signature="SetUp()[pri:0, instance:testcase_demo.Verify_CulturalResources1@2b2948e2]" name="SetUp" is-config="true" duration-ms="6619" started-at="2018-05-11T08:38:01Z" finished-at="2018-05-11T08:38:08Z">
          <reporter-output>
          </reporter-output>
        </test-method> <!-- SetUp -->
        <test-method status="PASS" signature="testHomePage()[pri:0, instance:testcase_demo.Verify_CulturalResources1@2b2948e2]" name="testHomePage" duration-ms="23655" started-at="2018-05-11T08:38:08Z" finished-at="2018-05-11T08:38:32Z">
          <reporter-output>
          </reporter-output>
        </test-method> <!-- testHomePage -->
        <test-method status="PASS" signature="teardown()[pri:0, instance:testcase_demo.Verify_CulturalResources1@2b2948e2]" name="teardown" is-config="true" duration-ms="14" started-at="2018-05-11T08:38:32Z" finished-at="2018-05-11T08:38:32Z">
          <reporter-output>
          </reporter-output>
        </test-method> <!-- teardown -->
      </class> <!-- testcase_demo.Verify_CulturalResources1 -->
      <class name="testcase_demo.Verify_Footer">
        <test-method status="PASS" signature="SetUp()[pri:0, instance:testcase_demo.Verify_Footer@79be0360]" name="SetUp" is-config="true" duration-ms="8378" started-at="2018-05-11T08:43:45Z" finished-at="2018-05-11T08:43:53Z">
          <reporter-output>
          </reporter-output>
        </test-method> <!-- SetUp -->
        <test-method status="PASS" signature="testHomePage()[pri:0, instance:testcase_demo.Verify_Footer@79be0360]" name="testHomePage" duration-ms="25596" started-at="2018-05-11T08:43:53Z" finished-at="2018-05-11T08:44:18Z">
          <reporter-output>
          </reporter-output>
        </test-method> <!-- testHomePage -->
        <test-method status="PASS" signature="tearDown()[pri:0, instance:testcase_demo.Verify_Footer@79be0360]" name="tearDown" is-config="true" duration-ms="15" started-at="2018-05-11T08:44:18Z" finished-at="2018-05-11T08:44:18Z">
          <reporter-output>
          </reporter-output>
        </test-method> <!-- tearDown -->
      </class> <!-- testcase_demo.Verify_Footer -->
      <class name="testcase_demo.Verify_EmergencyWatershedProtectionProgram1">
        <test-method status="PASS" signature="SetUp()[pri:0, instance:testcase_demo.Verify_EmergencyWatershedProtectionProgram1@35d176f7]" name="SetUp" is-config="true" duration-ms="6496" started-at="2018-05-11T08:40:23Z" finished-at="2018-05-11T08:40:29Z">
          <reporter-output>
          </reporter-output>
        </test-method> <!-- SetUp -->
        <test-method status="PASS" signature="testHomePage()[pri:0, instance:testcase_demo.Verify_EmergencyWatershedProtectionProgram1@35d176f7]" name="testHomePage" duration-ms="16296" started-at="2018-05-11T08:40:29Z" finished-at="2018-05-11T08:40:45Z">
          <reporter-output>
          </reporter-output>
        </test-method> <!-- testHomePage -->
        <test-method status="PASS" signature="teardown()[pri:0, instance:testcase_demo.Verify_EmergencyWatershedProtectionProgram1@35d176f7]" name="teardown" is-config="true" duration-ms="12" started-at="2018-05-11T08:40:45Z" finished-at="2018-05-11T08:40:45Z">
          <reporter-output>
          </reporter-output>
        </test-method> <!-- teardown -->
      </class> <!-- testcase_demo.Verify_EmergencyWatershedProtectionProgram1 -->
      <class name="testcase_demo.Verify_InvasiveSpecies1">
        <test-method status="PASS" signature="SetUp()[pri:0, instance:testcase_demo.Verify_InvasiveSpecies1@610694f1]" name="SetUp" is-config="true" duration-ms="6057" started-at="2018-05-11T08:46:23Z" finished-at="2018-05-11T08:46:29Z">
          <reporter-output>
          </reporter-output>
        </test-method> <!-- SetUp -->
        <test-method status="PASS" signature="testHomePage()[pri:0, instance:testcase_demo.Verify_InvasiveSpecies1@610694f1]" name="testHomePage" duration-ms="20493" started-at="2018-05-11T08:46:29Z" finished-at="2018-05-11T08:46:50Z">
          <reporter-output>
          </reporter-output>
        </test-method> <!-- testHomePage -->
        <test-method status="PASS" signature="teardown()[pri:0, instance:testcase_demo.Verify_InvasiveSpecies1@610694f1]" name="teardown" is-config="true" duration-ms="21" started-at="2018-05-11T08:46:50Z" finished-at="2018-05-11T08:46:50Z">
          <reporter-output>
          </reporter-output>
        </test-method> <!-- teardown -->
      </class> <!-- testcase_demo.Verify_InvasiveSpecies1 -->
      <class name="testcase_demo.Verify_TechnicalServiceProviders1">
        <test-method status="PASS" signature="SetUp()[pri:0, instance:testcase_demo.Verify_TechnicalServiceProviders1@4e9ba398]" name="SetUp" is-config="true" duration-ms="6516" started-at="2018-05-11T09:00:11Z" finished-at="2018-05-11T09:00:17Z">
          <reporter-output>
          </reporter-output>
        </test-method> <!-- SetUp -->
        <test-method status="PASS" signature="testHomePage()[pri:0, instance:testcase_demo.Verify_TechnicalServiceProviders1@4e9ba398]" name="testHomePage" duration-ms="16118" started-at="2018-05-11T09:00:17Z" finished-at="2018-05-11T09:00:33Z">
          <reporter-output>
          </reporter-output>
        </test-method> <!-- testHomePage -->
        <test-method status="PASS" signature="teardown()[pri:0, instance:testcase_demo.Verify_TechnicalServiceProviders1@4e9ba398]" name="teardown" is-config="true" duration-ms="6" started-at="2018-05-11T09:00:33Z" finished-at="2018-05-11T09:00:33Z">
          <reporter-output>
          </reporter-output>
        </test-method> <!-- teardown -->
      </class> <!-- testcase_demo.Verify_TechnicalServiceProviders1 -->
      <class name="testcase_demo.Verify_CivilRights1">
        <test-method status="PASS" signature="SetUp()[pri:0, instance:testcase_demo.Verify_CivilRights1@3632be31]" name="SetUp" is-config="true" duration-ms="8901" started-at="2018-05-11T08:34:43Z" finished-at="2018-05-11T08:34:52Z">
          <reporter-output>
          </reporter-output>
        </test-method> <!-- SetUp -->
        <test-method status="PASS" signature="testHomePage()[pri:0, instance:testcase_demo.Verify_CivilRights1@3632be31]" name="testHomePage" duration-ms="8841" started-at="2018-05-11T08:34:52Z" finished-at="2018-05-11T08:35:01Z">
          <reporter-output>
          </reporter-output>
        </test-method> <!-- testHomePage -->
        <test-method status="PASS" signature="teardown()[pri:0, instance:testcase_demo.Verify_CivilRights1@3632be31]" name="teardown" is-config="true" duration-ms="8" started-at="2018-05-11T08:35:01Z" finished-at="2018-05-11T08:35:01Z">
          <reporter-output>
          </reporter-output>
        </test-method> <!-- teardown -->
      </class> <!-- testcase_demo.Verify_CivilRights1 -->
      <class name="testcase_demo.Verify_FeedbackForms1">
        <test-method status="PASS" signature="SetUp()[pri:0, instance:testcase_demo.Verify_FeedbackForms1@6e0e048a]" name="SetUp" is-config="true" duration-ms="7284" started-at="2018-05-11T08:42:56Z" finished-at="2018-05-11T08:43:04Z">
          <reporter-output>
          </reporter-output>
        </test-method> <!-- SetUp -->
        <test-method status="FAIL" signature="testHomePage()[pri:0, instance:testcase_demo.Verify_FeedbackForms1@6e0e048a]" name="testHomePage" duration-ms="17830" started-at="2018-05-11T08:43:04Z" finished-at="2018-05-11T08:43:21Z">
          <exception class="org.openqa.selenium.NoSuchElementException">
            <message>
              <![CDATA[Unable to locate element: {"method":"xpath","selector":".//*[@id='feedbackform']/h2"}
Command duration or timeout: 10.11 seconds
For documentation on this error, please visit: http://seleniumhq.org/exceptions/no_such_element.html
Build info: version: '2.53.1', revision: 'a36b8b1cd5757287168e54b817830adce9b0158d', time: '2016-06-30 19:26:09'
System info: host: 'TSPREA01LAPA35', ip: '199.130.135.239', os.name: 'Windows 10', os.arch: 'amd64', os.version: '10.0', java.version: '1.8.0_131'
Driver info: org.openqa.selenium.firefox.FirefoxDriver
Capabilities [{applicationCacheEnabled=true, rotatable=false, handlesAlerts=true, databaseEnabled=true, version=39.0, platform=WINDOWS, nativeEvents=false, acceptSslCerts=true, webStorageEnabled=true, locationContextEnabled=true, browserName=firefox, takesScreenshot=true, javascriptEnabled=true, cssSelectorsEnabled=true}]
Session ID: 7728511d-2d40-4969-a89e-84a07ce64085
*** Element info: {Using=xpath, value=.//*[@id='feedbackform']/h2}]]>
            </message>
            <full-stacktrace>
              <![CDATA[org.openqa.selenium.NoSuchElementException: Unable to locate element: {"method":"xpath","selector":".//*[@id='feedbackform']/h2"}
Command duration or timeout: 10.11 seconds
For documentation on this error, please visit: http://seleniumhq.org/exceptions/no_such_element.html
Build info: version: '2.53.1', revision: 'a36b8b1cd5757287168e54b817830adce9b0158d', time: '2016-06-30 19:26:09'
System info: host: 'TSPREA01LAPA35', ip: '199.130.135.239', os.name: 'Windows 10', os.arch: 'amd64', os.version: '10.0', java.version: '1.8.0_131'
Driver info: org.openqa.selenium.firefox.FirefoxDriver
Capabilities [{applicationCacheEnabled=true, rotatable=false, handlesAlerts=true, databaseEnabled=true, version=39.0, platform=WINDOWS, nativeEvents=false, acceptSslCerts=true, webStorageEnabled=true, locationContextEnabled=true, browserName=firefox, takesScreenshot=true, javascriptEnabled=true, cssSelectorsEnabled=true}]
Session ID: 7728511d-2d40-4969-a89e-84a07ce64085
*** Element info: {Using=xpath, value=.//*[@id='feedbackform']/h2}
	at sun.reflect.NativeConstructorAccessorImpl.newInstance0(Native Method)
	at sun.reflect.NativeConstructorAccessorImpl.newInstance(NativeConstructorAccessorImpl.java:62)
	at sun.reflect.DelegatingConstructorAccessorImpl.newInstance(DelegatingConstructorAccessorImpl.java:45)
	at java.lang.reflect.Constructor.newInstance(Constructor.java:423)
	at org.openqa.selenium.remote.ErrorHandler.createThrowable(ErrorHandler.java:206)
	at org.openqa.selenium.remote.ErrorHandler.throwIfResponseFailed(ErrorHandler.java:158)
	at org.openqa.selenium.remote.RemoteWebDriver.execute(RemoteWebDriver.java:678)
	at org.openqa.selenium.remote.RemoteWebDriver.findElement(RemoteWebDriver.java:363)
	at org.openqa.selenium.remote.RemoteWebDriver.findElementByXPath(RemoteWebDriver.java:500)
	at org.openqa.selenium.By$ByXPath.findElement(By.java:361)
	at org.openqa.selenium.remote.RemoteWebDriver.findElement(RemoteWebDriver.java:355)
	at org.openqa.selenium.support.pagefactory.DefaultElementLocator.findElement(DefaultElementLocator.java:69)
	at org.openqa.selenium.support.pagefactory.internal.LocatingElementHandler.invoke(LocatingElementHandler.java:38)
	at com.sun.proxy.$Proxy7.getText(Unknown Source)
	at page_demo.FeedbackForms1.validateProd(FeedbackForms1.java:123)
	at testcase_demo.Verify_FeedbackForms1.testHomePage(Verify_FeedbackForms1.java:52)
	at sun.reflect.NativeMethodAccessorImpl.invoke0(Native Method)
	at sun.reflect.NativeMethodAccessorImpl.invoke(NativeMethodAccessorImpl.java:62)
	at sun.reflect.DelegatingMethodAccessorImpl.invoke(DelegatingMethodAccessorImpl.java:43)
	at java.lang.reflect.Method.invoke(Method.java:498)
	at org.testng.internal.MethodInvocationHelper.invokeMethod(MethodInvocationHelper.java:80)
	at org.testng.internal.Invoker.invokeMethod(Invoker.java:714)
	at org.testng.internal.Invoker.invokeTestMethod(Invoker.java:901)
	at org.testng.internal.Invoker.invokeTestMethods(Invoker.java:1231)
	at org.testng.internal.TestMethodWorker.invokeTestMethods(TestMethodWorker.java:127)
	at org.testng.internal.TestMethodWorker.run(TestMethodWorker.java:111)
	at org.testng.TestRunner.privateRun(TestRunner.java:767)
	at org.testng.TestRunner.run(TestRunner.java:617)
	at org.testng.SuiteRunner.runTest(SuiteRunner.java:334)
	at org.testng.SuiteRunner.runSequentially(SuiteRunner.java:329)
	at org.testng.SuiteRunner.privateRun(SuiteRunner.java:291)
	at org.testng.SuiteRunner.run(SuiteRunner.java:240)
	at org.testng.SuiteRunnerWorker.runSuite(SuiteRunnerWorker.java:52)
	at org.testng.SuiteRunnerWorker.run(SuiteRunnerWorker.java:86)
	at org.testng.TestNG.runSuitesSequentially(TestNG.java:1198)
	at org.testng.TestNG.runSuitesLocally(TestNG.java:1123)
	at org.testng.TestNG.run(TestNG.java:1031)
	at org.testng.remote.AbstractRemoteTestNG.run(AbstractRemoteTestNG.java:132)
	at org.testng.remote.RemoteTestNG.initAndRun(RemoteTestNG.java:230)
	at org.testng.remote.RemoteTestNG.main(RemoteTestNG.java:76)
Caused by: org.openqa.selenium.NoSuchElementException: Unable to locate element: {"method":"xpath","selector":".//*[@id='feedbackform']/h2"}
For documentation on this error, please visit: http://seleniumhq.org/exceptions/no_such_element.html
Build info: version: '2.53.1', revision: 'a36b8b1cd5757287168e54b817830adce9b0158d', time: '2016-06-30 19:26:09'
System info: host: 'TSPREA01LAPA35', ip: '199.130.135.239', os.name: 'Windows 10', os.arch: 'amd64', os.version: '10.0', java.version: '1.8.0_131'
Driver info: driver.version: unknown
	at <anonymous class>.FirefoxDriver.prototype.findElementInternal_(file:///C:/Users/SIVAPR~2/AppData/Local/Temp/anonymous4625446323759527923webdriver-profile/extensions/fxdriver@googlecode.com/components/driver-component.js:10770)
	at <anonymous class>.fxdriver.Timer.prototype.setTimeout/<.notify(file:///C:/Users/SIVAPR~2/AppData/Local/Temp/anonymous4625446323759527923webdriver-profile/extensions/fxdriver@googlecode.com/components/driver-component.js:625)
]]>
            </full-stacktrace>
          </exception> <!-- org.openqa.selenium.NoSuchElementException -->
          <reporter-output>
          </reporter-output>
        </test-method> <!-- testHomePage -->
        <test-method status="PASS" signature="teardown()[pri:0, instance:testcase_demo.Verify_FeedbackForms1@6e0e048a]" name="teardown" is-config="true" duration-ms="16" started-at="2018-05-11T08:43:21Z" finished-at="2018-05-11T08:43:21Z">
          <reporter-output>
          </reporter-output>
        </test-method> <!-- teardown -->
      </class> <!-- testcase_demo.Verify_FeedbackForms1 -->
      <class name="testcase_demo.Verify_SnowSurveyProducts1">
        <test-method status="PASS" signature="SetUp()[pri:0, instance:testcase_demo.Verify_SnowSurveyProducts1@67784306]" name="SetUp" is-config="true" duration-ms="6305" started-at="2018-05-11T08:55:46Z" finished-at="2018-05-11T08:55:52Z">
          <reporter-output>
          </reporter-output>
        </test-method> <!-- SetUp -->
        <test-method status="PASS" signature="testHomePage()[pri:0, instance:testcase_demo.Verify_SnowSurveyProducts1@67784306]" name="testHomePage" duration-ms="10164" started-at="2018-05-11T08:55:52Z" finished-at="2018-05-11T08:56:02Z">
          <reporter-output>
          </reporter-output>
        </test-method> <!-- testHomePage -->
        <test-method status="PASS" signature="teardown()[pri:0, instance:testcase_demo.Verify_SnowSurveyProducts1@67784306]" name="teardown" is-config="true" duration-ms="11" started-at="2018-05-11T08:56:02Z" finished-at="2018-05-11T08:56:02Z">
          <reporter-output>
          </reporter-output>
        </test-method> <!-- teardown -->
      </class> <!-- testcase_demo.Verify_SnowSurveyProducts1 -->
      <class name="testcase_demo.Verify_Reservoirs1">
        <test-method status="PASS" signature="SetUp()[pri:0, instance:testcase_demo.Verify_Reservoirs1@eec5a4a]" name="SetUp" is-config="true" duration-ms="5815" started-at="2018-05-11T08:54:16Z" finished-at="2018-05-11T08:54:22Z">
          <reporter-output>
          </reporter-output>
        </test-method> <!-- SetUp -->
        <test-method status="PASS" signature="testHomePage()[pri:0, instance:testcase_demo.Verify_Reservoirs1@eec5a4a]" name="testHomePage" duration-ms="3925" started-at="2018-05-11T08:54:22Z" finished-at="2018-05-11T08:54:26Z">
          <reporter-output>
          </reporter-output>
        </test-method> <!-- testHomePage -->
        <test-method status="PASS" signature="teardown()[pri:0, instance:testcase_demo.Verify_Reservoirs1@eec5a4a]" name="teardown" is-config="true" duration-ms="18" started-at="2018-05-11T08:54:26Z" finished-at="2018-05-11T08:54:26Z">
          <reporter-output>
          </reporter-output>
        </test-method> <!-- teardown -->
      </class> <!-- testcase_demo.Verify_Reservoirs1 -->
      <class name="testcase_demo.Verify_LandscapePlanning1">
        <test-method status="PASS" signature="SetUp()[pri:0, instance:testcase_demo.Verify_LandscapePlanning1@22a67b4]" name="SetUp" is-config="true" duration-ms="5784" started-at="2018-05-11T08:47:08Z" finished-at="2018-05-11T08:47:14Z">
          <reporter-output>
          </reporter-output>
        </test-method> <!-- SetUp -->
        <test-method status="PASS" signature="testHomePage()[pri:0, instance:testcase_demo.Verify_LandscapePlanning1@22a67b4]" name="testHomePage" duration-ms="17858" started-at="2018-05-11T08:47:14Z" finished-at="2018-05-11T08:47:32Z">
          <reporter-output>
          </reporter-output>
        </test-method> <!-- testHomePage -->
        <test-method status="PASS" signature="teardown()[pri:0, instance:testcase_demo.Verify_LandscapePlanning1@22a67b4]" name="teardown" is-config="true" duration-ms="8" started-at="2018-05-11T08:47:32Z" finished-at="2018-05-11T08:47:32Z">
          <reporter-output>
          </reporter-output>
        </test-method> <!-- teardown -->
      </class> <!-- testcase_demo.Verify_LandscapePlanning1 -->
      <class name="testcase_demo.Verify_PestManagement1">
        <test-method status="PASS" signature="SetUp()[pri:0, instance:testcase_demo.Verify_PestManagement1@551aa95a]" name="SetUp" is-config="true" duration-ms="5777" started-at="2018-05-11T08:51:16Z" finished-at="2018-05-11T08:51:21Z">
          <reporter-output>
          </reporter-output>
        </test-method> <!-- SetUp -->
        <test-method status="PASS" signature="testHomePage()[pri:0, instance:testcase_demo.Verify_PestManagement1@551aa95a]" name="testHomePage" duration-ms="19257" started-at="2018-05-11T08:51:21Z" finished-at="2018-05-11T08:51:41Z">
          <reporter-output>
          </reporter-output>
        </test-method> <!-- testHomePage -->
        <test-method status="PASS" signature="teardown()[pri:0, instance:testcase_demo.Verify_PestManagement1@551aa95a]" name="teardown" is-config="true" duration-ms="6" started-at="2018-05-11T08:51:41Z" finished-at="2018-05-11T08:51:41Z">
          <reporter-output>
          </reporter-output>
        </test-method> <!-- teardown -->
      </class> <!-- testcase_demo.Verify_PestManagement1 -->
      <class name="testcase_demo.Verify_Soils1">
        <test-method status="PASS" signature="SetUp()[pri:0, instance:testcase_demo.Verify_Soils1@5ce81285]" name="SetUp" is-config="true" duration-ms="6320" started-at="2018-05-11T08:56:24Z" finished-at="2018-05-11T08:56:31Z">
          <reporter-output>
          </reporter-output>
        </test-method> <!-- SetUp -->
        <test-method status="PASS" signature="testHomePage()[pri:0, instance:testcase_demo.Verify_Soils1@5ce81285]" name="testHomePage" duration-ms="4227" started-at="2018-05-11T08:56:31Z" finished-at="2018-05-11T08:56:35Z">
          <reporter-output>
          </reporter-output>
        </test-method> <!-- testHomePage -->
        <test-method status="PASS" signature="teardown()[pri:0, instance:testcase_demo.Verify_Soils1@5ce81285]" name="teardown" is-config="true" duration-ms="8" started-at="2018-05-11T08:56:35Z" finished-at="2018-05-11T08:56:35Z">
          <reporter-output>
          </reporter-output>
        </test-method> <!-- teardown -->
      </class> <!-- testcase_demo.Verify_Soils1 -->
      <class name="testcase_demo.Verify_AirQuality1">
        <test-method status="PASS" signature="SetUp()[pri:0, instance:testcase_demo.Verify_AirQuality1@71423665]" name="SetUp" is-config="true" duration-ms="5708" started-at="2018-05-11T08:32:05Z" finished-at="2018-05-11T08:32:11Z">
          <reporter-output>
          </reporter-output>
        </test-method> <!-- SetUp -->
        <test-method status="PASS" signature="testHomePage()[pri:0, instance:testcase_demo.Verify_AirQuality1@71423665]" name="testHomePage" duration-ms="4564" started-at="2018-05-11T08:32:11Z" finished-at="2018-05-11T08:32:16Z">
          <reporter-output>
          </reporter-output>
        </test-method> <!-- testHomePage -->
        <test-method status="PASS" signature="teardown()[pri:0, instance:testcase_demo.Verify_AirQuality1@71423665]" name="teardown" is-config="true" duration-ms="10" started-at="2018-05-11T08:32:16Z" finished-at="2018-05-11T08:32:16Z">
          <reporter-output>
          </reporter-output>
        </test-method> <!-- teardown -->
      </class> <!-- testcase_demo.Verify_AirQuality1 -->
      <class name="testcase_demo.Verify_PhotosandVideos1">
        <test-method status="PASS" signature="SetUp()[pri:0, instance:testcase_demo.Verify_PhotosandVideos1@7d907bac]" name="SetUp" is-config="true" duration-ms="5938" started-at="2018-05-11T08:51:41Z" finished-at="2018-05-11T08:51:47Z">
          <reporter-output>
          </reporter-output>
        </test-method> <!-- SetUp -->
        <test-method status="PASS" signature="testHomePage()[pri:0, instance:testcase_demo.Verify_PhotosandVideos1@7d907bac]" name="testHomePage" duration-ms="8845" started-at="2018-05-11T08:51:47Z" finished-at="2018-05-11T08:51:55Z">
          <reporter-output>
          </reporter-output>
        </test-method> <!-- testHomePage -->
        <test-method status="PASS" signature="teardown()[pri:0, instance:testcase_demo.Verify_PhotosandVideos1@7d907bac]" name="teardown" is-config="true" duration-ms="0" started-at="2018-05-11T08:51:55Z" finished-at="2018-05-11T08:51:55Z">
          <reporter-output>
          </reporter-output>
        </test-method> <!-- teardown -->
      </class> <!-- testcase_demo.Verify_PhotosandVideos1 -->
      <class name="testcase_demo.Verify_TribalAssistance1">
        <test-method status="PASS" signature="SetUp()[pri:0, instance:testcase_demo.Verify_TribalAssistance1@7b49cea0]" name="SetUp" is-config="true" duration-ms="5319" started-at="2018-05-11T09:00:56Z" finished-at="2018-05-11T09:01:02Z">
          <reporter-output>
          </reporter-output>
        </test-method> <!-- SetUp -->
        <test-method status="PASS" signature="testHomePage()[pri:0, instance:testcase_demo.Verify_TribalAssistance1@7b49cea0]" name="testHomePage" duration-ms="7367" started-at="2018-05-11T09:01:02Z" finished-at="2018-05-11T09:01:09Z">
          <reporter-output>
          </reporter-output>
        </test-method> <!-- testHomePage -->
        <test-method status="PASS" signature="teardown()[pri:0, instance:testcase_demo.Verify_TribalAssistance1@7b49cea0]" name="teardown" is-config="true" duration-ms="2" started-at="2018-05-11T09:01:09Z" finished-at="2018-05-11T09:01:09Z">
          <reporter-output>
          </reporter-output>
        </test-method> <!-- teardown -->
      </class> <!-- testcase_demo.Verify_TribalAssistance1 -->
      <class name="testcase_demo.Verify_WatershedProtectionandFloodPreventionProgram1">
        <test-method status="PASS" signature="SetUp()[pri:0, instance:testcase_demo.Verify_WatershedProtectionandFloodPreventionProgram1@1d16f93d]" name="SetUp" is-config="true" duration-ms="5835" started-at="2018-05-11T09:02:01Z" finished-at="2018-05-11T09:02:07Z">
          <reporter-output>
          </reporter-output>
        </test-method> <!-- SetUp -->
        <test-method status="PASS" signature="testHomePage()[pri:0, instance:testcase_demo.Verify_WatershedProtectionandFloodPreventionProgram1@1d16f93d]" name="testHomePage" duration-ms="4139" started-at="2018-05-11T09:02:07Z" finished-at="2018-05-11T09:02:11Z">
          <reporter-output>
          </reporter-output>
        </test-method> <!-- testHomePage -->
        <test-method status="PASS" signature="teardown()[pri:0, instance:testcase_demo.Verify_WatershedProtectionandFloodPreventionProgram1@1d16f93d]" name="teardown" is-config="true" duration-ms="0" started-at="2018-05-11T09:02:11Z" finished-at="2018-05-11T09:02:11Z">
          <reporter-output>
          </reporter-output>
        </test-method> <!-- teardown -->
      </class> <!-- testcase_demo.Verify_WatershedProtectionandFloodPreventionProgram1 -->
      <class name="testcase_demo.Verify_Help">
        <test-method status="PASS" signature="SetUp()[pri:0, instance:testcase_demo.Verify_Help@3108bc]" name="SetUp" is-config="true" duration-ms="5263" started-at="2018-05-11T08:45:44Z" finished-at="2018-05-11T08:45:49Z">
          <reporter-output>
          </reporter-output>
        </test-method> <!-- SetUp -->
        <test-method status="PASS" signature="testHomePage()[pri:0, instance:testcase_demo.Verify_Help@3108bc]" name="testHomePage" duration-ms="11145" started-at="2018-05-11T08:45:49Z" finished-at="2018-05-11T08:46:00Z">
          <reporter-output>
          </reporter-output>
        </test-method> <!-- testHomePage -->
        <test-method status="PASS" signature="teardown()[pri:0, instance:testcase_demo.Verify_Help@3108bc]" name="teardown" is-config="true" duration-ms="0" started-at="2018-05-11T08:46:00Z" finished-at="2018-05-11T08:46:00Z">
          <reporter-output>
          </reporter-output>
        </test-method> <!-- teardown -->
      </class> <!-- testcase_demo.Verify_Help -->
      <class name="testcase_demo.Verify_PublicNotices1">
        <test-method status="PASS" signature="SetUp()[pri:0, instance:testcase_demo.Verify_PublicNotices1@20398b7c]" name="SetUp" is-config="true" duration-ms="6016" started-at="2018-05-11T08:53:04Z" finished-at="2018-05-11T08:53:10Z">
          <reporter-output>
          </reporter-output>
        </test-method> <!-- SetUp -->
        <test-method status="PASS" signature="testHomePage()[pri:0, instance:testcase_demo.Verify_PublicNotices1@20398b7c]" name="testHomePage" duration-ms="8976" started-at="2018-05-11T08:53:10Z" finished-at="2018-05-11T08:53:19Z">
          <reporter-output>
          </reporter-output>
        </test-method> <!-- testHomePage -->
        <test-method status="PASS" signature="teardown()[pri:0, instance:testcase_demo.Verify_PublicNotices1@20398b7c]" name="teardown" is-config="true" duration-ms="15" started-at="2018-05-11T08:53:19Z" finished-at="2018-05-11T08:53:19Z">
          <reporter-output>
          </reporter-output>
        </test-method> <!-- teardown -->
      </class> <!-- testcase_demo.Verify_PublicNotices1 -->
    </test> <!-- testcase_demo -->
  </suite> <!-- NRCS.WebPresence.Arizona by packages -->
</testng-results>
