<html>
<head>
<title>TestNG:  testcase_demo</title>
<link href="../testng.css" rel="stylesheet" type="text/css" />
<link href="../my-testng.css" rel="stylesheet" type="text/css" />

<style type="text/css">
.log { display: none;} 
.stack-trace { display: none;} 
</style>
<script type="text/javascript">
<!--
function flip(e) {
  current = e.style.display;
  if (current == 'block') {
    e.style.display = 'none';
    return 0;
  }
  else {
    e.style.display = 'block';
    return 1;
  }
}

function toggleBox(szDivId, elem, msg1, msg2)
{
  var res = -1;  if (document.getElementById) {
    res = flip(document.getElementById(szDivId));
  }
  else if (document.all) {
    // this is the way old msie versions work
    res = flip(document.all[szDivId]);
  }
  if(elem) {
    if(res == 0) elem.innerHTML = msg1; else elem.innerHTML = msg2;
  }

}

function toggleAllBoxes() {
  if (document.getElementsByTagName) {
    d = document.getElementsByTagName('div');
    for (i = 0; i < d.length; i++) {
      if (d[i].className == 'log') {
        flip(d[i]);
      }
    }
  }
}

// -->
</script>

</head>
<body>
<h2 align='center'>testcase_demo</h2><table border='1' align="center">
<tr>
<td>Tests passed/Failed/Skipped:</td><td>90/5/1</td>
</tr><tr>
<td>Started on:</td><td>Fri May 11 08:30:25 EDT 2018</td>
</tr>
<tr><td>Total time:</td><td>1996 seconds (1996917 ms)</td>
</tr><tr>
<td>Included groups:</td><td></td>
</tr><tr>
<td>Excluded groups:</td><td></td>
</tr>
</table><p/>
<small><i>(Hover the method name to see the test class name)</i></small><p/>
<table width='100%' border='1' class='invocation-failed'>
<tr><td colspan='4' align='center'><b>FAILED CONFIGURATIONS</b></td></tr>
<tr><td><b>Test method</b></td>
<td width="30%"><b>Exception</b></td>
<td width="10%"><b>Time (seconds)</b></td>
<td><b>Instance</b></td>
</tr>
<tr>
<td title='testcase_demo.Verify_AboutUs1.SetUp()'><b>SetUp</b><br>Test class: testcase_demo.Verify_AboutUs1</td>
<td><div><pre>org.openqa.selenium.WebDriverException: c is null
Command duration or timeout: 64 milliseconds
Build info: version: &apos;2.53.1&apos;, revision: &apos;a36b8b1cd5757287168e54b817830adce9b0158d&apos;, time: &apos;2016-06-30 19:26:09&apos;
System info: host: &apos;TSPREA01LAPA35&apos;, ip: &apos;199.130.135.239&apos;, os.name: &apos;Windows 10&apos;, os.arch: &apos;amd64&apos;, os.version: &apos;10.0&apos;, java.version: &apos;1.8.0_131&apos;
Driver info: org.openqa.selenium.firefox.FirefoxDriver
	at sun.reflect.NativeConstructorAccessorImpl.newInstance0(Native Method)
	at sun.reflect.NativeConstructorAccessorImpl.newInstance(NativeConstructorAccessorImpl.java:62)
	at sun.reflect.DelegatingConstructorAccessorImpl.newInstance(DelegatingConstructorAccessorImpl.java:45)
	at java.lang.reflect.Constructor.newInstance(Constructor.java:423)
	at org.openqa.selenium.remote.ErrorHandler.createThrowable(ErrorHandler.java:206)
	at org.openqa.selenium.remote.ErrorHandler.throwIfResponseFailed(ErrorHandler.java:158)
	at org.openqa.selenium.remote.RemoteWebDriver.execute(RemoteWebDriver.java:678)
	at org.openqa.selenium.remote.RemoteWebDriver.startSession(RemoteWebDriver.java:249)
	at org.openqa.selenium.remote.RemoteWebDriver.&lt;init&gt;(RemoteWebDriver.java:131)
	at org.openqa.selenium.firefox.FirefoxDriver.&lt;init&gt;(FirefoxDriver.java:216)
	at org.openqa.selenium.firefox.FirefoxDriver.&lt;init&gt;(FirefoxDriver.java:211)
	at org.openqa.selenium.firefox.FirefoxDriver.&lt;init&gt;(FirefoxDriver.java:207)
	at org.openqa.selenium.firefox.FirefoxDriver.&lt;init&gt;(FirefoxDriver.java:124)
	at factory.BrowserFactory.getBrowser(BrowserFactory.java:40)
	at testcase_demo.Verify_AboutUs1.SetUp(Verify_AboutUs1.java:26)
	at sun.reflect.NativeMethodAccessorImpl.invoke0(Native Method)
	at sun.reflect.NativeMethodAccessorImpl.invoke(NativeMethodAccessorImpl.java:62)
	at sun.reflect.DelegatingMethodAccessorImpl.invoke(DelegatingMethodAccessorImpl.java:43)
	at java.lang.reflect.Method.invoke(Method.java:498)
	at org.testng.internal.MethodInvocationHelper.invokeMethod(MethodInvocationHelper.java:80)
	at org.testng.internal.Invoker.invokeConfigurationMethod(Invoker.java:564)
	at org.testng.internal.Invoker.invokeConfigurations(Invoker.java:213)
	at org.testng.internal.Invoker.invokeConfigurations(Invoker.java:138)
	at org.testng.internal.TestMethodWorker.invokeBeforeClassMethods(TestMethodWorker.java:175)
	at org.testng.internal.TestMethodWorker.run(TestMethodWorker.java:107)
	at org.testng.TestRunner.privateRun(TestRunner.java:767)
	at org.testng.TestRunner.run(TestRunner.java:617)
	at org.testng.SuiteRunner.runTest(SuiteRunner.java:334)
	at org.testng.SuiteRunner.runSequentially(SuiteRunner.java:329)
	at org.testng.SuiteRunner.privateRun(SuiteRunner.java:291)
	at org.testng.SuiteRunner.run(SuiteRunner.java:240)
	at org.testng.SuiteRunnerWorker.runSuite(SuiteRunnerWorker.java:52)
	at org.testng.SuiteRunnerWorker.run(SuiteRunnerWorker.java:86)
	at org.testng.TestNG.runSuitesSequentially(TestNG.java:1198)
	at org.testng.TestNG.runSuitesLocally(TestNG.java:1123)
	at org.testng.TestNG.run(TestNG.java:1031)
	at org.testng.remote.AbstractRemoteTestNG.run(AbstractRemoteTestNG.java:132)
	at org.testng.remote.RemoteTestNG.initAndRun(RemoteTestNG.java:230)
	at org.testng.remote.RemoteTestNG.main(RemoteTestNG.java:76)
Caused by: org.openqa.selenium.WebDriverException: c is null
Build info: version: &apos;2.53.1&apos;, revision: &apos;a36b8b1cd5757287168e54b817830adce9b0158d&apos;, time: &apos;2016-06-30 19:26:09&apos;
System info: host: &apos;TSPREA01LAPA35&apos;, ip: &apos;199.130.135.239&apos;, os.name: &apos;Windows 10&apos;, os.arch: &apos;amd64&apos;, os.version: &apos;10.0&apos;, java.version: &apos;1.8.0_131&apos;
Driver info: driver.version: unknown
	at &lt;anonymous class&gt;.nsCommandProcessor.prototype.newSession(file:///C:/Users/SIVAPR~2/AppData/Local/Temp/anonymous7444010213422973162webdriver-profile/extensions/fxdriver@googlecode.com/components/command-processor.js:12802)
	at &lt;anonymous class&gt;.nsCommandProcessor.prototype.execute(file:///C:/Users/SIVAPR~2/AppData/Local/Temp/anonymous7444010213422973162webdriver-profile/extensions/fxdriver@googlecode.com/components/command-processor.js:12694)
	at &lt;anonymous class&gt;.Dispatcher.executeAs/&lt;(file:///C:/Users/SIVAPR~2/AppData/Local/Temp/anonymous7444010213422973162webdriver-profile/extensions/fxdriver@googlecode.com/components/driver-component.js:9558)
	at &lt;anonymous class&gt;.Resource.prototype.handle(file:///C:/Users/SIVAPR~2/AppData/Local/Temp/anonymous7444010213422973162webdriver-profile/extensions/fxdriver@googlecode.com/components/driver-component.js:9705)
	at &lt;anonymous class&gt;.Dispatcher.prototype.dispatch(file:///C:/Users/SIVAPR~2/AppData/Local/Temp/anonymous7444010213422973162webdriver-profile/extensions/fxdriver@googlecode.com/components/driver-component.js:9652)
	at &lt;anonymous class&gt;.WebDriverServer/&lt;.handle(file:///C:/Users/SIVAPR~2/AppData/Local/Temp/anonymous7444010213422973162webdriver-profile/extensions/fxdriver@googlecode.com/components/driver-component.js:12517)
	at &lt;anonymous class&gt;.createHandlerFunc/&lt;(file:///C:/Users/SIVAPR~2/AppData/Local/Temp/anonymous7444010213422973162webdriver-profile/extensions/fxdriver@googlecode.com/components/httpd.js:2054)
	at &lt;anonymous class&gt;.ServerHandler.prototype.handleResponse(file:///C:/Users/SIVAPR~2/AppData/Local/Temp/anonymous7444010213422973162webdriver-profile/extensions/fxdriver@googlecode.com/components/httpd.js:2387)
	at &lt;anonymous class&gt;.Connection.prototype.process(file:///C:/Users/SIVAPR~2/AppData/Local/Temp/anonymous7444010213422973162webdriver-profile/extensions/fxdriver@googlecode.com/components/httpd.js:1223)
	at &lt;anonymous class&gt;.RequestReader.prototype._handleResponse(file:///C:/Users/SIVAPR~2/AppData/Local/Temp/anonymous7444010213422973162webdriver-profile/extensions/fxdriver@googlecode.com/components/httpd.js:1677)
	at &lt;anonymous class&gt;.RequestReader.prototype._processBody(file:///C:/Users/SIVAPR~2/AppData/Local/Temp/anonymous7444010213422973162webdriver-profile/extensions/fxdriver@googlecode.com/components/httpd.js:1525)
	at &lt;anonymous class&gt;.RequestReader.prototype.onInputStreamReady(file:///C:/Users/SIVAPR~2/AppData/Local/Temp/anonymous7444010213422973162webdriver-profile/extensions/fxdriver@googlecode.com/components/httpd.js:1393)
</pre></div><a href='#' onClick='toggleBox("stack-trace247515192", this, "Click to show all stack frames", "Click to hide stack frames")'>Click to show all stack frames</a>
<div class='stack-trace' id='stack-trace247515192'><pre>org.openqa.selenium.WebDriverException: c is null
Command duration or timeout: 64 milliseconds
Build info: version: &apos;2.53.1&apos;, revision: &apos;a36b8b1cd5757287168e54b817830adce9b0158d&apos;, time: &apos;2016-06-30 19:26:09&apos;
System info: host: &apos;TSPREA01LAPA35&apos;, ip: &apos;199.130.135.239&apos;, os.name: &apos;Windows 10&apos;, os.arch: &apos;amd64&apos;, os.version: &apos;10.0&apos;, java.version: &apos;1.8.0_131&apos;
Driver info: org.openqa.selenium.firefox.FirefoxDriver
	at sun.reflect.NativeConstructorAccessorImpl.newInstance0(Native Method)
	at sun.reflect.NativeConstructorAccessorImpl.newInstance(NativeConstructorAccessorImpl.java:62)
	at sun.reflect.DelegatingConstructorAccessorImpl.newInstance(DelegatingConstructorAccessorImpl.java:45)
	at java.lang.reflect.Constructor.newInstance(Constructor.java:423)
	at org.openqa.selenium.remote.ErrorHandler.createThrowable(ErrorHandler.java:206)
	at org.openqa.selenium.remote.ErrorHandler.throwIfResponseFailed(ErrorHandler.java:158)
	at org.openqa.selenium.remote.RemoteWebDriver.execute(RemoteWebDriver.java:678)
	at org.openqa.selenium.remote.RemoteWebDriver.startSession(RemoteWebDriver.java:249)
	at org.openqa.selenium.remote.RemoteWebDriver.&lt;init&gt;(RemoteWebDriver.java:131)
	at org.openqa.selenium.firefox.FirefoxDriver.&lt;init&gt;(FirefoxDriver.java:216)
	at org.openqa.selenium.firefox.FirefoxDriver.&lt;init&gt;(FirefoxDriver.java:211)
	at org.openqa.selenium.firefox.FirefoxDriver.&lt;init&gt;(FirefoxDriver.java:207)
	at org.openqa.selenium.firefox.FirefoxDriver.&lt;init&gt;(FirefoxDriver.java:124)
	at factory.BrowserFactory.getBrowser(BrowserFactory.java:40)
	at testcase_demo.Verify_AboutUs1.SetUp(Verify_AboutUs1.java:26)
	at sun.reflect.NativeMethodAccessorImpl.invoke0(Native Method)
	at sun.reflect.NativeMethodAccessorImpl.invoke(NativeMethodAccessorImpl.java:62)
	at sun.reflect.DelegatingMethodAccessorImpl.invoke(DelegatingMethodAccessorImpl.java:43)
	at java.lang.reflect.Method.invoke(Method.java:498)
	at org.testng.internal.MethodInvocationHelper.invokeMethod(MethodInvocationHelper.java:80)
	at org.testng.internal.Invoker.invokeConfigurationMethod(Invoker.java:564)
	at org.testng.internal.Invoker.invokeConfigurations(Invoker.java:213)
	at org.testng.internal.Invoker.invokeConfigurations(Invoker.java:138)
	at org.testng.internal.TestMethodWorker.invokeBeforeClassMethods(TestMethodWorker.java:175)
	at org.testng.internal.TestMethodWorker.run(TestMethodWorker.java:107)
	at org.testng.TestRunner.privateRun(TestRunner.java:767)
	at org.testng.TestRunner.run(TestRunner.java:617)
	at org.testng.SuiteRunner.runTest(SuiteRunner.java:334)
	at org.testng.SuiteRunner.runSequentially(SuiteRunner.java:329)
	at org.testng.SuiteRunner.privateRun(SuiteRunner.java:291)
	at org.testng.SuiteRunner.run(SuiteRunner.java:240)
	at org.testng.SuiteRunnerWorker.runSuite(SuiteRunnerWorker.java:52)
	at org.testng.SuiteRunnerWorker.run(SuiteRunnerWorker.java:86)
	at org.testng.TestNG.runSuitesSequentially(TestNG.java:1198)
	at org.testng.TestNG.runSuitesLocally(TestNG.java:1123)
	at org.testng.TestNG.run(TestNG.java:1031)
	at org.testng.remote.AbstractRemoteTestNG.run(AbstractRemoteTestNG.java:132)
	at org.testng.remote.RemoteTestNG.initAndRun(RemoteTestNG.java:230)
	at org.testng.remote.RemoteTestNG.main(RemoteTestNG.java:76)
Caused by: org.openqa.selenium.WebDriverException: c is null
Build info: version: &apos;2.53.1&apos;, revision: &apos;a36b8b1cd5757287168e54b817830adce9b0158d&apos;, time: &apos;2016-06-30 19:26:09&apos;
System info: host: &apos;TSPREA01LAPA35&apos;, ip: &apos;199.130.135.239&apos;, os.name: &apos;Windows 10&apos;, os.arch: &apos;amd64&apos;, os.version: &apos;10.0&apos;, java.version: &apos;1.8.0_131&apos;
Driver info: driver.version: unknown
	at &lt;anonymous class&gt;.nsCommandProcessor.prototype.newSession(file:///C:/Users/SIVAPR~2/AppData/Local/Temp/anonymous7444010213422973162webdriver-profile/extensions/fxdriver@googlecode.com/components/command-processor.js:12802)
	at &lt;anonymous class&gt;.nsCommandProcessor.prototype.execute(file:///C:/Users/SIVAPR~2/AppData/Local/Temp/anonymous7444010213422973162webdriver-profile/extensions/fxdriver@googlecode.com/components/command-processor.js:12694)
	at &lt;anonymous class&gt;.Dispatcher.executeAs/&lt;(file:///C:/Users/SIVAPR~2/AppData/Local/Temp/anonymous7444010213422973162webdriver-profile/extensions/fxdriver@googlecode.com/components/driver-component.js:9558)
	at &lt;anonymous class&gt;.Resource.prototype.handle(file:///C:/Users/SIVAPR~2/AppData/Local/Temp/anonymous7444010213422973162webdriver-profile/extensions/fxdriver@googlecode.com/components/driver-component.js:9705)
	at &lt;anonymous class&gt;.Dispatcher.prototype.dispatch(file:///C:/Users/SIVAPR~2/AppData/Local/Temp/anonymous7444010213422973162webdriver-profile/extensions/fxdriver@googlecode.com/components/driver-component.js:9652)
	at &lt;anonymous class&gt;.WebDriverServer/&lt;.handle(file:///C:/Users/SIVAPR~2/AppData/Local/Temp/anonymous7444010213422973162webdriver-profile/extensions/fxdriver@googlecode.com/components/driver-component.js:12517)
	at &lt;anonymous class&gt;.createHandlerFunc/&lt;(file:///C:/Users/SIVAPR~2/AppData/Local/Temp/anonymous7444010213422973162webdriver-profile/extensions/fxdriver@googlecode.com/components/httpd.js:2054)
	at &lt;anonymous class&gt;.ServerHandler.prototype.handleResponse(file:///C:/Users/SIVAPR~2/AppData/Local/Temp/anonymous7444010213422973162webdriver-profile/extensions/fxdriver@googlecode.com/components/httpd.js:2387)
	at &lt;anonymous class&gt;.Connection.prototype.process(file:///C:/Users/SIVAPR~2/AppData/Local/Temp/anonymous7444010213422973162webdriver-profile/extensions/fxdriver@googlecode.com/components/httpd.js:1223)
	at &lt;anonymous class&gt;.RequestReader.prototype._handleResponse(file:///C:/Users/SIVAPR~2/AppData/Local/Temp/anonymous7444010213422973162webdriver-profile/extensions/fxdriver@googlecode.com/components/httpd.js:1677)
	at &lt;anonymous class&gt;.RequestReader.prototype._processBody(file:///C:/Users/SIVAPR~2/AppData/Local/Temp/anonymous7444010213422973162webdriver-profile/extensions/fxdriver@googlecode.com/components/httpd.js:1525)
	at &lt;anonymous class&gt;.RequestReader.prototype.onInputStreamReady(file:///C:/Users/SIVAPR~2/AppData/Local/Temp/anonymous7444010213422973162webdriver-profile/extensions/fxdriver@googlecode.com/components/httpd.js:1393)
</pre></div></td>
<td>0</td>
<td>testcase_demo.Verify_AboutUs1@1dfe2924</td></tr>
</table><p>
<table width='100%' border='1' class='invocation-skipped'>
<tr><td colspan='4' align='center'><b>SKIPPED CONFIGURATIONS</b></td></tr>
<tr><td><b>Test method</b></td>
<td width="30%"><b>Exception</b></td>
<td width="10%"><b>Time (seconds)</b></td>
<td><b>Instance</b></td>
</tr>
<tr>
<td title='testcase_demo.Verify_AboutUs1.teardown()'><b>teardown</b><br>Test class: testcase_demo.Verify_AboutUs1</td>
<td></td>
<td>0</td>
<td>testcase_demo.Verify_AboutUs1@1dfe2924</td></tr>
</table><p>
<table width='100%' border='1' class='invocation-failed'>
<tr><td colspan='4' align='center'><b>FAILED TESTS</b></td></tr>
<tr><td><b>Test method</b></td>
<td width="30%"><b>Exception</b></td>
<td width="10%"><b>Time (seconds)</b></td>
<td><b>Instance</b></td>
</tr>
<tr>
<td title='testcase_demo.Verfiy_NationalsCenters.testHomePage()'><b>testHomePage</b><br>Test class: testcase_demo.Verfiy_NationalsCenters</td>
<td><div><pre>org.openqa.selenium.NoSuchElementException: Unable to locate element: {&quot;method&quot;:&quot;xpath&quot;,&quot;selector&quot;:&quot;.//*[@id=&apos;overview&apos;]&quot;}
Command duration or timeout: 10.12 seconds
For documentation on this error, please visit: http://seleniumhq.org/exceptions/no_such_element.html
Build info: version: &apos;2.53.1&apos;, revision: &apos;a36b8b1cd5757287168e54b817830adce9b0158d&apos;, time: &apos;2016-06-30 19:26:09&apos;
System info: host: &apos;TSPREA01LAPA35&apos;, ip: &apos;199.130.135.239&apos;, os.name: &apos;Windows 10&apos;, os.arch: &apos;amd64&apos;, os.version: &apos;10.0&apos;, java.version: &apos;1.8.0_131&apos;
Driver info: org.openqa.selenium.firefox.FirefoxDriver
Capabilities [{applicationCacheEnabled=true, rotatable=false, handlesAlerts=true, databaseEnabled=true, version=39.0, platform=WINDOWS, nativeEvents=false, acceptSslCerts=true, webStorageEnabled=true, locationContextEnabled=true, browserName=firefox, takesScreenshot=true, javascriptEnabled=true, cssSelectorsEnabled=true}]
Session ID: 73ce7cad-26af-4059-ae2a-b20159072bc2
*** Element info: {Using=xpath, value=.//*[@id=&apos;overview&apos;]}
	at sun.reflect.NativeConstructorAccessorImpl.newInstance0(Native Method)
	at sun.reflect.NativeConstructorAccessorImpl.newInstance(NativeConstructorAccessorImpl.java:62)
	at sun.reflect.DelegatingConstructorAccessorImpl.newInstance(DelegatingConstructorAccessorImpl.java:45)
	at java.lang.reflect.Constructor.newInstance(Constructor.java:423)
	at org.openqa.selenium.remote.ErrorHandler.createThrowable(ErrorHandler.java:206)
	at org.openqa.selenium.remote.ErrorHandler.throwIfResponseFailed(ErrorHandler.java:158)
	at org.openqa.selenium.remote.RemoteWebDriver.execute(RemoteWebDriver.java:678)
	at org.openqa.selenium.remote.RemoteWebDriver.findElement(RemoteWebDriver.java:363)
	at org.openqa.selenium.remote.RemoteWebDriver.findElementByXPath(RemoteWebDriver.java:500)
	at org.openqa.selenium.By$ByXPath.findElement(By.java:361)
	at org.openqa.selenium.remote.RemoteWebDriver.findElement(RemoteWebDriver.java:355)
	at org.openqa.selenium.support.pagefactory.DefaultElementLocator.findElement(DefaultElementLocator.java:69)
	at org.openqa.selenium.support.pagefactory.internal.LocatingElementHandler.invoke(LocatingElementHandler.java:38)
	at com.sun.proxy.$Proxy7.findElements(Unknown Source)
	at page_demo.NationalCenters.validateURL(NationalCenters.java:83)
	at testcase_demo.Verfiy_NationalsCenters.testHomePage(Verfiy_NationalsCenters.java:41)
	at sun.reflect.NativeMethodAccessorImpl.invoke0(Native Method)
	at sun.reflect.NativeMethodAccessorImpl.invoke(NativeMethodAccessorImpl.java:62)
	at sun.reflect.DelegatingMethodAccessorImpl.invoke(DelegatingMethodAccessorImpl.java:43)
	at java.lang.reflect.Method.invoke(Method.java:498)
	at org.testng.internal.MethodInvocationHelper.invokeMethod(MethodInvocationHelper.java:80)
	at org.testng.internal.Invoker.invokeMethod(Invoker.java:714)
	at org.testng.internal.Invoker.invokeTestMethod(Invoker.java:901)
	at org.testng.internal.Invoker.invokeTestMethods(Invoker.java:1231)
	at org.testng.internal.TestMethodWorker.invokeTestMethods(TestMethodWorker.java:127)
	at org.testng.internal.TestMethodWorker.run(TestMethodWorker.java:111)
	at org.testng.TestRunner.privateRun(TestRunner.java:767)
	at org.testng.TestRunner.run(TestRunner.java:617)
	at org.testng.SuiteRunner.runTest(SuiteRunner.java:334)
	at org.testng.SuiteRunner.runSequentially(SuiteRunner.java:329)
	at org.testng.SuiteRunner.privateRun(SuiteRunner.java:291)
	at org.testng.SuiteRunner.run(SuiteRunner.java:240)
	at org.testng.SuiteRunnerWorker.runSuite(SuiteRunnerWorker.java:52)
	at org.testng.SuiteRunnerWorker.run(SuiteRunnerWorker.java:86)
	at org.testng.TestNG.runSuitesSequentially(TestNG.java:1198)
	at org.testng.TestNG.runSuitesLocally(TestNG.java:1123)
	at org.testng.TestNG.run(TestNG.java:1031)
	at org.testng.remote.AbstractRemoteTestNG.run(AbstractRemoteTestNG.java:132)
	at org.testng.remote.RemoteTestNG.initAndRun(RemoteTestNG.java:230)
	at org.testng.remote.RemoteTestNG.main(RemoteTestNG.java:76)
Caused by: org.openqa.selenium.NoSuchElementException: Unable to locate element: {&quot;method&quot;:&quot;xpath&quot;,&quot;selector&quot;:&quot;.//*[@id=&apos;overview&apos;]&quot;}
For documentation on this error, please visit: http://seleniumhq.org/exceptions/no_such_element.html
Build info: version: &apos;2.53.1&apos;, revision: &apos;a36b8b1cd5757287168e54b817830adce9b0158d&apos;, time: &apos;2016-06-30 19:26:09&apos;
System info: host: &apos;TSPREA01LAPA35&apos;, ip: &apos;199.130.135.239&apos;, os.name: &apos;Windows 10&apos;, os.arch: &apos;amd64&apos;, os.version: &apos;10.0&apos;, java.version: &apos;1.8.0_131&apos;
Driver info: driver.version: unknown
	at &lt;anonymous class&gt;.FirefoxDriver.prototype.findElementInternal_(file:///C:/Users/SIVAPR~2/AppData/Local/Temp/anonymous9112221404584141996webdriver-profile/extensions/fxdriver@googlecode.com/components/driver-component.js:10770)
	at &lt;anonymous class&gt;.fxdriver.Timer.prototype.setTimeout/&lt;.notify(file:///C:/Users/SIVAPR~2/AppData/Local/Temp/anonymous9112221404584141996webdriver-profile/extensions/fxdriver@googlecode.com/components/driver-component.js:625)
</pre></div><a href='#' onClick='toggleBox("stack-trace2116299597", this, "Click to show all stack frames", "Click to hide stack frames")'>Click to show all stack frames</a>
<div class='stack-trace' id='stack-trace2116299597'><pre>org.openqa.selenium.NoSuchElementException: Unable to locate element: {&quot;method&quot;:&quot;xpath&quot;,&quot;selector&quot;:&quot;.//*[@id=&apos;overview&apos;]&quot;}
Command duration or timeout: 10.12 seconds
For documentation on this error, please visit: http://seleniumhq.org/exceptions/no_such_element.html
Build info: version: &apos;2.53.1&apos;, revision: &apos;a36b8b1cd5757287168e54b817830adce9b0158d&apos;, time: &apos;2016-06-30 19:26:09&apos;
System info: host: &apos;TSPREA01LAPA35&apos;, ip: &apos;199.130.135.239&apos;, os.name: &apos;Windows 10&apos;, os.arch: &apos;amd64&apos;, os.version: &apos;10.0&apos;, java.version: &apos;1.8.0_131&apos;
Driver info: org.openqa.selenium.firefox.FirefoxDriver
Capabilities [{applicationCacheEnabled=true, rotatable=false, handlesAlerts=true, databaseEnabled=true, version=39.0, platform=WINDOWS, nativeEvents=false, acceptSslCerts=true, webStorageEnabled=true, locationContextEnabled=true, browserName=firefox, takesScreenshot=true, javascriptEnabled=true, cssSelectorsEnabled=true}]
Session ID: 73ce7cad-26af-4059-ae2a-b20159072bc2
*** Element info: {Using=xpath, value=.//*[@id=&apos;overview&apos;]}
	at sun.reflect.NativeConstructorAccessorImpl.newInstance0(Native Method)
	at sun.reflect.NativeConstructorAccessorImpl.newInstance(NativeConstructorAccessorImpl.java:62)
	at sun.reflect.DelegatingConstructorAccessorImpl.newInstance(DelegatingConstructorAccessorImpl.java:45)
	at java.lang.reflect.Constructor.newInstance(Constructor.java:423)
	at org.openqa.selenium.remote.ErrorHandler.createThrowable(ErrorHandler.java:206)
	at org.openqa.selenium.remote.ErrorHandler.throwIfResponseFailed(ErrorHandler.java:158)
	at org.openqa.selenium.remote.RemoteWebDriver.execute(RemoteWebDriver.java:678)
	at org.openqa.selenium.remote.RemoteWebDriver.findElement(RemoteWebDriver.java:363)
	at org.openqa.selenium.remote.RemoteWebDriver.findElementByXPath(RemoteWebDriver.java:500)
	at org.openqa.selenium.By$ByXPath.findElement(By.java:361)
	at org.openqa.selenium.remote.RemoteWebDriver.findElement(RemoteWebDriver.java:355)
	at org.openqa.selenium.support.pagefactory.DefaultElementLocator.findElement(DefaultElementLocator.java:69)
	at org.openqa.selenium.support.pagefactory.internal.LocatingElementHandler.invoke(LocatingElementHandler.java:38)
	at com.sun.proxy.$Proxy7.findElements(Unknown Source)
	at page_demo.NationalCenters.validateURL(NationalCenters.java:83)
	at testcase_demo.Verfiy_NationalsCenters.testHomePage(Verfiy_NationalsCenters.java:41)
	at sun.reflect.NativeMethodAccessorImpl.invoke0(Native Method)
	at sun.reflect.NativeMethodAccessorImpl.invoke(NativeMethodAccessorImpl.java:62)
	at sun.reflect.DelegatingMethodAccessorImpl.invoke(DelegatingMethodAccessorImpl.java:43)
	at java.lang.reflect.Method.invoke(Method.java:498)
	at org.testng.internal.MethodInvocationHelper.invokeMethod(MethodInvocationHelper.java:80)
	at org.testng.internal.Invoker.invokeMethod(Invoker.java:714)
	at org.testng.internal.Invoker.invokeTestMethod(Invoker.java:901)
	at org.testng.internal.Invoker.invokeTestMethods(Invoker.java:1231)
	at org.testng.internal.TestMethodWorker.invokeTestMethods(TestMethodWorker.java:127)
	at org.testng.internal.TestMethodWorker.run(TestMethodWorker.java:111)
	at org.testng.TestRunner.privateRun(TestRunner.java:767)
	at org.testng.TestRunner.run(TestRunner.java:617)
	at org.testng.SuiteRunner.runTest(SuiteRunner.java:334)
	at org.testng.SuiteRunner.runSequentially(SuiteRunner.java:329)
	at org.testng.SuiteRunner.privateRun(SuiteRunner.java:291)
	at org.testng.SuiteRunner.run(SuiteRunner.java:240)
	at org.testng.SuiteRunnerWorker.runSuite(SuiteRunnerWorker.java:52)
	at org.testng.SuiteRunnerWorker.run(SuiteRunnerWorker.java:86)
	at org.testng.TestNG.runSuitesSequentially(TestNG.java:1198)
	at org.testng.TestNG.runSuitesLocally(TestNG.java:1123)
	at org.testng.TestNG.run(TestNG.java:1031)
	at org.testng.remote.AbstractRemoteTestNG.run(AbstractRemoteTestNG.java:132)
	at org.testng.remote.RemoteTestNG.initAndRun(RemoteTestNG.java:230)
	at org.testng.remote.RemoteTestNG.main(RemoteTestNG.java:76)
Caused by: org.openqa.selenium.NoSuchElementException: Unable to locate element: {&quot;method&quot;:&quot;xpath&quot;,&quot;selector&quot;:&quot;.//*[@id=&apos;overview&apos;]&quot;}
For documentation on this error, please visit: http://seleniumhq.org/exceptions/no_such_element.html
Build info: version: &apos;2.53.1&apos;, revision: &apos;a36b8b1cd5757287168e54b817830adce9b0158d&apos;, time: &apos;2016-06-30 19:26:09&apos;
System info: host: &apos;TSPREA01LAPA35&apos;, ip: &apos;199.130.135.239&apos;, os.name: &apos;Windows 10&apos;, os.arch: &apos;amd64&apos;, os.version: &apos;10.0&apos;, java.version: &apos;1.8.0_131&apos;
Driver info: driver.version: unknown
	at &lt;anonymous class&gt;.FirefoxDriver.prototype.findElementInternal_(file:///C:/Users/SIVAPR~2/AppData/Local/Temp/anonymous9112221404584141996webdriver-profile/extensions/fxdriver@googlecode.com/components/driver-component.js:10770)
	at &lt;anonymous class&gt;.fxdriver.Timer.prototype.setTimeout/&lt;.notify(file:///C:/Users/SIVAPR~2/AppData/Local/Temp/anonymous9112221404584141996webdriver-profile/extensions/fxdriver@googlecode.com/components/driver-component.js:625)
</pre></div></td>
<td>12</td>
<td>testcase_demo.Verfiy_NationalsCenters@4fe3c938</td></tr>
<tr>
<td title='testcase_demo.Verify_CIGProjectSearch1.testHomePage()'><b>testHomePage</b><br>Test class: testcase_demo.Verify_CIGProjectSearch1</td>
<td><div><pre>org.openqa.selenium.NoSuchElementException: Unable to locate element: {&quot;method&quot;:&quot;xpath&quot;,&quot;selector&quot;:&quot;.//*[@id=&apos;cigSearch&apos;]/h2&quot;}
Command duration or timeout: 10.08 seconds
For documentation on this error, please visit: http://seleniumhq.org/exceptions/no_such_element.html
Build info: version: &apos;2.53.1&apos;, revision: &apos;a36b8b1cd5757287168e54b817830adce9b0158d&apos;, time: &apos;2016-06-30 19:26:09&apos;
System info: host: &apos;TSPREA01LAPA35&apos;, ip: &apos;199.130.135.239&apos;, os.name: &apos;Windows 10&apos;, os.arch: &apos;amd64&apos;, os.version: &apos;10.0&apos;, java.version: &apos;1.8.0_131&apos;
Driver info: org.openqa.selenium.firefox.FirefoxDriver
Capabilities [{applicationCacheEnabled=true, rotatable=false, handlesAlerts=true, databaseEnabled=true, version=39.0, platform=WINDOWS, nativeEvents=false, acceptSslCerts=true, webStorageEnabled=true, locationContextEnabled=true, browserName=firefox, takesScreenshot=true, javascriptEnabled=true, cssSelectorsEnabled=true}]
Session ID: e48c05de-cc93-42fd-b355-5e39bce99e31
*** Element info: {Using=xpath, value=.//*[@id=&apos;cigSearch&apos;]/h2}
	at sun.reflect.NativeConstructorAccessorImpl.newInstance0(Native Method)
	at sun.reflect.NativeConstructorAccessorImpl.newInstance(NativeConstructorAccessorImpl.java:62)
	at sun.reflect.DelegatingConstructorAccessorImpl.newInstance(DelegatingConstructorAccessorImpl.java:45)
	at java.lang.reflect.Constructor.newInstance(Constructor.java:423)
	at org.openqa.selenium.remote.ErrorHandler.createThrowable(ErrorHandler.java:206)
	at org.openqa.selenium.remote.ErrorHandler.throwIfResponseFailed(ErrorHandler.java:158)
	at org.openqa.selenium.remote.RemoteWebDriver.execute(RemoteWebDriver.java:678)
	at org.openqa.selenium.remote.RemoteWebDriver.findElement(RemoteWebDriver.java:363)
	at org.openqa.selenium.remote.RemoteWebDriver.findElementByXPath(RemoteWebDriver.java:500)
	at org.openqa.selenium.By$ByXPath.findElement(By.java:361)
	at org.openqa.selenium.remote.RemoteWebDriver.findElement(RemoteWebDriver.java:355)
	at org.openqa.selenium.support.pagefactory.DefaultElementLocator.findElement(DefaultElementLocator.java:69)
	at org.openqa.selenium.support.pagefactory.internal.LocatingElementHandler.invoke(LocatingElementHandler.java:38)
	at com.sun.proxy.$Proxy7.getText(Unknown Source)
	at page_demo.CIGProjectSearch1.validateProd(CIGProjectSearch1.java:145)
	at testcase_demo.Verify_CIGProjectSearch1.testHomePage(Verify_CIGProjectSearch1.java:45)
	at sun.reflect.NativeMethodAccessorImpl.invoke0(Native Method)
	at sun.reflect.NativeMethodAccessorImpl.invoke(NativeMethodAccessorImpl.java:62)
	at sun.reflect.DelegatingMethodAccessorImpl.invoke(DelegatingMethodAccessorImpl.java:43)
	at java.lang.reflect.Method.invoke(Method.java:498)
	at org.testng.internal.MethodInvocationHelper.invokeMethod(MethodInvocationHelper.java:80)
	at org.testng.internal.Invoker.invokeMethod(Invoker.java:714)
	at org.testng.internal.Invoker.invokeTestMethod(Invoker.java:901)
	at org.testng.internal.Invoker.invokeTestMethods(Invoker.java:1231)
	at org.testng.internal.TestMethodWorker.invokeTestMethods(TestMethodWorker.java:127)
	at org.testng.internal.TestMethodWorker.run(TestMethodWorker.java:111)
	at org.testng.TestRunner.privateRun(TestRunner.java:767)
	at org.testng.TestRunner.run(TestRunner.java:617)
	at org.testng.SuiteRunner.runTest(SuiteRunner.java:334)
	at org.testng.SuiteRunner.runSequentially(SuiteRunner.java:329)
	at org.testng.SuiteRunner.privateRun(SuiteRunner.java:291)
	at org.testng.SuiteRunner.run(SuiteRunner.java:240)
	at org.testng.SuiteRunnerWorker.runSuite(SuiteRunnerWorker.java:52)
	at org.testng.SuiteRunnerWorker.run(SuiteRunnerWorker.java:86)
	at org.testng.TestNG.runSuitesSequentially(TestNG.java:1198)
	at org.testng.TestNG.runSuitesLocally(TestNG.java:1123)
	at org.testng.TestNG.run(TestNG.java:1031)
	at org.testng.remote.AbstractRemoteTestNG.run(AbstractRemoteTestNG.java:132)
	at org.testng.remote.RemoteTestNG.initAndRun(RemoteTestNG.java:230)
	at org.testng.remote.RemoteTestNG.main(RemoteTestNG.java:76)
Caused by: org.openqa.selenium.NoSuchElementException: Unable to locate element: {&quot;method&quot;:&quot;xpath&quot;,&quot;selector&quot;:&quot;.//*[@id=&apos;cigSearch&apos;]/h2&quot;}
For documentation on this error, please visit: http://seleniumhq.org/exceptions/no_such_element.html
Build info: version: &apos;2.53.1&apos;, revision: &apos;a36b8b1cd5757287168e54b817830adce9b0158d&apos;, time: &apos;2016-06-30 19:26:09&apos;
System info: host: &apos;TSPREA01LAPA35&apos;, ip: &apos;199.130.135.239&apos;, os.name: &apos;Windows 10&apos;, os.arch: &apos;amd64&apos;, os.version: &apos;10.0&apos;, java.version: &apos;1.8.0_131&apos;
Driver info: driver.version: unknown
	at &lt;anonymous class&gt;.FirefoxDriver.prototype.findElementInternal_(file:///C:/Users/SIVAPR~2/AppData/Local/Temp/anonymous8889167051420820407webdriver-profile/extensions/fxdriver@googlecode.com/components/driver-component.js:10770)
	at &lt;anonymous class&gt;.fxdriver.Timer.prototype.setTimeout/&lt;.notify(file:///C:/Users/SIVAPR~2/AppData/Local/Temp/anonymous8889167051420820407webdriver-profile/extensions/fxdriver@googlecode.com/components/driver-component.js:625)
</pre></div><a href='#' onClick='toggleBox("stack-trace1013620810", this, "Click to show all stack frames", "Click to hide stack frames")'>Click to show all stack frames</a>
<div class='stack-trace' id='stack-trace1013620810'><pre>org.openqa.selenium.NoSuchElementException: Unable to locate element: {&quot;method&quot;:&quot;xpath&quot;,&quot;selector&quot;:&quot;.//*[@id=&apos;cigSearch&apos;]/h2&quot;}
Command duration or timeout: 10.08 seconds
For documentation on this error, please visit: http://seleniumhq.org/exceptions/no_such_element.html
Build info: version: &apos;2.53.1&apos;, revision: &apos;a36b8b1cd5757287168e54b817830adce9b0158d&apos;, time: &apos;2016-06-30 19:26:09&apos;
System info: host: &apos;TSPREA01LAPA35&apos;, ip: &apos;199.130.135.239&apos;, os.name: &apos;Windows 10&apos;, os.arch: &apos;amd64&apos;, os.version: &apos;10.0&apos;, java.version: &apos;1.8.0_131&apos;
Driver info: org.openqa.selenium.firefox.FirefoxDriver
Capabilities [{applicationCacheEnabled=true, rotatable=false, handlesAlerts=true, databaseEnabled=true, version=39.0, platform=WINDOWS, nativeEvents=false, acceptSslCerts=true, webStorageEnabled=true, locationContextEnabled=true, browserName=firefox, takesScreenshot=true, javascriptEnabled=true, cssSelectorsEnabled=true}]
Session ID: e48c05de-cc93-42fd-b355-5e39bce99e31
*** Element info: {Using=xpath, value=.//*[@id=&apos;cigSearch&apos;]/h2}
	at sun.reflect.NativeConstructorAccessorImpl.newInstance0(Native Method)
	at sun.reflect.NativeConstructorAccessorImpl.newInstance(NativeConstructorAccessorImpl.java:62)
	at sun.reflect.DelegatingConstructorAccessorImpl.newInstance(DelegatingConstructorAccessorImpl.java:45)
	at java.lang.reflect.Constructor.newInstance(Constructor.java:423)
	at org.openqa.selenium.remote.ErrorHandler.createThrowable(ErrorHandler.java:206)
	at org.openqa.selenium.remote.ErrorHandler.throwIfResponseFailed(ErrorHandler.java:158)
	at org.openqa.selenium.remote.RemoteWebDriver.execute(RemoteWebDriver.java:678)
	at org.openqa.selenium.remote.RemoteWebDriver.findElement(RemoteWebDriver.java:363)
	at org.openqa.selenium.remote.RemoteWebDriver.findElementByXPath(RemoteWebDriver.java:500)
	at org.openqa.selenium.By$ByXPath.findElement(By.java:361)
	at org.openqa.selenium.remote.RemoteWebDriver.findElement(RemoteWebDriver.java:355)
	at org.openqa.selenium.support.pagefactory.DefaultElementLocator.findElement(DefaultElementLocator.java:69)
	at org.openqa.selenium.support.pagefactory.internal.LocatingElementHandler.invoke(LocatingElementHandler.java:38)
	at com.sun.proxy.$Proxy7.getText(Unknown Source)
	at page_demo.CIGProjectSearch1.validateProd(CIGProjectSearch1.java:145)
	at testcase_demo.Verify_CIGProjectSearch1.testHomePage(Verify_CIGProjectSearch1.java:45)
	at sun.reflect.NativeMethodAccessorImpl.invoke0(Native Method)
	at sun.reflect.NativeMethodAccessorImpl.invoke(NativeMethodAccessorImpl.java:62)
	at sun.reflect.DelegatingMethodAccessorImpl.invoke(DelegatingMethodAccessorImpl.java:43)
	at java.lang.reflect.Method.invoke(Method.java:498)
	at org.testng.internal.MethodInvocationHelper.invokeMethod(MethodInvocationHelper.java:80)
	at org.testng.internal.Invoker.invokeMethod(Invoker.java:714)
	at org.testng.internal.Invoker.invokeTestMethod(Invoker.java:901)
	at org.testng.internal.Invoker.invokeTestMethods(Invoker.java:1231)
	at org.testng.internal.TestMethodWorker.invokeTestMethods(TestMethodWorker.java:127)
	at org.testng.internal.TestMethodWorker.run(TestMethodWorker.java:111)
	at org.testng.TestRunner.privateRun(TestRunner.java:767)
	at org.testng.TestRunner.run(TestRunner.java:617)
	at org.testng.SuiteRunner.runTest(SuiteRunner.java:334)
	at org.testng.SuiteRunner.runSequentially(SuiteRunner.java:329)
	at org.testng.SuiteRunner.privateRun(SuiteRunner.java:291)
	at org.testng.SuiteRunner.run(SuiteRunner.java:240)
	at org.testng.SuiteRunnerWorker.runSuite(SuiteRunnerWorker.java:52)
	at org.testng.SuiteRunnerWorker.run(SuiteRunnerWorker.java:86)
	at org.testng.TestNG.runSuitesSequentially(TestNG.java:1198)
	at org.testng.TestNG.runSuitesLocally(TestNG.java:1123)
	at org.testng.TestNG.run(TestNG.java:1031)
	at org.testng.remote.AbstractRemoteTestNG.run(AbstractRemoteTestNG.java:132)
	at org.testng.remote.RemoteTestNG.initAndRun(RemoteTestNG.java:230)
	at org.testng.remote.RemoteTestNG.main(RemoteTestNG.java:76)
Caused by: org.openqa.selenium.NoSuchElementException: Unable to locate element: {&quot;method&quot;:&quot;xpath&quot;,&quot;selector&quot;:&quot;.//*[@id=&apos;cigSearch&apos;]/h2&quot;}
For documentation on this error, please visit: http://seleniumhq.org/exceptions/no_such_element.html
Build info: version: &apos;2.53.1&apos;, revision: &apos;a36b8b1cd5757287168e54b817830adce9b0158d&apos;, time: &apos;2016-06-30 19:26:09&apos;
System info: host: &apos;TSPREA01LAPA35&apos;, ip: &apos;199.130.135.239&apos;, os.name: &apos;Windows 10&apos;, os.arch: &apos;amd64&apos;, os.version: &apos;10.0&apos;, java.version: &apos;1.8.0_131&apos;
Driver info: driver.version: unknown
	at &lt;anonymous class&gt;.FirefoxDriver.prototype.findElementInternal_(file:///C:/Users/SIVAPR~2/AppData/Local/Temp/anonymous8889167051420820407webdriver-profile/extensions/fxdriver@googlecode.com/components/driver-component.js:10770)
	at &lt;anonymous class&gt;.fxdriver.Timer.prototype.setTimeout/&lt;.notify(file:///C:/Users/SIVAPR~2/AppData/Local/Temp/anonymous8889167051420820407webdriver-profile/extensions/fxdriver@googlecode.com/components/driver-component.js:625)
</pre></div></td>
<td>10</td>
<td>testcase_demo.Verify_CIGProjectSearch1@6536e911</td></tr>
<tr>
<td title='testcase_demo.Verify_EventsDeadlines1.testHomePage()'><b>testHomePage</b><br>Test class: testcase_demo.Verify_EventsDeadlines1</td>
<td><div><pre>org.openqa.selenium.NoSuchElementException: Unable to locate element: {&quot;method&quot;:&quot;xpath&quot;,&quot;selector&quot;:&quot;.//*[@id=&apos;mainContent&apos;]/table/tbody/tr/td/table/tbody/tr[3]/td/table/tbody/tr/td[3]/table/tbody/tr/td/table/tbody/tr/td&quot;}
Command duration or timeout: 10.04 seconds
For documentation on this error, please visit: http://seleniumhq.org/exceptions/no_such_element.html
Build info: version: &apos;2.53.1&apos;, revision: &apos;a36b8b1cd5757287168e54b817830adce9b0158d&apos;, time: &apos;2016-06-30 19:26:09&apos;
System info: host: &apos;TSPREA01LAPA35&apos;, ip: &apos;199.130.135.239&apos;, os.name: &apos;Windows 10&apos;, os.arch: &apos;amd64&apos;, os.version: &apos;10.0&apos;, java.version: &apos;1.8.0_131&apos;
Driver info: org.openqa.selenium.firefox.FirefoxDriver
Capabilities [{applicationCacheEnabled=true, rotatable=false, handlesAlerts=true, databaseEnabled=true, version=39.0, platform=WINDOWS, nativeEvents=false, acceptSslCerts=true, webStorageEnabled=true, locationContextEnabled=true, browserName=firefox, takesScreenshot=true, javascriptEnabled=true, cssSelectorsEnabled=true}]
Session ID: 424e5a4e-2583-4275-a6b2-6e4210ca62f1
*** Element info: {Using=xpath, value=.//*[@id=&apos;mainContent&apos;]/table/tbody/tr/td/table/tbody/tr[3]/td/table/tbody/tr/td[3]/table/tbody/tr/td/table/tbody/tr/td}
	at sun.reflect.NativeConstructorAccessorImpl.newInstance0(Native Method)
	at sun.reflect.NativeConstructorAccessorImpl.newInstance(NativeConstructorAccessorImpl.java:62)
	at sun.reflect.DelegatingConstructorAccessorImpl.newInstance(DelegatingConstructorAccessorImpl.java:45)
	at java.lang.reflect.Constructor.newInstance(Constructor.java:423)
	at org.openqa.selenium.remote.ErrorHandler.createThrowable(ErrorHandler.java:206)
	at org.openqa.selenium.remote.ErrorHandler.throwIfResponseFailed(ErrorHandler.java:158)
	at org.openqa.selenium.remote.RemoteWebDriver.execute(RemoteWebDriver.java:678)
	at org.openqa.selenium.remote.RemoteWebDriver.findElement(RemoteWebDriver.java:363)
	at org.openqa.selenium.remote.RemoteWebDriver.findElementByXPath(RemoteWebDriver.java:500)
	at org.openqa.selenium.By$ByXPath.findElement(By.java:361)
	at org.openqa.selenium.remote.RemoteWebDriver.findElement(RemoteWebDriver.java:355)
	at org.openqa.selenium.support.pagefactory.DefaultElementLocator.findElement(DefaultElementLocator.java:69)
	at org.openqa.selenium.support.pagefactory.internal.LocatingElementHandler.invoke(LocatingElementHandler.java:38)
	at com.sun.proxy.$Proxy7.findElements(Unknown Source)
	at page_demo.EventsDeadlines1.validateURL(EventsDeadlines1.java:89)
	at testcase_demo.Verify_EventsDeadlines1.testHomePage(Verify_EventsDeadlines1.java:43)
	at sun.reflect.NativeMethodAccessorImpl.invoke0(Native Method)
	at sun.reflect.NativeMethodAccessorImpl.invoke(NativeMethodAccessorImpl.java:62)
	at sun.reflect.DelegatingMethodAccessorImpl.invoke(DelegatingMethodAccessorImpl.java:43)
	at java.lang.reflect.Method.invoke(Method.java:498)
	at org.testng.internal.MethodInvocationHelper.invokeMethod(MethodInvocationHelper.java:80)
	at org.testng.internal.Invoker.invokeMethod(Invoker.java:714)
	at org.testng.internal.Invoker.invokeTestMethod(Invoker.java:901)
	at org.testng.internal.Invoker.invokeTestMethods(Invoker.java:1231)
	at org.testng.internal.TestMethodWorker.invokeTestMethods(TestMethodWorker.java:127)
	at org.testng.internal.TestMethodWorker.run(TestMethodWorker.java:111)
	at org.testng.TestRunner.privateRun(TestRunner.java:767)
	at org.testng.TestRunner.run(TestRunner.java:617)
	at org.testng.SuiteRunner.runTest(SuiteRunner.java:334)
	at org.testng.SuiteRunner.runSequentially(SuiteRunner.java:329)
	at org.testng.SuiteRunner.privateRun(SuiteRunner.java:291)
	at org.testng.SuiteRunner.run(SuiteRunner.java:240)
	at org.testng.SuiteRunnerWorker.runSuite(SuiteRunnerWorker.java:52)
	at org.testng.SuiteRunnerWorker.run(SuiteRunnerWorker.java:86)
	at org.testng.TestNG.runSuitesSequentially(TestNG.java:1198)
	at org.testng.TestNG.runSuitesLocally(TestNG.java:1123)
	at org.testng.TestNG.run(TestNG.java:1031)
	at org.testng.remote.AbstractRemoteTestNG.run(AbstractRemoteTestNG.java:132)
	at org.testng.remote.RemoteTestNG.initAndRun(RemoteTestNG.java:230)
	at org.testng.remote.RemoteTestNG.main(RemoteTestNG.java:76)
Caused by: org.openqa.selenium.NoSuchElementException: Unable to locate element: {&quot;method&quot;:&quot;xpath&quot;,&quot;selector&quot;:&quot;.//*[@id=&apos;mainContent&apos;]/table/tbody/tr/td/table/tbody/tr[3]/td/table/tbody/tr/td[3]/table/tbody/tr/td/table/tbody/tr/td&quot;}
For documentation on this error, please visit: http://seleniumhq.org/exceptions/no_such_element.html
Build info: version: &apos;2.53.1&apos;, revision: &apos;a36b8b1cd5757287168e54b817830adce9b0158d&apos;, time: &apos;2016-06-30 19:26:09&apos;
System info: host: &apos;TSPREA01LAPA35&apos;, ip: &apos;199.130.135.239&apos;, os.name: &apos;Windows 10&apos;, os.arch: &apos;amd64&apos;, os.version: &apos;10.0&apos;, java.version: &apos;1.8.0_131&apos;
Driver info: driver.version: unknown
	at &lt;anonymous class&gt;.FirefoxDriver.prototype.findElementInternal_(file:///C:/Users/SIVAPR~2/AppData/Local/Temp/anonymous9134458860891091264webdriver-profile/extensions/fxdriver@googlecode.com/components/driver-component.js:10770)
	at &lt;anonymous class&gt;.fxdriver.Timer.prototype.setTimeout/&lt;.notify(file:///C:/Users/SIVAPR~2/AppData/Local/Temp/anonymous9134458860891091264webdriver-profile/extensions/fxdriver@googlecode.com/components/driver-component.js:625)
</pre></div><a href='#' onClick='toggleBox("stack-trace1352743983", this, "Click to show all stack frames", "Click to hide stack frames")'>Click to show all stack frames</a>
<div class='stack-trace' id='stack-trace1352743983'><pre>org.openqa.selenium.NoSuchElementException: Unable to locate element: {&quot;method&quot;:&quot;xpath&quot;,&quot;selector&quot;:&quot;.//*[@id=&apos;mainContent&apos;]/table/tbody/tr/td/table/tbody/tr[3]/td/table/tbody/tr/td[3]/table/tbody/tr/td/table/tbody/tr/td&quot;}
Command duration or timeout: 10.04 seconds
For documentation on this error, please visit: http://seleniumhq.org/exceptions/no_such_element.html
Build info: version: &apos;2.53.1&apos;, revision: &apos;a36b8b1cd5757287168e54b817830adce9b0158d&apos;, time: &apos;2016-06-30 19:26:09&apos;
System info: host: &apos;TSPREA01LAPA35&apos;, ip: &apos;199.130.135.239&apos;, os.name: &apos;Windows 10&apos;, os.arch: &apos;amd64&apos;, os.version: &apos;10.0&apos;, java.version: &apos;1.8.0_131&apos;
Driver info: org.openqa.selenium.firefox.FirefoxDriver
Capabilities [{applicationCacheEnabled=true, rotatable=false, handlesAlerts=true, databaseEnabled=true, version=39.0, platform=WINDOWS, nativeEvents=false, acceptSslCerts=true, webStorageEnabled=true, locationContextEnabled=true, browserName=firefox, takesScreenshot=true, javascriptEnabled=true, cssSelectorsEnabled=true}]
Session ID: 424e5a4e-2583-4275-a6b2-6e4210ca62f1
*** Element info: {Using=xpath, value=.//*[@id=&apos;mainContent&apos;]/table/tbody/tr/td/table/tbody/tr[3]/td/table/tbody/tr/td[3]/table/tbody/tr/td/table/tbody/tr/td}
	at sun.reflect.NativeConstructorAccessorImpl.newInstance0(Native Method)
	at sun.reflect.NativeConstructorAccessorImpl.newInstance(NativeConstructorAccessorImpl.java:62)
	at sun.reflect.DelegatingConstructorAccessorImpl.newInstance(DelegatingConstructorAccessorImpl.java:45)
	at java.lang.reflect.Constructor.newInstance(Constructor.java:423)
	at org.openqa.selenium.remote.ErrorHandler.createThrowable(ErrorHandler.java:206)
	at org.openqa.selenium.remote.ErrorHandler.throwIfResponseFailed(ErrorHandler.java:158)
	at org.openqa.selenium.remote.RemoteWebDriver.execute(RemoteWebDriver.java:678)
	at org.openqa.selenium.remote.RemoteWebDriver.findElement(RemoteWebDriver.java:363)
	at org.openqa.selenium.remote.RemoteWebDriver.findElementByXPath(RemoteWebDriver.java:500)
	at org.openqa.selenium.By$ByXPath.findElement(By.java:361)
	at org.openqa.selenium.remote.RemoteWebDriver.findElement(RemoteWebDriver.java:355)
	at org.openqa.selenium.support.pagefactory.DefaultElementLocator.findElement(DefaultElementLocator.java:69)
	at org.openqa.selenium.support.pagefactory.internal.LocatingElementHandler.invoke(LocatingElementHandler.java:38)
	at com.sun.proxy.$Proxy7.findElements(Unknown Source)
	at page_demo.EventsDeadlines1.validateURL(EventsDeadlines1.java:89)
	at testcase_demo.Verify_EventsDeadlines1.testHomePage(Verify_EventsDeadlines1.java:43)
	at sun.reflect.NativeMethodAccessorImpl.invoke0(Native Method)
	at sun.reflect.NativeMethodAccessorImpl.invoke(NativeMethodAccessorImpl.java:62)
	at sun.reflect.DelegatingMethodAccessorImpl.invoke(DelegatingMethodAccessorImpl.java:43)
	at java.lang.reflect.Method.invoke(Method.java:498)
	at org.testng.internal.MethodInvocationHelper.invokeMethod(MethodInvocationHelper.java:80)
	at org.testng.internal.Invoker.invokeMethod(Invoker.java:714)
	at org.testng.internal.Invoker.invokeTestMethod(Invoker.java:901)
	at org.testng.internal.Invoker.invokeTestMethods(Invoker.java:1231)
	at org.testng.internal.TestMethodWorker.invokeTestMethods(TestMethodWorker.java:127)
	at org.testng.internal.TestMethodWorker.run(TestMethodWorker.java:111)
	at org.testng.TestRunner.privateRun(TestRunner.java:767)
	at org.testng.TestRunner.run(TestRunner.java:617)
	at org.testng.SuiteRunner.runTest(SuiteRunner.java:334)
	at org.testng.SuiteRunner.runSequentially(SuiteRunner.java:329)
	at org.testng.SuiteRunner.privateRun(SuiteRunner.java:291)
	at org.testng.SuiteRunner.run(SuiteRunner.java:240)
	at org.testng.SuiteRunnerWorker.runSuite(SuiteRunnerWorker.java:52)
	at org.testng.SuiteRunnerWorker.run(SuiteRunnerWorker.java:86)
	at org.testng.TestNG.runSuitesSequentially(TestNG.java:1198)
	at org.testng.TestNG.runSuitesLocally(TestNG.java:1123)
	at org.testng.TestNG.run(TestNG.java:1031)
	at org.testng.remote.AbstractRemoteTestNG.run(AbstractRemoteTestNG.java:132)
	at org.testng.remote.RemoteTestNG.initAndRun(RemoteTestNG.java:230)
	at org.testng.remote.RemoteTestNG.main(RemoteTestNG.java:76)
Caused by: org.openqa.selenium.NoSuchElementException: Unable to locate element: {&quot;method&quot;:&quot;xpath&quot;,&quot;selector&quot;:&quot;.//*[@id=&apos;mainContent&apos;]/table/tbody/tr/td/table/tbody/tr[3]/td/table/tbody/tr/td[3]/table/tbody/tr/td/table/tbody/tr/td&quot;}
For documentation on this error, please visit: http://seleniumhq.org/exceptions/no_such_element.html
Build info: version: &apos;2.53.1&apos;, revision: &apos;a36b8b1cd5757287168e54b817830adce9b0158d&apos;, time: &apos;2016-06-30 19:26:09&apos;
System info: host: &apos;TSPREA01LAPA35&apos;, ip: &apos;199.130.135.239&apos;, os.name: &apos;Windows 10&apos;, os.arch: &apos;amd64&apos;, os.version: &apos;10.0&apos;, java.version: &apos;1.8.0_131&apos;
Driver info: driver.version: unknown
	at &lt;anonymous class&gt;.FirefoxDriver.prototype.findElementInternal_(file:///C:/Users/SIVAPR~2/AppData/Local/Temp/anonymous9134458860891091264webdriver-profile/extensions/fxdriver@googlecode.com/components/driver-component.js:10770)
	at &lt;anonymous class&gt;.fxdriver.Timer.prototype.setTimeout/&lt;.notify(file:///C:/Users/SIVAPR~2/AppData/Local/Temp/anonymous9134458860891091264webdriver-profile/extensions/fxdriver@googlecode.com/components/driver-component.js:625)
</pre></div></td>
<td>10</td>
<td>testcase_demo.Verify_EventsDeadlines1@6f1fba17</td></tr>
<tr>
<td title='testcase_demo.Verify_FeedbackForms1.testHomePage()'><b>testHomePage</b><br>Test class: testcase_demo.Verify_FeedbackForms1</td>
<td><div><pre>org.openqa.selenium.NoSuchElementException: Unable to locate element: {&quot;method&quot;:&quot;xpath&quot;,&quot;selector&quot;:&quot;.//*[@id=&apos;feedbackform&apos;]/h2&quot;}
Command duration or timeout: 10.11 seconds
For documentation on this error, please visit: http://seleniumhq.org/exceptions/no_such_element.html
Build info: version: &apos;2.53.1&apos;, revision: &apos;a36b8b1cd5757287168e54b817830adce9b0158d&apos;, time: &apos;2016-06-30 19:26:09&apos;
System info: host: &apos;TSPREA01LAPA35&apos;, ip: &apos;199.130.135.239&apos;, os.name: &apos;Windows 10&apos;, os.arch: &apos;amd64&apos;, os.version: &apos;10.0&apos;, java.version: &apos;1.8.0_131&apos;
Driver info: org.openqa.selenium.firefox.FirefoxDriver
Capabilities [{applicationCacheEnabled=true, rotatable=false, handlesAlerts=true, databaseEnabled=true, version=39.0, platform=WINDOWS, nativeEvents=false, acceptSslCerts=true, webStorageEnabled=true, locationContextEnabled=true, browserName=firefox, takesScreenshot=true, javascriptEnabled=true, cssSelectorsEnabled=true}]
Session ID: 7728511d-2d40-4969-a89e-84a07ce64085
*** Element info: {Using=xpath, value=.//*[@id=&apos;feedbackform&apos;]/h2}
	at sun.reflect.NativeConstructorAccessorImpl.newInstance0(Native Method)
	at sun.reflect.NativeConstructorAccessorImpl.newInstance(NativeConstructorAccessorImpl.java:62)
	at sun.reflect.DelegatingConstructorAccessorImpl.newInstance(DelegatingConstructorAccessorImpl.java:45)
	at java.lang.reflect.Constructor.newInstance(Constructor.java:423)
	at org.openqa.selenium.remote.ErrorHandler.createThrowable(ErrorHandler.java:206)
	at org.openqa.selenium.remote.ErrorHandler.throwIfResponseFailed(ErrorHandler.java:158)
	at org.openqa.selenium.remote.RemoteWebDriver.execute(RemoteWebDriver.java:678)
	at org.openqa.selenium.remote.RemoteWebDriver.findElement(RemoteWebDriver.java:363)
	at org.openqa.selenium.remote.RemoteWebDriver.findElementByXPath(RemoteWebDriver.java:500)
	at org.openqa.selenium.By$ByXPath.findElement(By.java:361)
	at org.openqa.selenium.remote.RemoteWebDriver.findElement(RemoteWebDriver.java:355)
	at org.openqa.selenium.support.pagefactory.DefaultElementLocator.findElement(DefaultElementLocator.java:69)
	at org.openqa.selenium.support.pagefactory.internal.LocatingElementHandler.invoke(LocatingElementHandler.java:38)
	at com.sun.proxy.$Proxy7.getText(Unknown Source)
	at page_demo.FeedbackForms1.validateProd(FeedbackForms1.java:123)
	at testcase_demo.Verify_FeedbackForms1.testHomePage(Verify_FeedbackForms1.java:52)
	at sun.reflect.NativeMethodAccessorImpl.invoke0(Native Method)
	at sun.reflect.NativeMethodAccessorImpl.invoke(NativeMethodAccessorImpl.java:62)
	at sun.reflect.DelegatingMethodAccessorImpl.invoke(DelegatingMethodAccessorImpl.java:43)
	at java.lang.reflect.Method.invoke(Method.java:498)
	at org.testng.internal.MethodInvocationHelper.invokeMethod(MethodInvocationHelper.java:80)
	at org.testng.internal.Invoker.invokeMethod(Invoker.java:714)
	at org.testng.internal.Invoker.invokeTestMethod(Invoker.java:901)
	at org.testng.internal.Invoker.invokeTestMethods(Invoker.java:1231)
	at org.testng.internal.TestMethodWorker.invokeTestMethods(TestMethodWorker.java:127)
	at org.testng.internal.TestMethodWorker.run(TestMethodWorker.java:111)
	at org.testng.TestRunner.privateRun(TestRunner.java:767)
	at org.testng.TestRunner.run(TestRunner.java:617)
	at org.testng.SuiteRunner.runTest(SuiteRunner.java:334)
	at org.testng.SuiteRunner.runSequentially(SuiteRunner.java:329)
	at org.testng.SuiteRunner.privateRun(SuiteRunner.java:291)
	at org.testng.SuiteRunner.run(SuiteRunner.java:240)
	at org.testng.SuiteRunnerWorker.runSuite(SuiteRunnerWorker.java:52)
	at org.testng.SuiteRunnerWorker.run(SuiteRunnerWorker.java:86)
	at org.testng.TestNG.runSuitesSequentially(TestNG.java:1198)
	at org.testng.TestNG.runSuitesLocally(TestNG.java:1123)
	at org.testng.TestNG.run(TestNG.java:1031)
	at org.testng.remote.AbstractRemoteTestNG.run(AbstractRemoteTestNG.java:132)
	at org.testng.remote.RemoteTestNG.initAndRun(RemoteTestNG.java:230)
	at org.testng.remote.RemoteTestNG.main(RemoteTestNG.java:76)
Caused by: org.openqa.selenium.NoSuchElementException: Unable to locate element: {&quot;method&quot;:&quot;xpath&quot;,&quot;selector&quot;:&quot;.//*[@id=&apos;feedbackform&apos;]/h2&quot;}
For documentation on this error, please visit: http://seleniumhq.org/exceptions/no_such_element.html
Build info: version: &apos;2.53.1&apos;, revision: &apos;a36b8b1cd5757287168e54b817830adce9b0158d&apos;, time: &apos;2016-06-30 19:26:09&apos;
System info: host: &apos;TSPREA01LAPA35&apos;, ip: &apos;199.130.135.239&apos;, os.name: &apos;Windows 10&apos;, os.arch: &apos;amd64&apos;, os.version: &apos;10.0&apos;, java.version: &apos;1.8.0_131&apos;
Driver info: driver.version: unknown
	at &lt;anonymous class&gt;.FirefoxDriver.prototype.findElementInternal_(file:///C:/Users/SIVAPR~2/AppData/Local/Temp/anonymous4625446323759527923webdriver-profile/extensions/fxdriver@googlecode.com/components/driver-component.js:10770)
	at &lt;anonymous class&gt;.fxdriver.Timer.prototype.setTimeout/&lt;.notify(file:///C:/Users/SIVAPR~2/AppData/Local/Temp/anonymous4625446323759527923webdriver-profile/extensions/fxdriver@googlecode.com/components/driver-component.js:625)
</pre></div><a href='#' onClick='toggleBox("stack-trace403388441", this, "Click to show all stack frames", "Click to hide stack frames")'>Click to show all stack frames</a>
<div class='stack-trace' id='stack-trace403388441'><pre>org.openqa.selenium.NoSuchElementException: Unable to locate element: {&quot;method&quot;:&quot;xpath&quot;,&quot;selector&quot;:&quot;.//*[@id=&apos;feedbackform&apos;]/h2&quot;}
Command duration or timeout: 10.11 seconds
For documentation on this error, please visit: http://seleniumhq.org/exceptions/no_such_element.html
Build info: version: &apos;2.53.1&apos;, revision: &apos;a36b8b1cd5757287168e54b817830adce9b0158d&apos;, time: &apos;2016-06-30 19:26:09&apos;
System info: host: &apos;TSPREA01LAPA35&apos;, ip: &apos;199.130.135.239&apos;, os.name: &apos;Windows 10&apos;, os.arch: &apos;amd64&apos;, os.version: &apos;10.0&apos;, java.version: &apos;1.8.0_131&apos;
Driver info: org.openqa.selenium.firefox.FirefoxDriver
Capabilities [{applicationCacheEnabled=true, rotatable=false, handlesAlerts=true, databaseEnabled=true, version=39.0, platform=WINDOWS, nativeEvents=false, acceptSslCerts=true, webStorageEnabled=true, locationContextEnabled=true, browserName=firefox, takesScreenshot=true, javascriptEnabled=true, cssSelectorsEnabled=true}]
Session ID: 7728511d-2d40-4969-a89e-84a07ce64085
*** Element info: {Using=xpath, value=.//*[@id=&apos;feedbackform&apos;]/h2}
	at sun.reflect.NativeConstructorAccessorImpl.newInstance0(Native Method)
	at sun.reflect.NativeConstructorAccessorImpl.newInstance(NativeConstructorAccessorImpl.java:62)
	at sun.reflect.DelegatingConstructorAccessorImpl.newInstance(DelegatingConstructorAccessorImpl.java:45)
	at java.lang.reflect.Constructor.newInstance(Constructor.java:423)
	at org.openqa.selenium.remote.ErrorHandler.createThrowable(ErrorHandler.java:206)
	at org.openqa.selenium.remote.ErrorHandler.throwIfResponseFailed(ErrorHandler.java:158)
	at org.openqa.selenium.remote.RemoteWebDriver.execute(RemoteWebDriver.java:678)
	at org.openqa.selenium.remote.RemoteWebDriver.findElement(RemoteWebDriver.java:363)
	at org.openqa.selenium.remote.RemoteWebDriver.findElementByXPath(RemoteWebDriver.java:500)
	at org.openqa.selenium.By$ByXPath.findElement(By.java:361)
	at org.openqa.selenium.remote.RemoteWebDriver.findElement(RemoteWebDriver.java:355)
	at org.openqa.selenium.support.pagefactory.DefaultElementLocator.findElement(DefaultElementLocator.java:69)
	at org.openqa.selenium.support.pagefactory.internal.LocatingElementHandler.invoke(LocatingElementHandler.java:38)
	at com.sun.proxy.$Proxy7.getText(Unknown Source)
	at page_demo.FeedbackForms1.validateProd(FeedbackForms1.java:123)
	at testcase_demo.Verify_FeedbackForms1.testHomePage(Verify_FeedbackForms1.java:52)
	at sun.reflect.NativeMethodAccessorImpl.invoke0(Native Method)
	at sun.reflect.NativeMethodAccessorImpl.invoke(NativeMethodAccessorImpl.java:62)
	at sun.reflect.DelegatingMethodAccessorImpl.invoke(DelegatingMethodAccessorImpl.java:43)
	at java.lang.reflect.Method.invoke(Method.java:498)
	at org.testng.internal.MethodInvocationHelper.invokeMethod(MethodInvocationHelper.java:80)
	at org.testng.internal.Invoker.invokeMethod(Invoker.java:714)
	at org.testng.internal.Invoker.invokeTestMethod(Invoker.java:901)
	at org.testng.internal.Invoker.invokeTestMethods(Invoker.java:1231)
	at org.testng.internal.TestMethodWorker.invokeTestMethods(TestMethodWorker.java:127)
	at org.testng.internal.TestMethodWorker.run(TestMethodWorker.java:111)
	at org.testng.TestRunner.privateRun(TestRunner.java:767)
	at org.testng.TestRunner.run(TestRunner.java:617)
	at org.testng.SuiteRunner.runTest(SuiteRunner.java:334)
	at org.testng.SuiteRunner.runSequentially(SuiteRunner.java:329)
	at org.testng.SuiteRunner.privateRun(SuiteRunner.java:291)
	at org.testng.SuiteRunner.run(SuiteRunner.java:240)
	at org.testng.SuiteRunnerWorker.runSuite(SuiteRunnerWorker.java:52)
	at org.testng.SuiteRunnerWorker.run(SuiteRunnerWorker.java:86)
	at org.testng.TestNG.runSuitesSequentially(TestNG.java:1198)
	at org.testng.TestNG.runSuitesLocally(TestNG.java:1123)
	at org.testng.TestNG.run(TestNG.java:1031)
	at org.testng.remote.AbstractRemoteTestNG.run(AbstractRemoteTestNG.java:132)
	at org.testng.remote.RemoteTestNG.initAndRun(RemoteTestNG.java:230)
	at org.testng.remote.RemoteTestNG.main(RemoteTestNG.java:76)
Caused by: org.openqa.selenium.NoSuchElementException: Unable to locate element: {&quot;method&quot;:&quot;xpath&quot;,&quot;selector&quot;:&quot;.//*[@id=&apos;feedbackform&apos;]/h2&quot;}
For documentation on this error, please visit: http://seleniumhq.org/exceptions/no_such_element.html
Build info: version: &apos;2.53.1&apos;, revision: &apos;a36b8b1cd5757287168e54b817830adce9b0158d&apos;, time: &apos;2016-06-30 19:26:09&apos;
System info: host: &apos;TSPREA01LAPA35&apos;, ip: &apos;199.130.135.239&apos;, os.name: &apos;Windows 10&apos;, os.arch: &apos;amd64&apos;, os.version: &apos;10.0&apos;, java.version: &apos;1.8.0_131&apos;
Driver info: driver.version: unknown
	at &lt;anonymous class&gt;.FirefoxDriver.prototype.findElementInternal_(file:///C:/Users/SIVAPR~2/AppData/Local/Temp/anonymous4625446323759527923webdriver-profile/extensions/fxdriver@googlecode.com/components/driver-component.js:10770)
	at &lt;anonymous class&gt;.fxdriver.Timer.prototype.setTimeout/&lt;.notify(file:///C:/Users/SIVAPR~2/AppData/Local/Temp/anonymous4625446323759527923webdriver-profile/extensions/fxdriver@googlecode.com/components/driver-component.js:625)
</pre></div></td>
<td>17</td>
<td>testcase_demo.Verify_FeedbackForms1@6e0e048a</td></tr>
<tr>
<td title='testcase_demo.Verify_StateWebsites.testHomePage()'><b>testHomePage</b><br>Test class: testcase_demo.Verify_StateWebsites</td>
<td><div><pre>org.openqa.selenium.NoSuchElementException: Unable to locate element: {&quot;method&quot;:&quot;xpath&quot;,&quot;selector&quot;:&quot;.//*[@id=&apos;overview&apos;]&quot;}
Command duration or timeout: 10.09 seconds
For documentation on this error, please visit: http://seleniumhq.org/exceptions/no_such_element.html
Build info: version: &apos;2.53.1&apos;, revision: &apos;a36b8b1cd5757287168e54b817830adce9b0158d&apos;, time: &apos;2016-06-30 19:26:09&apos;
System info: host: &apos;TSPREA01LAPA35&apos;, ip: &apos;199.130.135.239&apos;, os.name: &apos;Windows 10&apos;, os.arch: &apos;amd64&apos;, os.version: &apos;10.0&apos;, java.version: &apos;1.8.0_131&apos;
Driver info: org.openqa.selenium.firefox.FirefoxDriver
Capabilities [{applicationCacheEnabled=true, rotatable=false, handlesAlerts=true, databaseEnabled=true, version=39.0, platform=WINDOWS, nativeEvents=false, acceptSslCerts=true, webStorageEnabled=true, locationContextEnabled=true, browserName=firefox, takesScreenshot=true, javascriptEnabled=true, cssSelectorsEnabled=true}]
Session ID: 6f4f2564-ed9b-428b-a18c-416c737fd487
*** Element info: {Using=xpath, value=.//*[@id=&apos;overview&apos;]}
	at sun.reflect.NativeConstructorAccessorImpl.newInstance0(Native Method)
	at sun.reflect.NativeConstructorAccessorImpl.newInstance(NativeConstructorAccessorImpl.java:62)
	at sun.reflect.DelegatingConstructorAccessorImpl.newInstance(DelegatingConstructorAccessorImpl.java:45)
	at java.lang.reflect.Constructor.newInstance(Constructor.java:423)
	at org.openqa.selenium.remote.ErrorHandler.createThrowable(ErrorHandler.java:206)
	at org.openqa.selenium.remote.ErrorHandler.throwIfResponseFailed(ErrorHandler.java:158)
	at org.openqa.selenium.remote.RemoteWebDriver.execute(RemoteWebDriver.java:678)
	at org.openqa.selenium.remote.RemoteWebDriver.findElement(RemoteWebDriver.java:363)
	at org.openqa.selenium.remote.RemoteWebDriver.findElementByXPath(RemoteWebDriver.java:500)
	at org.openqa.selenium.By$ByXPath.findElement(By.java:361)
	at org.openqa.selenium.remote.RemoteWebDriver.findElement(RemoteWebDriver.java:355)
	at org.openqa.selenium.support.pagefactory.DefaultElementLocator.findElement(DefaultElementLocator.java:69)
	at org.openqa.selenium.support.pagefactory.internal.LocatingElementHandler.invoke(LocatingElementHandler.java:38)
	at com.sun.proxy.$Proxy7.findElements(Unknown Source)
	at page_demo.StateWebsites.validateURL(StateWebsites.java:83)
	at testcase_demo.Verify_StateWebsites.testHomePage(Verify_StateWebsites.java:41)
	at sun.reflect.NativeMethodAccessorImpl.invoke0(Native Method)
	at sun.reflect.NativeMethodAccessorImpl.invoke(NativeMethodAccessorImpl.java:62)
	at sun.reflect.DelegatingMethodAccessorImpl.invoke(DelegatingMethodAccessorImpl.java:43)
	at java.lang.reflect.Method.invoke(Method.java:498)
	at org.testng.internal.MethodInvocationHelper.invokeMethod(MethodInvocationHelper.java:80)
	at org.testng.internal.Invoker.invokeMethod(Invoker.java:714)
	at org.testng.internal.Invoker.invokeTestMethod(Invoker.java:901)
	at org.testng.internal.Invoker.invokeTestMethods(Invoker.java:1231)
	at org.testng.internal.TestMethodWorker.invokeTestMethods(TestMethodWorker.java:127)
	at org.testng.internal.TestMethodWorker.run(TestMethodWorker.java:111)
	at org.testng.TestRunner.privateRun(TestRunner.java:767)
	at org.testng.TestRunner.run(TestRunner.java:617)
	at org.testng.SuiteRunner.runTest(SuiteRunner.java:334)
	at org.testng.SuiteRunner.runSequentially(SuiteRunner.java:329)
	at org.testng.SuiteRunner.privateRun(SuiteRunner.java:291)
	at org.testng.SuiteRunner.run(SuiteRunner.java:240)
	at org.testng.SuiteRunnerWorker.runSuite(SuiteRunnerWorker.java:52)
	at org.testng.SuiteRunnerWorker.run(SuiteRunnerWorker.java:86)
	at org.testng.TestNG.runSuitesSequentially(TestNG.java:1198)
	at org.testng.TestNG.runSuitesLocally(TestNG.java:1123)
	at org.testng.TestNG.run(TestNG.java:1031)
	at org.testng.remote.AbstractRemoteTestNG.run(AbstractRemoteTestNG.java:132)
	at org.testng.remote.RemoteTestNG.initAndRun(RemoteTestNG.java:230)
	at org.testng.remote.RemoteTestNG.main(RemoteTestNG.java:76)
Caused by: org.openqa.selenium.NoSuchElementException: Unable to locate element: {&quot;method&quot;:&quot;xpath&quot;,&quot;selector&quot;:&quot;.//*[@id=&apos;overview&apos;]&quot;}
For documentation on this error, please visit: http://seleniumhq.org/exceptions/no_such_element.html
Build info: version: &apos;2.53.1&apos;, revision: &apos;a36b8b1cd5757287168e54b817830adce9b0158d&apos;, time: &apos;2016-06-30 19:26:09&apos;
System info: host: &apos;TSPREA01LAPA35&apos;, ip: &apos;199.130.135.239&apos;, os.name: &apos;Windows 10&apos;, os.arch: &apos;amd64&apos;, os.version: &apos;10.0&apos;, java.version: &apos;1.8.0_131&apos;
Driver info: driver.version: unknown
	at &lt;anonymous class&gt;.FirefoxDriver.prototype.findElementInternal_(file:///C:/Users/SIVAPR~2/AppData/Local/Temp/anonymous6453072193725384974webdriver-profile/extensions/fxdriver@googlecode.com/components/driver-component.js:10770)
	at &lt;anonymous class&gt;.fxdriver.Timer.prototype.setTimeout/&lt;.notify(file:///C:/Users/SIVAPR~2/AppData/Local/Temp/anonymous6453072193725384974webdriver-profile/extensions/fxdriver@googlecode.com/components/driver-component.js:625)
</pre></div><a href='#' onClick='toggleBox("stack-trace26065947", this, "Click to show all stack frames", "Click to hide stack frames")'>Click to show all stack frames</a>
<div class='stack-trace' id='stack-trace26065947'><pre>org.openqa.selenium.NoSuchElementException: Unable to locate element: {&quot;method&quot;:&quot;xpath&quot;,&quot;selector&quot;:&quot;.//*[@id=&apos;overview&apos;]&quot;}
Command duration or timeout: 10.09 seconds
For documentation on this error, please visit: http://seleniumhq.org/exceptions/no_such_element.html
Build info: version: &apos;2.53.1&apos;, revision: &apos;a36b8b1cd5757287168e54b817830adce9b0158d&apos;, time: &apos;2016-06-30 19:26:09&apos;
System info: host: &apos;TSPREA01LAPA35&apos;, ip: &apos;199.130.135.239&apos;, os.name: &apos;Windows 10&apos;, os.arch: &apos;amd64&apos;, os.version: &apos;10.0&apos;, java.version: &apos;1.8.0_131&apos;
Driver info: org.openqa.selenium.firefox.FirefoxDriver
Capabilities [{applicationCacheEnabled=true, rotatable=false, handlesAlerts=true, databaseEnabled=true, version=39.0, platform=WINDOWS, nativeEvents=false, acceptSslCerts=true, webStorageEnabled=true, locationContextEnabled=true, browserName=firefox, takesScreenshot=true, javascriptEnabled=true, cssSelectorsEnabled=true}]
Session ID: 6f4f2564-ed9b-428b-a18c-416c737fd487
*** Element info: {Using=xpath, value=.//*[@id=&apos;overview&apos;]}
	at sun.reflect.NativeConstructorAccessorImpl.newInstance0(Native Method)
	at sun.reflect.NativeConstructorAccessorImpl.newInstance(NativeConstructorAccessorImpl.java:62)
	at sun.reflect.DelegatingConstructorAccessorImpl.newInstance(DelegatingConstructorAccessorImpl.java:45)
	at java.lang.reflect.Constructor.newInstance(Constructor.java:423)
	at org.openqa.selenium.remote.ErrorHandler.createThrowable(ErrorHandler.java:206)
	at org.openqa.selenium.remote.ErrorHandler.throwIfResponseFailed(ErrorHandler.java:158)
	at org.openqa.selenium.remote.RemoteWebDriver.execute(RemoteWebDriver.java:678)
	at org.openqa.selenium.remote.RemoteWebDriver.findElement(RemoteWebDriver.java:363)
	at org.openqa.selenium.remote.RemoteWebDriver.findElementByXPath(RemoteWebDriver.java:500)
	at org.openqa.selenium.By$ByXPath.findElement(By.java:361)
	at org.openqa.selenium.remote.RemoteWebDriver.findElement(RemoteWebDriver.java:355)
	at org.openqa.selenium.support.pagefactory.DefaultElementLocator.findElement(DefaultElementLocator.java:69)
	at org.openqa.selenium.support.pagefactory.internal.LocatingElementHandler.invoke(LocatingElementHandler.java:38)
	at com.sun.proxy.$Proxy7.findElements(Unknown Source)
	at page_demo.StateWebsites.validateURL(StateWebsites.java:83)
	at testcase_demo.Verify_StateWebsites.testHomePage(Verify_StateWebsites.java:41)
	at sun.reflect.NativeMethodAccessorImpl.invoke0(Native Method)
	at sun.reflect.NativeMethodAccessorImpl.invoke(NativeMethodAccessorImpl.java:62)
	at sun.reflect.DelegatingMethodAccessorImpl.invoke(DelegatingMethodAccessorImpl.java:43)
	at java.lang.reflect.Method.invoke(Method.java:498)
	at org.testng.internal.MethodInvocationHelper.invokeMethod(MethodInvocationHelper.java:80)
	at org.testng.internal.Invoker.invokeMethod(Invoker.java:714)
	at org.testng.internal.Invoker.invokeTestMethod(Invoker.java:901)
	at org.testng.internal.Invoker.invokeTestMethods(Invoker.java:1231)
	at org.testng.internal.TestMethodWorker.invokeTestMethods(TestMethodWorker.java:127)
	at org.testng.internal.TestMethodWorker.run(TestMethodWorker.java:111)
	at org.testng.TestRunner.privateRun(TestRunner.java:767)
	at org.testng.TestRunner.run(TestRunner.java:617)
	at org.testng.SuiteRunner.runTest(SuiteRunner.java:334)
	at org.testng.SuiteRunner.runSequentially(SuiteRunner.java:329)
	at org.testng.SuiteRunner.privateRun(SuiteRunner.java:291)
	at org.testng.SuiteRunner.run(SuiteRunner.java:240)
	at org.testng.SuiteRunnerWorker.runSuite(SuiteRunnerWorker.java:52)
	at org.testng.SuiteRunnerWorker.run(SuiteRunnerWorker.java:86)
	at org.testng.TestNG.runSuitesSequentially(TestNG.java:1198)
	at org.testng.TestNG.runSuitesLocally(TestNG.java:1123)
	at org.testng.TestNG.run(TestNG.java:1031)
	at org.testng.remote.AbstractRemoteTestNG.run(AbstractRemoteTestNG.java:132)
	at org.testng.remote.RemoteTestNG.initAndRun(RemoteTestNG.java:230)
	at org.testng.remote.RemoteTestNG.main(RemoteTestNG.java:76)
Caused by: org.openqa.selenium.NoSuchElementException: Unable to locate element: {&quot;method&quot;:&quot;xpath&quot;,&quot;selector&quot;:&quot;.//*[@id=&apos;overview&apos;]&quot;}
For documentation on this error, please visit: http://seleniumhq.org/exceptions/no_such_element.html
Build info: version: &apos;2.53.1&apos;, revision: &apos;a36b8b1cd5757287168e54b817830adce9b0158d&apos;, time: &apos;2016-06-30 19:26:09&apos;
System info: host: &apos;TSPREA01LAPA35&apos;, ip: &apos;199.130.135.239&apos;, os.name: &apos;Windows 10&apos;, os.arch: &apos;amd64&apos;, os.version: &apos;10.0&apos;, java.version: &apos;1.8.0_131&apos;
Driver info: driver.version: unknown
	at &lt;anonymous class&gt;.FirefoxDriver.prototype.findElementInternal_(file:///C:/Users/SIVAPR~2/AppData/Local/Temp/anonymous6453072193725384974webdriver-profile/extensions/fxdriver@googlecode.com/components/driver-component.js:10770)
	at &lt;anonymous class&gt;.fxdriver.Timer.prototype.setTimeout/&lt;.notify(file:///C:/Users/SIVAPR~2/AppData/Local/Temp/anonymous6453072193725384974webdriver-profile/extensions/fxdriver@googlecode.com/components/driver-component.js:625)
</pre></div></td>
<td>12</td>
<td>testcase_demo.Verify_StateWebsites@67b92f0a</td></tr>
</table><p>
<table width='100%' border='1' class='invocation-passed'>
<tr><td colspan='4' align='center'><b>PASSED TESTS</b></td></tr>
<tr><td><b>Test method</b></td>
<td width="30%"><b>Exception</b></td>
<td width="10%"><b>Time (seconds)</b></td>
<td><b>Instance</b></td>
</tr>
<tr>
<td title='testcase_demo.Verify_AgriculturalConservationEasementProgram1.testHomePage()'><b>testHomePage</b><br>Test class: testcase_demo.Verify_AgriculturalConservationEasementProgram1</td>
<td></td>
<td>19</td>
<td>testcase_demo.Verify_AgriculturalConservationEasementProgram1@627551fb</td></tr>
<tr>
<td title='testcase_demo.Verify_Agronomy1.testHomePage()'><b>testHomePage</b><br>Test class: testcase_demo.Verify_Agronomy1</td>
<td></td>
<td>27</td>
<td>testcase_demo.Verify_Agronomy1@63753b6d</td></tr>
<tr>
<td title='testcase_demo.Verify_Air1.testHomePage()'><b>testHomePage</b><br>Test class: testcase_demo.Verify_Air1</td>
<td></td>
<td>7</td>
<td>testcase_demo.Verify_Air1@210366b4</td></tr>
<tr>
<td title='testcase_demo.Verify_AirQuality1.testHomePage()'><b>testHomePage</b><br>Test class: testcase_demo.Verify_AirQuality1</td>
<td></td>
<td>4</td>
<td>testcase_demo.Verify_AirQuality1@71423665</td></tr>
<tr>
<td title='testcase_demo.Verify_A_Z_index.testHomePage()'><b>testHomePage</b><br>Test class: testcase_demo.Verify_A_Z_index</td>
<td></td>
<td>41</td>
<td>testcase_demo.Verify_A_Z_index@1f36e637</td></tr>
<tr>
<td title='testcase_demo.Verify_BasinOutlookReports1.testHomePage()'><b>testHomePage</b><br>Test class: testcase_demo.Verify_BasinOutlookReports1</td>
<td></td>
<td>5</td>
<td>testcase_demo.Verify_BasinOutlookReports1@57855c9a</td></tr>
<tr>
<td title='testcase_demo.Verify_Biology1.testHomePage()'><b>testHomePage</b><br>Test class: testcase_demo.Verify_Biology1</td>
<td></td>
<td>24</td>
<td>testcase_demo.Verify_Biology1@887af79</td></tr>
<tr>
<td title='testcase_demo.Verify_BrowseByAudience.testHomePage()'><b>testHomePage</b><br>Test class: testcase_demo.Verify_BrowseByAudience</td>
<td></td>
<td>20</td>
<td>testcase_demo.Verify_BrowseByAudience@3cef309d</td></tr>
<tr>
<td title='testcase_demo.Verify_Careers1.testHomePage()'><b>testHomePage</b><br>Test class: testcase_demo.Verify_Careers1</td>
<td></td>
<td>7</td>
<td>testcase_demo.Verify_Careers1@4e1d422d</td></tr>
<tr>
<td title='testcase_demo.Verify_CivilRights1.testHomePage()'><b>testHomePage</b><br>Test class: testcase_demo.Verify_CivilRights1</td>
<td></td>
<td>8</td>
<td>testcase_demo.Verify_CivilRights1@3632be31</td></tr>
<tr>
<td title='testcase_demo.Verify_ConservationCompliance1.testHomePage()'><b>testHomePage</b><br>Test class: testcase_demo.Verify_ConservationCompliance1</td>
<td></td>
<td>15</td>
<td>testcase_demo.Verify_ConservationCompliance1@335eadca</td></tr>
<tr>
<td title='testcase_demo.Verify_ConservationInnovationGrants1.testHomePage()'><b>testHomePage</b><br>Test class: testcase_demo.Verify_ConservationInnovationGrants1</td>
<td></td>
<td>30</td>
<td>testcase_demo.Verify_ConservationInnovationGrants1@5c5a1b69</td></tr>
<tr>
<td title='testcase_demo.Verify_ConservationPlanning1.testHomePage()'><b>testHomePage</b><br>Test class: testcase_demo.Verify_ConservationPlanning1</td>
<td></td>
<td>19</td>
<td>testcase_demo.Verify_ConservationPlanning1@5abca1e0</td></tr>
<tr>
<td title='testcase_demo.Verify_ConservationStewardshipProgram1.testHomePage()'><b>testHomePage</b><br>Test class: testcase_demo.Verify_ConservationStewardshipProgram1</td>
<td></td>
<td>25</td>
<td>testcase_demo.Verify_ConservationStewardshipProgram1@32709393</td></tr>
<tr>
<td title='testcase_demo.Verify_ConservationTechnicalAssistance1.testHomePage()'><b>testHomePage</b><br>Test class: testcase_demo.Verify_ConservationTechnicalAssistance1</td>
<td></td>
<td>17</td>
<td>testcase_demo.Verify_ConservationTechnicalAssistance1@1f28c152</td></tr>
<tr>
<td title='testcase_demo.Verify_ContactUs1.testHomePage()'><b>testHomePage</b><br>Test class: testcase_demo.Verify_ContactUs1</td>
<td></td>
<td>17</td>
<td>testcase_demo.Verify_ContactUs1@527740a2</td></tr>
<tr>
<td title='testcase_demo.Verify_Cropland1.testHomePage()'><b>testHomePage</b><br>Test class: testcase_demo.Verify_Cropland1</td>
<td></td>
<td>6</td>
<td>testcase_demo.Verify_Cropland1@3d99d22e</td></tr>
<tr>
<td title='testcase_demo.Verify_CulturalResources1.testHomePage()'><b>testHomePage</b><br>Test class: testcase_demo.Verify_CulturalResources1</td>
<td></td>
<td>23</td>
<td>testcase_demo.Verify_CulturalResources1@2b2948e2</td></tr>
<tr>
<td title='testcase_demo.Verify_DataAnalysis1.testHomePage()'><b>testHomePage</b><br>Test class: testcase_demo.Verify_DataAnalysis1</td>
<td></td>
<td>10</td>
<td>testcase_demo.Verify_DataAnalysis1@3b0143d3</td></tr>
<tr>
<td title='testcase_demo.Verify_DataMapsAnalysis1.testHomePage()'><b>testHomePage</b><br>Test class: testcase_demo.Verify_DataMapsAnalysis1</td>
<td></td>
<td>20</td>
<td>testcase_demo.Verify_DataMapsAnalysis1@4f970963</td></tr>
<tr>
<td title='testcase_demo.Verify_Easements1.testHomePage()'><b>testHomePage</b><br>Test class: testcase_demo.Verify_Easements1</td>
<td></td>
<td>14</td>
<td>testcase_demo.Verify_Easements1@57536d79</td></tr>
<tr>
<td title='testcase_demo.Verify_EcologicalScience1.testHomePage()'><b>testHomePage</b><br>Test class: testcase_demo.Verify_EcologicalScience1</td>
<td></td>
<td>14</td>
<td>testcase_demo.Verify_EcologicalScience1@78c03f1f</td></tr>
<tr>
<td title='testcase_demo.Verify_Economics1.testHomePage()'><b>testHomePage</b><br>Test class: testcase_demo.Verify_Economics1</td>
<td></td>
<td>16</td>
<td>testcase_demo.Verify_Economics1@2b552920</td></tr>
<tr>
<td title='testcase_demo.Verify_EmergencyWatershedProtectionProgram1.testHomePage()'><b>testHomePage</b><br>Test class: testcase_demo.Verify_EmergencyWatershedProtectionProgram1</td>
<td></td>
<td>16</td>
<td>testcase_demo.Verify_EmergencyWatershedProtectionProgram1@35d176f7</td></tr>
<tr>
<td title='testcase_demo.Verify_Energy1.testHomePage()'><b>testHomePage</b><br>Test class: testcase_demo.Verify_Energy1</td>
<td></td>
<td>5</td>
<td>testcase_demo.Verify_Energy1@3a883ce7</td></tr>
<tr>
<td title='testcase_demo.Verify_Engineering1.testHomePage()'><b>testHomePage</b><br>Test class: testcase_demo.Verify_Engineering1</td>
<td></td>
<td>16</td>
<td>testcase_demo.Verify_Engineering1@7791a895</td></tr>
<tr>
<td title='testcase_demo.Verify_EnvironmentalQualityIncentivesProgram1.testHomePage()'><b>testHomePage</b><br>Test class: testcase_demo.Verify_EnvironmentalQualityIncentivesProgram1</td>
<td></td>
<td>22</td>
<td>testcase_demo.Verify_EnvironmentalQualityIncentivesProgram1@6ebc05a6</td></tr>
<tr>
<td title='testcase_demo.Verify_FarmBill1.testHomePage()'><b>testHomePage</b><br>Test class: testcase_demo.Verify_FarmBill1</td>
<td></td>
<td>21</td>
<td>testcase_demo.Verify_FarmBill1@2b9627bc</td></tr>
<tr>
<td title='testcase_demo.Verify_Features1.testHomePage()'><b>testHomePage</b><br>Test class: testcase_demo.Verify_Features1</td>
<td></td>
<td>7</td>
<td>testcase_demo.Verify_Features1@2286778</td></tr>
<tr>
<td title='testcase_demo.Verify_FinancialAssistance1.testHomePage()'><b>testHomePage</b><br>Test class: testcase_demo.Verify_FinancialAssistance1</td>
<td></td>
<td>16</td>
<td>testcase_demo.Verify_FinancialAssistance1@21213b92</td></tr>
<tr>
<td title='testcase_demo.Verify_Footer.testHomePage()'><b>testHomePage</b><br>Test class: testcase_demo.Verify_Footer</td>
<td></td>
<td>25</td>
<td>testcase_demo.Verify_Footer@79be0360</td></tr>
<tr>
<td title='testcase_demo.Verify_Forecasts1.testHomePage()'><b>testHomePage</b><br>Test class: testcase_demo.Verify_Forecasts1</td>
<td></td>
<td>4</td>
<td>testcase_demo.Verify_Forecasts1@a67c67e</td></tr>
<tr>
<td title='testcase_demo.Verify_Forestry1.testHomePage()'><b>testHomePage</b><br>Test class: testcase_demo.Verify_Forestry1</td>
<td></td>
<td>25</td>
<td>testcase_demo.Verify_Forestry1@3701eaf6</td></tr>
<tr>
<td title='testcase_demo.Verify_GIS1.testHomePage()'><b>testHomePage</b><br>Test class: testcase_demo.Verify_GIS1</td>
<td></td>
<td>17</td>
<td>testcase_demo.Verify_GIS1@6fc6f14e</td></tr>
<tr>
<td title='testcase_demo.Verify_HealthyForestsReserveProgram1.testHomePage()'><b>testHomePage</b><br>Test class: testcase_demo.Verify_HealthyForestsReserveProgram1</td>
<td></td>
<td>13</td>
<td>testcase_demo.Verify_HealthyForestsReserveProgram1@731a74c</td></tr>
<tr>
<td title='testcase_demo.Verify_Help.testHomePage()'><b>testHomePage</b><br>Test class: testcase_demo.Verify_Help</td>
<td></td>
<td>11</td>
<td>testcase_demo.Verify_Help@3108bc</td></tr>
<tr>
<td title='testcase_demo.Verify_HomePage1.testHomePage()'><b>testHomePage</b><br>Test class: testcase_demo.Verify_HomePage1</td>
<td></td>
<td>17</td>
<td>testcase_demo.Verify_HomePage1@6321e813</td></tr>
<tr>
<td title='testcase_demo.Verify_InvasiveSpecies1.testHomePage()'><b>testHomePage</b><br>Test class: testcase_demo.Verify_InvasiveSpecies1</td>
<td></td>
<td>20</td>
<td>testcase_demo.Verify_InvasiveSpecies1@610694f1</td></tr>
<tr>
<td title='testcase_demo.Verify_LandscapeInitiatives1.testHomePage()'><b>testHomePage</b><br>Test class: testcase_demo.Verify_LandscapeInitiatives1</td>
<td></td>
<td>12</td>
<td>testcase_demo.Verify_LandscapeInitiatives1@18eed359</td></tr>
<tr>
<td title='testcase_demo.Verify_LandscapePlanning1.testHomePage()'><b>testHomePage</b><br>Test class: testcase_demo.Verify_LandscapePlanning1</td>
<td></td>
<td>17</td>
<td>testcase_demo.Verify_LandscapePlanning1@22a67b4</td></tr>
<tr>
<td title='testcase_demo.Verify_LandUse1.testHomePage()'><b>testHomePage</b><br>Test class: testcase_demo.Verify_LandUse1</td>
<td></td>
<td>17</td>
<td>testcase_demo.Verify_LandUse1@61f8bee4</td></tr>
<tr>
<td title='testcase_demo.Verify_LocalServiceCenters1.testHomePage()'><b>testHomePage</b><br>Test class: testcase_demo.Verify_LocalServiceCenters1</td>
<td></td>
<td>9</td>
<td>testcase_demo.Verify_LocalServiceCenters1@71318ec4</td></tr>
<tr>
<td title='testcase_demo.Verify_ManureManagement1.testHomePage()'><b>testHomePage</b><br>Test class: testcase_demo.Verify_ManureManagement1</td>
<td></td>
<td>19</td>
<td>testcase_demo.Verify_ManureManagement1@5383967b</td></tr>
<tr>
<td title='testcase_demo.Verify_NationalResourcesInventory1.testHomePage()'><b>testHomePage</b><br>Test class: testcase_demo.Verify_NationalResourcesInventory1</td>
<td></td>
<td>19</td>
<td>testcase_demo.Verify_NationalResourcesInventory1@65e2dbf3</td></tr>
<tr>
<td title='testcase_demo.Verify_NewsReleases1.testHomePage()'><b>testHomePage</b><br>Test class: testcase_demo.Verify_NewsReleases1</td>
<td></td>
<td>10</td>
<td>testcase_demo.Verify_NewsReleases1@13a5fe33</td></tr>
<tr>
<td title='testcase_demo.Verify_Newsroom1.testHomePage()'><b>testHomePage</b><br>Test class: testcase_demo.Verify_Newsroom1</td>
<td></td>
<td>10</td>
<td>testcase_demo.Verify_Newsroom1@6325a3ee</td></tr>
<tr>
<td title='testcase_demo.Verify_NRCSEmployees1.testHomePage()'><b>testHomePage</b><br>Test class: testcase_demo.Verify_NRCSEmployees1</td>
<td></td>
<td>8</td>
<td>testcase_demo.Verify_NRCSEmployees1@192b07fd</td></tr>
<tr>
<td title='testcase_demo.Verify_NutrientManagement1.testHomePage()'><b>testHomePage</b><br>Test class: testcase_demo.Verify_NutrientManagement1</td>
<td></td>
<td>22</td>
<td>testcase_demo.Verify_NutrientManagement1@5a8e6209</td></tr>
<tr>
<td title='testcase_demo.Verify_OutreachAdvocacy1.testHomePage()'><b>testHomePage</b><br>Test class: testcase_demo.Verify_OutreachAdvocacy1</td>
<td></td>
<td>6</td>
<td>testcase_demo.Verify_OutreachAdvocacy1@3a5ed7a6</td></tr>
<tr>
<td title='testcase_demo.Verify_Partners1.testHomePage()'><b>testHomePage</b><br>Test class: testcase_demo.Verify_Partners1</td>
<td></td>
<td>22</td>
<td>testcase_demo.Verify_Partners1@23e028a9</td></tr>
<tr>
<td title='testcase_demo.Verify_People1.testHomePage()'><b>testHomePage</b><br>Test class: testcase_demo.Verify_People1</td>
<td></td>
<td>10</td>
<td>testcase_demo.Verify_People1@43814d18</td></tr>
<tr>
<td title='testcase_demo.Verify_PestManagement1.testHomePage()'><b>testHomePage</b><br>Test class: testcase_demo.Verify_PestManagement1</td>
<td></td>
<td>19</td>
<td>testcase_demo.Verify_PestManagement1@551aa95a</td></tr>
<tr>
<td title='testcase_demo.Verify_PhotosandVideos1.testHomePage()'><b>testHomePage</b><br>Test class: testcase_demo.Verify_PhotosandVideos1</td>
<td></td>
<td>8</td>
<td>testcase_demo.Verify_PhotosandVideos1@7d907bac</td></tr>
<tr>
<td title='testcase_demo.Verify_PlantsAnimals1.testHomePage()'><b>testHomePage</b><br>Test class: testcase_demo.Verify_PlantsAnimals1</td>
<td></td>
<td>3</td>
<td>testcase_demo.Verify_PlantsAnimals1@56235b8e</td></tr>
<tr>
<td title='testcase_demo.Verify_Programs1.testHomePage()'><b>testHomePage</b><br>Test class: testcase_demo.Verify_Programs1</td>
<td></td>
<td>19</td>
<td>testcase_demo.Verify_Programs1@50b494a6</td></tr>
<tr>
<td title='testcase_demo.Verify_PublicationsFactSheets1.testHomePage()'><b>testHomePage</b><br>Test class: testcase_demo.Verify_PublicationsFactSheets1</td>
<td></td>
<td>25</td>
<td>testcase_demo.Verify_PublicationsFactSheets1@4b4523f8</td></tr>
<tr>
<td title='testcase_demo.Verify_PublicNotices1.testHomePage()'><b>testHomePage</b><br>Test class: testcase_demo.Verify_PublicNotices1</td>
<td></td>
<td>8</td>
<td>testcase_demo.Verify_PublicNotices1@20398b7c</td></tr>
<tr>
<td title='testcase_demo.Verify_RangePasture1.testHomePage()'><b>testHomePage</b><br>Test class: testcase_demo.Verify_RangePasture1</td>
<td></td>
<td>4</td>
<td>testcase_demo.Verify_RangePasture1@3dd4520b</td></tr>
<tr>
<td title='testcase_demo.Verify_RapidWatershedAssessment1.testHomePage()'><b>testHomePage</b><br>Test class: testcase_demo.Verify_RapidWatershedAssessment1</td>
<td></td>
<td>15</td>
<td>testcase_demo.Verify_RapidWatershedAssessment1@6b09bb57</td></tr>
<tr>
<td title='testcase_demo.Verify_RegionalConservationPartnershipProgram1.testHomePage()'><b>testHomePage</b><br>Test class: testcase_demo.Verify_RegionalConservationPartnershipProgram1</td>
<td></td>
<td>18</td>
<td>testcase_demo.Verify_RegionalConservationPartnershipProgram1@3327bd23</td></tr>
<tr>
<td title='testcase_demo.Verify_Reservoirs1.testHomePage()'><b>testHomePage</b><br>Test class: testcase_demo.Verify_Reservoirs1</td>
<td></td>
<td>3</td>
<td>testcase_demo.Verify_Reservoirs1@eec5a4a</td></tr>
<tr>
<td title='testcase_demo.Verify_SiteMetadataInformation1.testHomePage()'><b>testHomePage</b><br>Test class: testcase_demo.Verify_SiteMetadataInformation1</td>
<td></td>
<td>16</td>
<td>testcase_demo.Verify_SiteMetadataInformation1@3e9b1010</td></tr>
<tr>
<td title='testcase_demo.Verify_SmallLimitedandBeginningFarmersRanchers1.testHomePage()'><b>testHomePage</b><br>Test class: testcase_demo.Verify_SmallLimitedandBeginningFarmersRanchers1</td>
<td></td>
<td>7</td>
<td>testcase_demo.Verify_SmallLimitedandBeginningFarmersRanchers1@2758fe70</td></tr>
<tr>
<td title='testcase_demo.Verify_SnowSurvey1.testHomePage()'><b>testHomePage</b><br>Test class: testcase_demo.Verify_SnowSurvey1</td>
<td></td>
<td>36</td>
<td>testcase_demo.Verify_SnowSurvey1@5bc79255</td></tr>
<tr>
<td title='testcase_demo.Verify_SnowSurveyProducts1.testHomePage()'><b>testHomePage</b><br>Test class: testcase_demo.Verify_SnowSurveyProducts1</td>
<td></td>
<td>10</td>
<td>testcase_demo.Verify_SnowSurveyProducts1@67784306</td></tr>
<tr>
<td title='testcase_demo.Verify_SoilHealth1.testHomePage()'><b>testHomePage</b><br>Test class: testcase_demo.Verify_SoilHealth1</td>
<td></td>
<td>12</td>
<td>testcase_demo.Verify_SoilHealth1@66480dd7</td></tr>
<tr>
<td title='testcase_demo.Verify_Soils1.testHomePage()'><b>testHomePage</b><br>Test class: testcase_demo.Verify_Soils1</td>
<td></td>
<td>4</td>
<td>testcase_demo.Verify_Soils1@5ce81285</td></tr>
<tr>
<td title='testcase_demo.Verify_SoilSurveys1.testHomePage()'><b>testHomePage</b><br>Test class: testcase_demo.Verify_SoilSurveys1</td>
<td></td>
<td>21</td>
<td>testcase_demo.Verify_SoilSurveys1@520a3426</td></tr>
<tr>
<td title='testcase_demo.Verify_SpecialEmphasisPrograms1.testHomePage()'><b>testHomePage</b><br>Test class: testcase_demo.Verify_SpecialEmphasisPrograms1</td>
<td></td>
<td>7</td>
<td>testcase_demo.Verify_SpecialEmphasisPrograms1@2ac273d3</td></tr>
<tr>
<td title='testcase_demo.Verify_StateOffice1.testHomePage()'><b>testHomePage</b><br>Test class: testcase_demo.Verify_StateOffice1</td>
<td></td>
<td>4</td>
<td>testcase_demo.Verify_StateOffice1@5ec0a365</td></tr>
<tr>
<td title='testcase_demo.Verify_StateTechnicalCommittee1.testHomePage()'><b>testHomePage</b><br>Test class: testcase_demo.Verify_StateTechnicalCommittee1</td>
<td></td>
<td>23</td>
<td>testcase_demo.Verify_StateTechnicalCommittee1@4973813a</td></tr>
<tr>
<td title='testcase_demo.Verify_STCAgenda1.testHomePage()'><b>testHomePage</b><br>Test class: testcase_demo.Verify_STCAgenda1</td>
<td></td>
<td>15</td>
<td>testcase_demo.Verify_STCAgenda1@6c3708b3</td></tr>
<tr>
<td title='testcase_demo.Verify_STCMinutes1.testHomePage()'><b>testHomePage</b><br>Test class: testcase_demo.Verify_STCMinutes1</td>
<td></td>
<td>15</td>
<td>testcase_demo.Verify_STCMinutes1@5ae63ade</td></tr>
<tr>
<td title='testcase_demo.Verify_SuccessStories1.testHomePage()'><b>testHomePage</b><br>Test class: testcase_demo.Verify_SuccessStories1</td>
<td></td>
<td>7</td>
<td>testcase_demo.Verify_SuccessStories1@7fac631b</td></tr>
<tr>
<td title='testcase_demo.Verify_SurfaceWaterSupplyIndex1.testHomePage()'><b>testHomePage</b><br>Test class: testcase_demo.Verify_SurfaceWaterSupplyIndex1</td>
<td></td>
<td>4</td>
<td>testcase_demo.Verify_SurfaceWaterSupplyIndex1@cd2dae5</td></tr>
<tr>
<td title='testcase_demo.Verify_TeachersandStudents1.testHomePage()'><b>testHomePage</b><br>Test class: testcase_demo.Verify_TeachersandStudents1</td>
<td></td>
<td>7</td>
<td>testcase_demo.Verify_TeachersandStudents1@52a86356</td></tr>
<tr>
<td title='testcase_demo.Verify_TechnicalResources1.testHomePage()'><b>testHomePage</b><br>Test class: testcase_demo.Verify_TechnicalResources1</td>
<td></td>
<td>24</td>
<td>testcase_demo.Verify_TechnicalResources1@6d7b4f4c</td></tr>
<tr>
<td title='testcase_demo.Verify_TechnicalServiceProviders1.testHomePage()'><b>testHomePage</b><br>Test class: testcase_demo.Verify_TechnicalServiceProviders1</td>
<td></td>
<td>16</td>
<td>testcase_demo.Verify_TechnicalServiceProviders1@4e9ba398</td></tr>
<tr>
<td title='testcase_demo.Verify_ThreatenedEndangeredSpecies1.testHomePage()'><b>testHomePage</b><br>Test class: testcase_demo.Verify_ThreatenedEndangeredSpecies1</td>
<td></td>
<td>16</td>
<td>testcase_demo.Verify_ThreatenedEndangeredSpecies1@578486a3</td></tr>
<tr>
<td title='testcase_demo.Verify_TribalAssistance1.testHomePage()'><b>testHomePage</b><br>Test class: testcase_demo.Verify_TribalAssistance1</td>
<td></td>
<td>7</td>
<td>testcase_demo.Verify_TribalAssistance1@7b49cea0</td></tr>
<tr>
<td title='testcase_demo.Verify_Volunteers1.testHomePage()'><b>testHomePage</b><br>Test class: testcase_demo.Verify_Volunteers1</td>
<td></td>
<td>6</td>
<td>testcase_demo.Verify_Volunteers1@49fc609f</td></tr>
<tr>
<td title='testcase_demo.Verify_Water1.testHomePage()'><b>testHomePage</b><br>Test class: testcase_demo.Verify_Water1</td>
<td></td>
<td>4</td>
<td>testcase_demo.Verify_Water1@5b87ed94</td></tr>
<tr>
<td title='testcase_demo.Verify_WaterResources1.testHomePage()'><b>testHomePage</b><br>Test class: testcase_demo.Verify_WaterResources1</td>
<td></td>
<td>5</td>
<td>testcase_demo.Verify_WaterResources1@5f9d02cb</td></tr>
<tr>
<td title='testcase_demo.Verify_WatershedOperations1.testHomePage()'><b>testHomePage</b><br>Test class: testcase_demo.Verify_WatershedOperations1</td>
<td></td>
<td>4</td>
<td>testcase_demo.Verify_WatershedOperations1@185d8b6</td></tr>
<tr>
<td title='testcase_demo.Verify_WatershedProtectionandFloodPreventionProgram1.testHomePage()'><b>testHomePage</b><br>Test class: testcase_demo.Verify_WatershedProtectionandFloodPreventionProgram1</td>
<td></td>
<td>4</td>
<td>testcase_demo.Verify_WatershedProtectionandFloodPreventionProgram1@1d16f93d</td></tr>
<tr>
<td title='testcase_demo.Verify_WatershedRehabilitation1.testHomePage()'><b>testHomePage</b><br>Test class: testcase_demo.Verify_WatershedRehabilitation1</td>
<td></td>
<td>5</td>
<td>testcase_demo.Verify_WatershedRehabilitation1@370736d9</td></tr>
<tr>
<td title='testcase_demo.Verify_WaterSheds1.testHomePage()'><b>testHomePage</b><br>Test class: testcase_demo.Verify_WaterSheds1</td>
<td></td>
<td>3</td>
<td>testcase_demo.Verify_WaterSheds1@6e6c3152</td></tr>
<tr>
<td title='testcase_demo.Verify_WatershedSurveysandPlanning1.testHomePage()'><b>testHomePage</b><br>Test class: testcase_demo.Verify_WatershedSurveysandPlanning1</td>
<td></td>
<td>4</td>
<td>testcase_demo.Verify_WatershedSurveysandPlanning1@47ef968d</td></tr>
<tr>
<td title='testcase_demo.Verify_WaterSupply1.testHomePage()'><b>testHomePage</b><br>Test class: testcase_demo.Verify_WaterSupply1</td>
<td></td>
<td>6</td>
<td>testcase_demo.Verify_WaterSupply1@369f73a2</td></tr>
<tr>
<td title='testcase_demo.Verify_WaterSupplyProducts1.testHomePage()'><b>testHomePage</b><br>Test class: testcase_demo.Verify_WaterSupplyProducts1</td>
<td></td>
<td>30</td>
<td>testcase_demo.Verify_WaterSupplyProducts1@6ddf90b0</td></tr>
</table><p>
<table width='100%' border='1' class='invocation-skipped'>
<tr><td colspan='4' align='center'><b>SKIPPED TESTS</b></td></tr>
<tr><td><b>Test method</b></td>
<td width="30%"><b>Exception</b></td>
<td width="10%"><b>Time (seconds)</b></td>
<td><b>Instance</b></td>
</tr>
<tr>
<td title='testcase_demo.Verify_AboutUs1.testHomePage()'><b>testHomePage</b><br>Test class: testcase_demo.Verify_AboutUs1</td>
<td></td>
<td>0</td>
<td>testcase_demo.Verify_AboutUs1@1dfe2924</td></tr>
</table><p>
</body>
</html>